[2025-03-20T00:00:32.990+0000] {processor.py:186} INFO - Started process (PID=22235) to work on /opt/airflow/dags/dbtsnow.py
[2025-03-20T00:00:32.997+0000] {processor.py:914} INFO - Processing file /opt/airflow/dags/dbtsnow.py for tasks to queue
[2025-03-20T00:00:33.003+0000] {logging_mixin.py:190} INFO - [2025-03-20T00:00:33.003+0000] {dagbag.py:588} INFO - Filling up the DagBag from /opt/airflow/dags/dbtsnow.py
[2025-03-20T00:00:33.369+0000] {processor.py:925} INFO - DAG(s) 'dbt_dag' retrieved from /opt/airflow/dags/dbtsnow.py
[2025-03-20T00:00:34.297+0000] {logging_mixin.py:190} INFO - [2025-03-20T00:00:34.296+0000] {dag.py:3239} INFO - Sync 1 DAGs
[2025-03-20T00:00:34.601+0000] {logging_mixin.py:190} INFO - [2025-03-20T00:00:34.601+0000] {dag.py:4180} INFO - Setting next_dagrun for dbt_dag to 2025-03-20 00:00:00+00:00, run_after=2025-03-21 00:00:00+00:00
[2025-03-20T00:00:34.968+0000] {processor.py:208} INFO - Processing /opt/airflow/dags/dbtsnow.py took 2.000 seconds
[2025-03-20T00:01:16.934+0000] {processor.py:186} INFO - Started process (PID=22300) to work on /opt/airflow/dags/dbtsnow.py
[2025-03-20T00:01:16.935+0000] {processor.py:914} INFO - Processing file /opt/airflow/dags/dbtsnow.py for tasks to queue
[2025-03-20T00:01:16.938+0000] {logging_mixin.py:190} INFO - [2025-03-20T00:01:16.937+0000] {dagbag.py:588} INFO - Filling up the DagBag from /opt/airflow/dags/dbtsnow.py
[2025-03-20T00:01:17.019+0000] {processor.py:925} INFO - DAG(s) 'dbt_dag' retrieved from /opt/airflow/dags/dbtsnow.py
[2025-03-20T00:01:17.076+0000] {logging_mixin.py:190} INFO - [2025-03-20T00:01:17.076+0000] {dag.py:3239} INFO - Sync 1 DAGs
[2025-03-20T00:01:17.242+0000] {logging_mixin.py:190} INFO - [2025-03-20T00:01:17.241+0000] {dag.py:4180} INFO - Setting next_dagrun for dbt_dag to 2025-03-20 00:00:00+00:00, run_after=2025-03-21 00:00:00+00:00
[2025-03-20T00:01:17.353+0000] {processor.py:208} INFO - Processing /opt/airflow/dags/dbtsnow.py took 0.466 seconds
[2025-03-20T00:01:48.550+0000] {processor.py:186} INFO - Started process (PID=22358) to work on /opt/airflow/dags/dbtsnow.py
[2025-03-20T00:01:48.570+0000] {processor.py:914} INFO - Processing file /opt/airflow/dags/dbtsnow.py for tasks to queue
[2025-03-20T00:01:48.586+0000] {logging_mixin.py:190} INFO - [2025-03-20T00:01:48.585+0000] {dagbag.py:588} INFO - Filling up the DagBag from /opt/airflow/dags/dbtsnow.py
[2025-03-20T00:01:49.115+0000] {processor.py:925} INFO - DAG(s) 'dbt_dag' retrieved from /opt/airflow/dags/dbtsnow.py
[2025-03-20T00:01:49.249+0000] {logging_mixin.py:190} INFO - [2025-03-20T00:01:49.248+0000] {dag.py:3239} INFO - Sync 1 DAGs
[2025-03-20T00:01:49.466+0000] {logging_mixin.py:190} INFO - [2025-03-20T00:01:49.465+0000] {dag.py:4180} INFO - Setting next_dagrun for dbt_dag to 2025-03-20 00:00:00+00:00, run_after=2025-03-21 00:00:00+00:00
[2025-03-20T00:01:49.836+0000] {processor.py:208} INFO - Processing /opt/airflow/dags/dbtsnow.py took 1.308 seconds
[2025-03-20T00:02:34.700+0000] {processor.py:186} INFO - Started process (PID=22429) to work on /opt/airflow/dags/dbtsnow.py
[2025-03-20T00:02:34.702+0000] {processor.py:914} INFO - Processing file /opt/airflow/dags/dbtsnow.py for tasks to queue
[2025-03-20T00:02:34.717+0000] {logging_mixin.py:190} INFO - [2025-03-20T00:02:34.717+0000] {dagbag.py:588} INFO - Filling up the DagBag from /opt/airflow/dags/dbtsnow.py
[2025-03-20T00:02:34.946+0000] {processor.py:925} INFO - DAG(s) 'dbt_dag' retrieved from /opt/airflow/dags/dbtsnow.py
[2025-03-20T00:02:35.065+0000] {logging_mixin.py:190} INFO - [2025-03-20T00:02:35.050+0000] {dag.py:3239} INFO - Sync 1 DAGs
[2025-03-20T00:02:35.346+0000] {logging_mixin.py:190} INFO - [2025-03-20T00:02:35.346+0000] {dag.py:4180} INFO - Setting next_dagrun for dbt_dag to 2025-03-20 00:00:00+00:00, run_after=2025-03-21 00:00:00+00:00
[2025-03-20T00:02:35.694+0000] {processor.py:208} INFO - Processing /opt/airflow/dags/dbtsnow.py took 1.041 seconds
[2025-03-20T00:03:05.863+0000] {processor.py:186} INFO - Started process (PID=22499) to work on /opt/airflow/dags/dbtsnow.py
[2025-03-20T00:03:05.864+0000] {processor.py:914} INFO - Processing file /opt/airflow/dags/dbtsnow.py for tasks to queue
[2025-03-20T00:03:05.866+0000] {logging_mixin.py:190} INFO - [2025-03-20T00:03:05.865+0000] {dagbag.py:588} INFO - Filling up the DagBag from /opt/airflow/dags/dbtsnow.py
[2025-03-20T00:03:05.895+0000] {processor.py:925} INFO - DAG(s) 'dbt_dag' retrieved from /opt/airflow/dags/dbtsnow.py
[2025-03-20T00:03:05.916+0000] {logging_mixin.py:190} INFO - [2025-03-20T00:03:05.916+0000] {dag.py:3239} INFO - Sync 1 DAGs
[2025-03-20T00:03:05.948+0000] {logging_mixin.py:190} INFO - [2025-03-20T00:03:05.947+0000] {dag.py:4180} INFO - Setting next_dagrun for dbt_dag to 2025-03-20 00:00:00+00:00, run_after=2025-03-21 00:00:00+00:00
[2025-03-20T00:03:05.977+0000] {processor.py:208} INFO - Processing /opt/airflow/dags/dbtsnow.py took 0.120 seconds
[2025-03-20T00:03:36.205+0000] {processor.py:186} INFO - Started process (PID=22566) to work on /opt/airflow/dags/dbtsnow.py
[2025-03-20T00:03:36.210+0000] {processor.py:914} INFO - Processing file /opt/airflow/dags/dbtsnow.py for tasks to queue
[2025-03-20T00:03:36.217+0000] {logging_mixin.py:190} INFO - [2025-03-20T00:03:36.217+0000] {dagbag.py:588} INFO - Filling up the DagBag from /opt/airflow/dags/dbtsnow.py
[2025-03-20T00:03:36.250+0000] {processor.py:925} INFO - DAG(s) 'dbt_dag' retrieved from /opt/airflow/dags/dbtsnow.py
[2025-03-20T00:03:36.279+0000] {logging_mixin.py:190} INFO - [2025-03-20T00:03:36.279+0000] {dag.py:3239} INFO - Sync 1 DAGs
[2025-03-20T00:03:36.338+0000] {logging_mixin.py:190} INFO - [2025-03-20T00:03:36.337+0000] {dag.py:4180} INFO - Setting next_dagrun for dbt_dag to 2025-03-20 00:00:00+00:00, run_after=2025-03-21 00:00:00+00:00
[2025-03-20T00:03:36.380+0000] {processor.py:208} INFO - Processing /opt/airflow/dags/dbtsnow.py took 0.185 seconds
[2025-03-20T00:04:08.489+0000] {processor.py:186} INFO - Started process (PID=22635) to work on /opt/airflow/dags/dbtsnow.py
[2025-03-20T00:04:08.490+0000] {processor.py:914} INFO - Processing file /opt/airflow/dags/dbtsnow.py for tasks to queue
[2025-03-20T00:04:08.492+0000] {logging_mixin.py:190} INFO - [2025-03-20T00:04:08.492+0000] {dagbag.py:588} INFO - Filling up the DagBag from /opt/airflow/dags/dbtsnow.py
[2025-03-20T00:04:08.519+0000] {processor.py:925} INFO - DAG(s) 'dbt_dag' retrieved from /opt/airflow/dags/dbtsnow.py
[2025-03-20T00:04:08.558+0000] {logging_mixin.py:190} INFO - [2025-03-20T00:04:08.558+0000] {dag.py:3239} INFO - Sync 1 DAGs
[2025-03-20T00:04:08.683+0000] {logging_mixin.py:190} INFO - [2025-03-20T00:04:08.682+0000] {dag.py:4180} INFO - Setting next_dagrun for dbt_dag to 2025-03-20 00:00:00+00:00, run_after=2025-03-21 00:00:00+00:00
[2025-03-20T00:04:08.748+0000] {processor.py:208} INFO - Processing /opt/airflow/dags/dbtsnow.py took 0.268 seconds
[2025-03-20T00:04:39.308+0000] {processor.py:186} INFO - Started process (PID=22702) to work on /opt/airflow/dags/dbtsnow.py
[2025-03-20T00:04:39.311+0000] {processor.py:914} INFO - Processing file /opt/airflow/dags/dbtsnow.py for tasks to queue
[2025-03-20T00:04:39.317+0000] {logging_mixin.py:190} INFO - [2025-03-20T00:04:39.316+0000] {dagbag.py:588} INFO - Filling up the DagBag from /opt/airflow/dags/dbtsnow.py
[2025-03-20T00:04:39.365+0000] {processor.py:925} INFO - DAG(s) 'dbt_dag' retrieved from /opt/airflow/dags/dbtsnow.py
[2025-03-20T00:04:39.398+0000] {logging_mixin.py:190} INFO - [2025-03-20T00:04:39.397+0000] {dag.py:3239} INFO - Sync 1 DAGs
[2025-03-20T00:04:39.456+0000] {logging_mixin.py:190} INFO - [2025-03-20T00:04:39.456+0000] {dag.py:4180} INFO - Setting next_dagrun for dbt_dag to 2025-03-20 00:00:00+00:00, run_after=2025-03-21 00:00:00+00:00
[2025-03-20T00:04:39.500+0000] {processor.py:208} INFO - Processing /opt/airflow/dags/dbtsnow.py took 0.214 seconds
[2025-03-20T00:05:09.982+0000] {processor.py:186} INFO - Started process (PID=22770) to work on /opt/airflow/dags/dbtsnow.py
[2025-03-20T00:05:09.984+0000] {processor.py:914} INFO - Processing file /opt/airflow/dags/dbtsnow.py for tasks to queue
[2025-03-20T00:05:09.987+0000] {logging_mixin.py:190} INFO - [2025-03-20T00:05:09.986+0000] {dagbag.py:588} INFO - Filling up the DagBag from /opt/airflow/dags/dbtsnow.py
[2025-03-20T00:05:10.042+0000] {processor.py:925} INFO - DAG(s) 'dbt_dag' retrieved from /opt/airflow/dags/dbtsnow.py
[2025-03-20T00:05:10.131+0000] {logging_mixin.py:190} INFO - [2025-03-20T00:05:10.130+0000] {dag.py:3239} INFO - Sync 1 DAGs
[2025-03-20T00:05:10.204+0000] {logging_mixin.py:190} INFO - [2025-03-20T00:05:10.203+0000] {dag.py:4180} INFO - Setting next_dagrun for dbt_dag to 2025-03-20 00:00:00+00:00, run_after=2025-03-21 00:00:00+00:00
[2025-03-20T00:05:10.611+0000] {processor.py:208} INFO - Processing /opt/airflow/dags/dbtsnow.py took 0.648 seconds
[2025-03-20T00:05:40.969+0000] {processor.py:186} INFO - Started process (PID=22838) to work on /opt/airflow/dags/dbtsnow.py
[2025-03-20T00:05:40.983+0000] {processor.py:914} INFO - Processing file /opt/airflow/dags/dbtsnow.py for tasks to queue
[2025-03-20T00:05:40.986+0000] {logging_mixin.py:190} INFO - [2025-03-20T00:05:40.986+0000] {dagbag.py:588} INFO - Filling up the DagBag from /opt/airflow/dags/dbtsnow.py
[2025-03-20T00:05:41.032+0000] {processor.py:925} INFO - DAG(s) 'dbt_dag' retrieved from /opt/airflow/dags/dbtsnow.py
[2025-03-20T00:05:41.081+0000] {logging_mixin.py:190} INFO - [2025-03-20T00:05:41.080+0000] {dag.py:3239} INFO - Sync 1 DAGs
[2025-03-20T00:05:41.131+0000] {logging_mixin.py:190} INFO - [2025-03-20T00:05:41.131+0000] {dag.py:4180} INFO - Setting next_dagrun for dbt_dag to 2025-03-20 00:00:00+00:00, run_after=2025-03-21 00:00:00+00:00
[2025-03-20T00:05:41.210+0000] {processor.py:208} INFO - Processing /opt/airflow/dags/dbtsnow.py took 0.262 seconds
[2025-03-20T00:06:14.394+0000] {processor.py:186} INFO - Started process (PID=22907) to work on /opt/airflow/dags/dbtsnow.py
[2025-03-20T00:06:14.395+0000] {processor.py:914} INFO - Processing file /opt/airflow/dags/dbtsnow.py for tasks to queue
[2025-03-20T00:06:14.398+0000] {logging_mixin.py:190} INFO - [2025-03-20T00:06:14.397+0000] {dagbag.py:588} INFO - Filling up the DagBag from /opt/airflow/dags/dbtsnow.py
[2025-03-20T00:06:14.441+0000] {processor.py:925} INFO - DAG(s) 'dbt_dag' retrieved from /opt/airflow/dags/dbtsnow.py
[2025-03-20T00:06:14.518+0000] {logging_mixin.py:190} INFO - [2025-03-20T00:06:14.518+0000] {dag.py:3239} INFO - Sync 1 DAGs
[2025-03-20T00:06:14.613+0000] {logging_mixin.py:190} INFO - [2025-03-20T00:06:14.611+0000] {dag.py:4180} INFO - Setting next_dagrun for dbt_dag to 2025-03-20 00:00:00+00:00, run_after=2025-03-21 00:00:00+00:00
[2025-03-20T00:06:14.700+0000] {processor.py:208} INFO - Processing /opt/airflow/dags/dbtsnow.py took 0.330 seconds
[2025-03-20T00:06:47.131+0000] {processor.py:186} INFO - Started process (PID=22976) to work on /opt/airflow/dags/dbtsnow.py
[2025-03-20T00:06:47.133+0000] {processor.py:914} INFO - Processing file /opt/airflow/dags/dbtsnow.py for tasks to queue
[2025-03-20T00:06:47.138+0000] {logging_mixin.py:190} INFO - [2025-03-20T00:06:47.137+0000] {dagbag.py:588} INFO - Filling up the DagBag from /opt/airflow/dags/dbtsnow.py
[2025-03-20T00:06:47.215+0000] {processor.py:925} INFO - DAG(s) 'dbt_dag' retrieved from /opt/airflow/dags/dbtsnow.py
[2025-03-20T00:06:47.271+0000] {logging_mixin.py:190} INFO - [2025-03-20T00:06:47.271+0000] {dag.py:3239} INFO - Sync 1 DAGs
[2025-03-20T00:06:47.380+0000] {logging_mixin.py:190} INFO - [2025-03-20T00:06:47.378+0000] {dag.py:4180} INFO - Setting next_dagrun for dbt_dag to 2025-03-20 00:00:00+00:00, run_after=2025-03-21 00:00:00+00:00
[2025-03-20T00:06:47.457+0000] {processor.py:208} INFO - Processing /opt/airflow/dags/dbtsnow.py took 0.344 seconds
[2025-03-20T00:07:19.793+0000] {processor.py:186} INFO - Started process (PID=23045) to work on /opt/airflow/dags/dbtsnow.py
[2025-03-20T00:07:19.795+0000] {processor.py:914} INFO - Processing file /opt/airflow/dags/dbtsnow.py for tasks to queue
[2025-03-20T00:07:19.798+0000] {logging_mixin.py:190} INFO - [2025-03-20T00:07:19.797+0000] {dagbag.py:588} INFO - Filling up the DagBag from /opt/airflow/dags/dbtsnow.py
[2025-03-20T00:07:19.830+0000] {processor.py:925} INFO - DAG(s) 'dbt_dag' retrieved from /opt/airflow/dags/dbtsnow.py
[2025-03-20T00:07:19.864+0000] {logging_mixin.py:190} INFO - [2025-03-20T00:07:19.864+0000] {dag.py:3239} INFO - Sync 1 DAGs
[2025-03-20T00:07:19.919+0000] {logging_mixin.py:190} INFO - [2025-03-20T00:07:19.919+0000] {dag.py:4180} INFO - Setting next_dagrun for dbt_dag to 2025-03-20 00:00:00+00:00, run_after=2025-03-21 00:00:00+00:00
[2025-03-20T00:07:19.955+0000] {processor.py:208} INFO - Processing /opt/airflow/dags/dbtsnow.py took 0.175 seconds
[2025-03-20T00:07:50.960+0000] {processor.py:186} INFO - Started process (PID=23114) to work on /opt/airflow/dags/dbtsnow.py
[2025-03-20T00:07:50.961+0000] {processor.py:914} INFO - Processing file /opt/airflow/dags/dbtsnow.py for tasks to queue
[2025-03-20T00:07:50.963+0000] {logging_mixin.py:190} INFO - [2025-03-20T00:07:50.962+0000] {dagbag.py:588} INFO - Filling up the DagBag from /opt/airflow/dags/dbtsnow.py
[2025-03-20T00:07:50.984+0000] {processor.py:925} INFO - DAG(s) 'dbt_dag' retrieved from /opt/airflow/dags/dbtsnow.py
[2025-03-20T00:07:51.007+0000] {logging_mixin.py:190} INFO - [2025-03-20T00:07:51.007+0000] {dag.py:3239} INFO - Sync 1 DAGs
[2025-03-20T00:07:51.037+0000] {logging_mixin.py:190} INFO - [2025-03-20T00:07:51.036+0000] {dag.py:4180} INFO - Setting next_dagrun for dbt_dag to 2025-03-20 00:00:00+00:00, run_after=2025-03-21 00:00:00+00:00
[2025-03-20T00:07:51.059+0000] {processor.py:208} INFO - Processing /opt/airflow/dags/dbtsnow.py took 0.108 seconds
[2025-03-20T00:08:22.731+0000] {processor.py:186} INFO - Started process (PID=23182) to work on /opt/airflow/dags/dbtsnow.py
[2025-03-20T00:08:22.733+0000] {processor.py:914} INFO - Processing file /opt/airflow/dags/dbtsnow.py for tasks to queue
[2025-03-20T00:08:22.734+0000] {logging_mixin.py:190} INFO - [2025-03-20T00:08:22.734+0000] {dagbag.py:588} INFO - Filling up the DagBag from /opt/airflow/dags/dbtsnow.py
[2025-03-20T00:08:22.772+0000] {processor.py:925} INFO - DAG(s) 'dbt_dag' retrieved from /opt/airflow/dags/dbtsnow.py
[2025-03-20T00:08:22.852+0000] {logging_mixin.py:190} INFO - [2025-03-20T00:08:22.852+0000] {dag.py:3239} INFO - Sync 1 DAGs
[2025-03-20T00:08:22.956+0000] {logging_mixin.py:190} INFO - [2025-03-20T00:08:22.956+0000] {dag.py:4180} INFO - Setting next_dagrun for dbt_dag to 2025-03-20 00:00:00+00:00, run_after=2025-03-21 00:00:00+00:00
[2025-03-20T00:08:22.989+0000] {processor.py:208} INFO - Processing /opt/airflow/dags/dbtsnow.py took 0.266 seconds
[2025-03-20T00:08:53.330+0000] {processor.py:186} INFO - Started process (PID=23249) to work on /opt/airflow/dags/dbtsnow.py
[2025-03-20T00:08:53.332+0000] {processor.py:914} INFO - Processing file /opt/airflow/dags/dbtsnow.py for tasks to queue
[2025-03-20T00:08:53.334+0000] {logging_mixin.py:190} INFO - [2025-03-20T00:08:53.334+0000] {dagbag.py:588} INFO - Filling up the DagBag from /opt/airflow/dags/dbtsnow.py
[2025-03-20T00:08:53.399+0000] {processor.py:925} INFO - DAG(s) 'dbt_dag' retrieved from /opt/airflow/dags/dbtsnow.py
[2025-03-20T00:08:53.499+0000] {logging_mixin.py:190} INFO - [2025-03-20T00:08:53.498+0000] {dag.py:3239} INFO - Sync 1 DAGs
[2025-03-20T00:08:53.858+0000] {logging_mixin.py:190} INFO - [2025-03-20T00:08:53.858+0000] {dag.py:4180} INFO - Setting next_dagrun for dbt_dag to 2025-03-20 00:00:00+00:00, run_after=2025-03-21 00:00:00+00:00
[2025-03-20T00:08:54.100+0000] {processor.py:208} INFO - Processing /opt/airflow/dags/dbtsnow.py took 0.783 seconds
[2025-03-20T00:09:24.572+0000] {processor.py:186} INFO - Started process (PID=23324) to work on /opt/airflow/dags/dbtsnow.py
[2025-03-20T00:09:24.575+0000] {processor.py:914} INFO - Processing file /opt/airflow/dags/dbtsnow.py for tasks to queue
[2025-03-20T00:09:24.579+0000] {logging_mixin.py:190} INFO - [2025-03-20T00:09:24.578+0000] {dagbag.py:588} INFO - Filling up the DagBag from /opt/airflow/dags/dbtsnow.py
[2025-03-20T00:09:24.822+0000] {processor.py:925} INFO - DAG(s) 'dbt_dag' retrieved from /opt/airflow/dags/dbtsnow.py
[2025-03-20T00:09:24.971+0000] {logging_mixin.py:190} INFO - [2025-03-20T00:09:24.971+0000] {dag.py:3239} INFO - Sync 1 DAGs
[2025-03-20T00:09:25.207+0000] {logging_mixin.py:190} INFO - [2025-03-20T00:09:25.206+0000] {dag.py:4180} INFO - Setting next_dagrun for dbt_dag to 2025-03-20 00:00:00+00:00, run_after=2025-03-21 00:00:00+00:00
[2025-03-20T00:09:25.520+0000] {processor.py:208} INFO - Processing /opt/airflow/dags/dbtsnow.py took 0.970 seconds
[2025-03-20T00:09:56.428+0000] {processor.py:186} INFO - Started process (PID=23392) to work on /opt/airflow/dags/dbtsnow.py
[2025-03-20T00:09:56.430+0000] {processor.py:914} INFO - Processing file /opt/airflow/dags/dbtsnow.py for tasks to queue
[2025-03-20T00:09:56.432+0000] {logging_mixin.py:190} INFO - [2025-03-20T00:09:56.431+0000] {dagbag.py:588} INFO - Filling up the DagBag from /opt/airflow/dags/dbtsnow.py
[2025-03-20T00:09:56.465+0000] {processor.py:925} INFO - DAG(s) 'dbt_dag' retrieved from /opt/airflow/dags/dbtsnow.py
[2025-03-20T00:09:56.493+0000] {logging_mixin.py:190} INFO - [2025-03-20T00:09:56.492+0000] {dag.py:3239} INFO - Sync 1 DAGs
[2025-03-20T00:09:56.556+0000] {logging_mixin.py:190} INFO - [2025-03-20T00:09:56.555+0000] {dag.py:4180} INFO - Setting next_dagrun for dbt_dag to 2025-03-20 00:00:00+00:00, run_after=2025-03-21 00:00:00+00:00
[2025-03-20T00:09:56.609+0000] {processor.py:208} INFO - Processing /opt/airflow/dags/dbtsnow.py took 0.191 seconds
[2025-03-20T00:10:26.877+0000] {processor.py:186} INFO - Started process (PID=23461) to work on /opt/airflow/dags/dbtsnow.py
[2025-03-20T00:10:26.879+0000] {processor.py:914} INFO - Processing file /opt/airflow/dags/dbtsnow.py for tasks to queue
[2025-03-20T00:10:26.881+0000] {logging_mixin.py:190} INFO - [2025-03-20T00:10:26.880+0000] {dagbag.py:588} INFO - Filling up the DagBag from /opt/airflow/dags/dbtsnow.py
[2025-03-20T00:10:26.903+0000] {processor.py:925} INFO - DAG(s) 'dbt_dag' retrieved from /opt/airflow/dags/dbtsnow.py
[2025-03-20T00:10:26.920+0000] {logging_mixin.py:190} INFO - [2025-03-20T00:10:26.920+0000] {dag.py:3239} INFO - Sync 1 DAGs
[2025-03-20T00:10:26.950+0000] {logging_mixin.py:190} INFO - [2025-03-20T00:10:26.950+0000] {dag.py:4180} INFO - Setting next_dagrun for dbt_dag to 2025-03-20 00:00:00+00:00, run_after=2025-03-21 00:00:00+00:00
[2025-03-20T00:10:27.007+0000] {processor.py:208} INFO - Processing /opt/airflow/dags/dbtsnow.py took 0.138 seconds
[2025-03-20T00:10:57.557+0000] {processor.py:186} INFO - Started process (PID=23515) to work on /opt/airflow/dags/dbtsnow.py
[2025-03-20T00:10:57.569+0000] {processor.py:914} INFO - Processing file /opt/airflow/dags/dbtsnow.py for tasks to queue
[2025-03-20T00:10:57.575+0000] {logging_mixin.py:190} INFO - [2025-03-20T00:10:57.574+0000] {dagbag.py:588} INFO - Filling up the DagBag from /opt/airflow/dags/dbtsnow.py
[2025-03-20T00:10:57.653+0000] {processor.py:925} INFO - DAG(s) 'dbt_dag' retrieved from /opt/airflow/dags/dbtsnow.py
[2025-03-20T00:10:57.716+0000] {logging_mixin.py:190} INFO - [2025-03-20T00:10:57.716+0000] {dag.py:3239} INFO - Sync 1 DAGs
[2025-03-20T00:10:57.794+0000] {logging_mixin.py:190} INFO - [2025-03-20T00:10:57.792+0000] {dag.py:4180} INFO - Setting next_dagrun for dbt_dag to 2025-03-20 00:00:00+00:00, run_after=2025-03-21 00:00:00+00:00
[2025-03-20T00:10:57.873+0000] {processor.py:208} INFO - Processing /opt/airflow/dags/dbtsnow.py took 0.339 seconds
[2025-03-20T00:11:31.235+0000] {processor.py:186} INFO - Started process (PID=23583) to work on /opt/airflow/dags/dbtsnow.py
[2025-03-20T00:11:31.245+0000] {processor.py:914} INFO - Processing file /opt/airflow/dags/dbtsnow.py for tasks to queue
[2025-03-20T00:11:31.250+0000] {logging_mixin.py:190} INFO - [2025-03-20T00:11:31.249+0000] {dagbag.py:588} INFO - Filling up the DagBag from /opt/airflow/dags/dbtsnow.py
[2025-03-20T00:11:31.306+0000] {processor.py:925} INFO - DAG(s) 'dbt_dag' retrieved from /opt/airflow/dags/dbtsnow.py
[2025-03-20T00:11:31.408+0000] {logging_mixin.py:190} INFO - [2025-03-20T00:11:31.408+0000] {dag.py:3239} INFO - Sync 1 DAGs
[2025-03-20T00:11:31.519+0000] {logging_mixin.py:190} INFO - [2025-03-20T00:11:31.518+0000] {dag.py:4180} INFO - Setting next_dagrun for dbt_dag to 2025-03-20 00:00:00+00:00, run_after=2025-03-21 00:00:00+00:00
[2025-03-20T00:11:31.617+0000] {processor.py:208} INFO - Processing /opt/airflow/dags/dbtsnow.py took 0.401 seconds
[2025-03-20T00:12:01.816+0000] {processor.py:186} INFO - Started process (PID=23652) to work on /opt/airflow/dags/dbtsnow.py
[2025-03-20T00:12:01.820+0000] {processor.py:914} INFO - Processing file /opt/airflow/dags/dbtsnow.py for tasks to queue
[2025-03-20T00:12:01.828+0000] {logging_mixin.py:190} INFO - [2025-03-20T00:12:01.827+0000] {dagbag.py:588} INFO - Filling up the DagBag from /opt/airflow/dags/dbtsnow.py
[2025-03-20T00:12:01.868+0000] {processor.py:925} INFO - DAG(s) 'dbt_dag' retrieved from /opt/airflow/dags/dbtsnow.py
[2025-03-20T00:12:01.928+0000] {logging_mixin.py:190} INFO - [2025-03-20T00:12:01.927+0000] {dag.py:3239} INFO - Sync 1 DAGs
[2025-03-20T00:12:02.044+0000] {logging_mixin.py:190} INFO - [2025-03-20T00:12:02.043+0000] {dag.py:4180} INFO - Setting next_dagrun for dbt_dag to 2025-03-20 00:00:00+00:00, run_after=2025-03-21 00:00:00+00:00
[2025-03-20T00:12:02.114+0000] {processor.py:208} INFO - Processing /opt/airflow/dags/dbtsnow.py took 0.316 seconds
[2025-03-20T00:12:34.160+0000] {processor.py:186} INFO - Started process (PID=23710) to work on /opt/airflow/dags/dbtsnow.py
[2025-03-20T00:12:34.162+0000] {processor.py:914} INFO - Processing file /opt/airflow/dags/dbtsnow.py for tasks to queue
[2025-03-20T00:12:34.174+0000] {logging_mixin.py:190} INFO - [2025-03-20T00:12:34.173+0000] {dagbag.py:588} INFO - Filling up the DagBag from /opt/airflow/dags/dbtsnow.py
[2025-03-20T00:12:34.264+0000] {processor.py:925} INFO - DAG(s) 'dbt_dag' retrieved from /opt/airflow/dags/dbtsnow.py
[2025-03-20T00:12:34.351+0000] {logging_mixin.py:190} INFO - [2025-03-20T00:12:34.341+0000] {dag.py:3239} INFO - Sync 1 DAGs
[2025-03-20T00:12:34.513+0000] {logging_mixin.py:190} INFO - [2025-03-20T00:12:34.513+0000] {dag.py:4180} INFO - Setting next_dagrun for dbt_dag to 2025-03-20 00:00:00+00:00, run_after=2025-03-21 00:00:00+00:00
[2025-03-20T00:12:34.624+0000] {processor.py:208} INFO - Processing /opt/airflow/dags/dbtsnow.py took 0.484 seconds
[2025-03-20T00:13:04.954+0000] {processor.py:186} INFO - Started process (PID=23779) to work on /opt/airflow/dags/dbtsnow.py
[2025-03-20T00:13:04.955+0000] {processor.py:914} INFO - Processing file /opt/airflow/dags/dbtsnow.py for tasks to queue
[2025-03-20T00:13:04.957+0000] {logging_mixin.py:190} INFO - [2025-03-20T00:13:04.957+0000] {dagbag.py:588} INFO - Filling up the DagBag from /opt/airflow/dags/dbtsnow.py
[2025-03-20T00:13:04.991+0000] {processor.py:925} INFO - DAG(s) 'dbt_dag' retrieved from /opt/airflow/dags/dbtsnow.py
[2025-03-20T00:13:05.036+0000] {logging_mixin.py:190} INFO - [2025-03-20T00:13:05.031+0000] {dag.py:3239} INFO - Sync 1 DAGs
[2025-03-20T00:13:05.140+0000] {logging_mixin.py:190} INFO - [2025-03-20T00:13:05.140+0000] {dag.py:4180} INFO - Setting next_dagrun for dbt_dag to 2025-03-20 00:00:00+00:00, run_after=2025-03-21 00:00:00+00:00
[2025-03-20T00:13:05.179+0000] {processor.py:208} INFO - Processing /opt/airflow/dags/dbtsnow.py took 0.236 seconds
[2025-03-20T00:13:42.946+0000] {processor.py:186} INFO - Started process (PID=23846) to work on /opt/airflow/dags/dbtsnow.py
[2025-03-20T00:13:42.977+0000] {processor.py:914} INFO - Processing file /opt/airflow/dags/dbtsnow.py for tasks to queue
[2025-03-20T00:13:42.988+0000] {logging_mixin.py:190} INFO - [2025-03-20T00:13:42.987+0000] {dagbag.py:588} INFO - Filling up the DagBag from /opt/airflow/dags/dbtsnow.py
[2025-03-20T00:13:43.110+0000] {processor.py:925} INFO - DAG(s) 'dbt_dag' retrieved from /opt/airflow/dags/dbtsnow.py
[2025-03-20T00:13:43.212+0000] {logging_mixin.py:190} INFO - [2025-03-20T00:13:43.212+0000] {dag.py:3239} INFO - Sync 1 DAGs
[2025-03-20T00:13:43.342+0000] {logging_mixin.py:190} INFO - [2025-03-20T00:13:43.341+0000] {dag.py:4180} INFO - Setting next_dagrun for dbt_dag to 2025-03-20 00:00:00+00:00, run_after=2025-03-21 00:00:00+00:00
[2025-03-20T00:13:43.429+0000] {processor.py:208} INFO - Processing /opt/airflow/dags/dbtsnow.py took 0.520 seconds
[2025-03-20T00:14:14.162+0000] {processor.py:186} INFO - Started process (PID=23915) to work on /opt/airflow/dags/dbtsnow.py
[2025-03-20T00:14:14.176+0000] {processor.py:914} INFO - Processing file /opt/airflow/dags/dbtsnow.py for tasks to queue
[2025-03-20T00:14:14.181+0000] {logging_mixin.py:190} INFO - [2025-03-20T00:14:14.180+0000] {dagbag.py:588} INFO - Filling up the DagBag from /opt/airflow/dags/dbtsnow.py
[2025-03-20T00:14:14.252+0000] {processor.py:925} INFO - DAG(s) 'dbt_dag' retrieved from /opt/airflow/dags/dbtsnow.py
[2025-03-20T00:14:14.310+0000] {logging_mixin.py:190} INFO - [2025-03-20T00:14:14.310+0000] {dag.py:3239} INFO - Sync 1 DAGs
[2025-03-20T00:14:14.436+0000] {logging_mixin.py:190} INFO - [2025-03-20T00:14:14.436+0000] {dag.py:4180} INFO - Setting next_dagrun for dbt_dag to 2025-03-20 00:00:00+00:00, run_after=2025-03-21 00:00:00+00:00
[2025-03-20T00:14:14.532+0000] {processor.py:208} INFO - Processing /opt/airflow/dags/dbtsnow.py took 0.390 seconds
[2025-03-20T00:14:44.992+0000] {processor.py:186} INFO - Started process (PID=23983) to work on /opt/airflow/dags/dbtsnow.py
[2025-03-20T00:14:44.994+0000] {processor.py:914} INFO - Processing file /opt/airflow/dags/dbtsnow.py for tasks to queue
[2025-03-20T00:14:44.998+0000] {logging_mixin.py:190} INFO - [2025-03-20T00:14:44.997+0000] {dagbag.py:588} INFO - Filling up the DagBag from /opt/airflow/dags/dbtsnow.py
[2025-03-20T00:14:45.058+0000] {processor.py:925} INFO - DAG(s) 'dbt_dag' retrieved from /opt/airflow/dags/dbtsnow.py
[2025-03-20T00:14:45.143+0000] {logging_mixin.py:190} INFO - [2025-03-20T00:14:45.142+0000] {dag.py:3239} INFO - Sync 1 DAGs
[2025-03-20T00:14:45.262+0000] {logging_mixin.py:190} INFO - [2025-03-20T00:14:45.261+0000] {dag.py:4180} INFO - Setting next_dagrun for dbt_dag to 2025-03-20 00:00:00+00:00, run_after=2025-03-21 00:00:00+00:00
[2025-03-20T00:14:45.420+0000] {processor.py:208} INFO - Processing /opt/airflow/dags/dbtsnow.py took 0.445 seconds
[2025-03-20T00:15:15.728+0000] {processor.py:186} INFO - Started process (PID=24052) to work on /opt/airflow/dags/dbtsnow.py
[2025-03-20T00:15:15.730+0000] {processor.py:914} INFO - Processing file /opt/airflow/dags/dbtsnow.py for tasks to queue
[2025-03-20T00:15:15.740+0000] {logging_mixin.py:190} INFO - [2025-03-20T00:15:15.734+0000] {dagbag.py:588} INFO - Filling up the DagBag from /opt/airflow/dags/dbtsnow.py
[2025-03-20T00:15:15.867+0000] {processor.py:925} INFO - DAG(s) 'dbt_dag' retrieved from /opt/airflow/dags/dbtsnow.py
[2025-03-20T00:15:15.966+0000] {logging_mixin.py:190} INFO - [2025-03-20T00:15:15.959+0000] {dag.py:3239} INFO - Sync 1 DAGs
[2025-03-20T00:15:16.046+0000] {logging_mixin.py:190} INFO - [2025-03-20T00:15:16.046+0000] {dag.py:4180} INFO - Setting next_dagrun for dbt_dag to 2025-03-20 00:00:00+00:00, run_after=2025-03-21 00:00:00+00:00
[2025-03-20T00:15:16.108+0000] {processor.py:208} INFO - Processing /opt/airflow/dags/dbtsnow.py took 0.402 seconds
[2025-03-20T00:15:55.464+0000] {processor.py:186} INFO - Started process (PID=24095) to work on /opt/airflow/dags/dbtsnow.py
[2025-03-20T00:15:55.474+0000] {processor.py:914} INFO - Processing file /opt/airflow/dags/dbtsnow.py for tasks to queue
[2025-03-20T00:15:55.480+0000] {logging_mixin.py:190} INFO - [2025-03-20T00:15:55.480+0000] {dagbag.py:588} INFO - Filling up the DagBag from /opt/airflow/dags/dbtsnow.py
[2025-03-20T00:15:55.585+0000] {processor.py:925} INFO - DAG(s) 'dbt_dag' retrieved from /opt/airflow/dags/dbtsnow.py
[2025-03-20T00:15:55.650+0000] {logging_mixin.py:190} INFO - [2025-03-20T00:15:55.649+0000] {dag.py:3239} INFO - Sync 1 DAGs
[2025-03-20T00:15:55.844+0000] {logging_mixin.py:190} INFO - [2025-03-20T00:15:55.843+0000] {dag.py:4180} INFO - Setting next_dagrun for dbt_dag to 2025-03-20 00:00:00+00:00, run_after=2025-03-21 00:00:00+00:00
[2025-03-20T00:15:56.085+0000] {processor.py:208} INFO - Processing /opt/airflow/dags/dbtsnow.py took 0.642 seconds
[2025-03-20T00:16:29.125+0000] {processor.py:186} INFO - Started process (PID=24141) to work on /opt/airflow/dags/dbtsnow.py
[2025-03-20T00:16:29.128+0000] {processor.py:914} INFO - Processing file /opt/airflow/dags/dbtsnow.py for tasks to queue
[2025-03-20T00:16:29.131+0000] {logging_mixin.py:190} INFO - [2025-03-20T00:16:29.131+0000] {dagbag.py:588} INFO - Filling up the DagBag from /opt/airflow/dags/dbtsnow.py
[2025-03-20T00:16:29.175+0000] {processor.py:925} INFO - DAG(s) 'dbt_dag' retrieved from /opt/airflow/dags/dbtsnow.py
[2025-03-20T00:16:29.250+0000] {logging_mixin.py:190} INFO - [2025-03-20T00:16:29.250+0000] {dag.py:3239} INFO - Sync 1 DAGs
[2025-03-20T00:16:29.403+0000] {logging_mixin.py:190} INFO - [2025-03-20T00:16:29.403+0000] {dag.py:4180} INFO - Setting next_dagrun for dbt_dag to 2025-03-20 00:00:00+00:00, run_after=2025-03-21 00:00:00+00:00
[2025-03-20T00:16:29.485+0000] {processor.py:208} INFO - Processing /opt/airflow/dags/dbtsnow.py took 0.379 seconds
[2025-03-20T00:17:00.427+0000] {processor.py:186} INFO - Started process (PID=24201) to work on /opt/airflow/dags/dbtsnow.py
[2025-03-20T00:17:00.428+0000] {processor.py:914} INFO - Processing file /opt/airflow/dags/dbtsnow.py for tasks to queue
[2025-03-20T00:17:00.431+0000] {logging_mixin.py:190} INFO - [2025-03-20T00:17:00.431+0000] {dagbag.py:588} INFO - Filling up the DagBag from /opt/airflow/dags/dbtsnow.py
[2025-03-20T00:17:00.593+0000] {processor.py:925} INFO - DAG(s) 'dbt_dag' retrieved from /opt/airflow/dags/dbtsnow.py
[2025-03-20T00:17:00.725+0000] {logging_mixin.py:190} INFO - [2025-03-20T00:17:00.724+0000] {dag.py:3239} INFO - Sync 1 DAGs
[2025-03-20T00:17:00.950+0000] {logging_mixin.py:190} INFO - [2025-03-20T00:17:00.950+0000] {dag.py:4180} INFO - Setting next_dagrun for dbt_dag to 2025-03-20 00:00:00+00:00, run_after=2025-03-21 00:00:00+00:00
[2025-03-20T00:17:01.172+0000] {processor.py:208} INFO - Processing /opt/airflow/dags/dbtsnow.py took 0.758 seconds
[2025-03-20T00:17:35.918+0000] {processor.py:186} INFO - Started process (PID=24270) to work on /opt/airflow/dags/dbtsnow.py
[2025-03-20T00:17:35.937+0000] {processor.py:914} INFO - Processing file /opt/airflow/dags/dbtsnow.py for tasks to queue
[2025-03-20T00:17:35.954+0000] {logging_mixin.py:190} INFO - [2025-03-20T00:17:35.954+0000] {dagbag.py:588} INFO - Filling up the DagBag from /opt/airflow/dags/dbtsnow.py
[2025-03-20T00:17:36.169+0000] {processor.py:925} INFO - DAG(s) 'dbt_dag' retrieved from /opt/airflow/dags/dbtsnow.py
[2025-03-20T00:17:36.215+0000] {logging_mixin.py:190} INFO - [2025-03-20T00:17:36.215+0000] {dag.py:3239} INFO - Sync 1 DAGs
[2025-03-20T00:17:36.282+0000] {logging_mixin.py:190} INFO - [2025-03-20T00:17:36.281+0000] {dag.py:4180} INFO - Setting next_dagrun for dbt_dag to 2025-03-20 00:00:00+00:00, run_after=2025-03-21 00:00:00+00:00
[2025-03-20T00:17:36.494+0000] {processor.py:208} INFO - Processing /opt/airflow/dags/dbtsnow.py took 0.622 seconds
[2025-03-20T00:18:14.497+0000] {processor.py:186} INFO - Started process (PID=24338) to work on /opt/airflow/dags/dbtsnow.py
[2025-03-20T00:18:14.500+0000] {processor.py:914} INFO - Processing file /opt/airflow/dags/dbtsnow.py for tasks to queue
[2025-03-20T00:18:14.513+0000] {logging_mixin.py:190} INFO - [2025-03-20T00:18:14.513+0000] {dagbag.py:588} INFO - Filling up the DagBag from /opt/airflow/dags/dbtsnow.py
[2025-03-20T00:18:14.769+0000] {processor.py:925} INFO - DAG(s) 'dbt_dag' retrieved from /opt/airflow/dags/dbtsnow.py
[2025-03-20T00:18:14.922+0000] {logging_mixin.py:190} INFO - [2025-03-20T00:18:14.914+0000] {dag.py:3239} INFO - Sync 1 DAGs
[2025-03-20T00:18:15.055+0000] {logging_mixin.py:190} INFO - [2025-03-20T00:18:15.055+0000] {dag.py:4180} INFO - Setting next_dagrun for dbt_dag to 2025-03-20 00:00:00+00:00, run_after=2025-03-21 00:00:00+00:00
[2025-03-20T00:18:15.216+0000] {processor.py:208} INFO - Processing /opt/airflow/dags/dbtsnow.py took 0.763 seconds
[2025-03-20T00:18:45.902+0000] {processor.py:186} INFO - Started process (PID=24403) to work on /opt/airflow/dags/dbtsnow.py
[2025-03-20T00:18:45.908+0000] {processor.py:914} INFO - Processing file /opt/airflow/dags/dbtsnow.py for tasks to queue
[2025-03-20T00:18:45.929+0000] {logging_mixin.py:190} INFO - [2025-03-20T00:18:45.928+0000] {dagbag.py:588} INFO - Filling up the DagBag from /opt/airflow/dags/dbtsnow.py
[2025-03-20T00:18:46.090+0000] {processor.py:925} INFO - DAG(s) 'dbt_dag' retrieved from /opt/airflow/dags/dbtsnow.py
[2025-03-20T00:18:46.239+0000] {logging_mixin.py:190} INFO - [2025-03-20T00:18:46.239+0000] {dag.py:3239} INFO - Sync 1 DAGs
[2025-03-20T00:18:47.257+0000] {logging_mixin.py:190} INFO - [2025-03-20T00:18:47.257+0000] {dag.py:4180} INFO - Setting next_dagrun for dbt_dag to 2025-03-20 00:00:00+00:00, run_after=2025-03-21 00:00:00+00:00
[2025-03-20T00:18:47.485+0000] {processor.py:208} INFO - Processing /opt/airflow/dags/dbtsnow.py took 1.603 seconds
[2025-03-20T00:19:20.450+0000] {processor.py:186} INFO - Started process (PID=24469) to work on /opt/airflow/dags/dbtsnow.py
[2025-03-20T00:19:20.452+0000] {processor.py:914} INFO - Processing file /opt/airflow/dags/dbtsnow.py for tasks to queue
[2025-03-20T00:19:20.464+0000] {logging_mixin.py:190} INFO - [2025-03-20T00:19:20.453+0000] {dagbag.py:588} INFO - Filling up the DagBag from /opt/airflow/dags/dbtsnow.py
[2025-03-20T00:19:20.749+0000] {processor.py:925} INFO - DAG(s) 'dbt_dag' retrieved from /opt/airflow/dags/dbtsnow.py
[2025-03-20T00:19:20.928+0000] {logging_mixin.py:190} INFO - [2025-03-20T00:19:20.928+0000] {dag.py:3239} INFO - Sync 1 DAGs
[2025-03-20T00:19:21.471+0000] {logging_mixin.py:190} INFO - [2025-03-20T00:19:21.470+0000] {dag.py:4180} INFO - Setting next_dagrun for dbt_dag to 2025-03-20 00:00:00+00:00, run_after=2025-03-21 00:00:00+00:00
[2025-03-20T00:19:21.542+0000] {processor.py:208} INFO - Processing /opt/airflow/dags/dbtsnow.py took 1.309 seconds
[2025-03-20T00:19:52.326+0000] {processor.py:186} INFO - Started process (PID=24538) to work on /opt/airflow/dags/dbtsnow.py
[2025-03-20T00:19:52.342+0000] {processor.py:914} INFO - Processing file /opt/airflow/dags/dbtsnow.py for tasks to queue
[2025-03-20T00:19:52.353+0000] {logging_mixin.py:190} INFO - [2025-03-20T00:19:52.352+0000] {dagbag.py:588} INFO - Filling up the DagBag from /opt/airflow/dags/dbtsnow.py
[2025-03-20T00:19:52.857+0000] {processor.py:925} INFO - DAG(s) 'dbt_dag' retrieved from /opt/airflow/dags/dbtsnow.py
[2025-03-20T00:19:52.929+0000] {logging_mixin.py:190} INFO - [2025-03-20T00:19:52.929+0000] {dag.py:3239} INFO - Sync 1 DAGs
[2025-03-20T00:19:53.070+0000] {logging_mixin.py:190} INFO - [2025-03-20T00:19:53.059+0000] {dag.py:4180} INFO - Setting next_dagrun for dbt_dag to 2025-03-20 00:00:00+00:00, run_after=2025-03-21 00:00:00+00:00
[2025-03-20T00:19:53.194+0000] {processor.py:208} INFO - Processing /opt/airflow/dags/dbtsnow.py took 0.887 seconds
[2025-03-20T00:20:24.350+0000] {processor.py:186} INFO - Started process (PID=24604) to work on /opt/airflow/dags/dbtsnow.py
[2025-03-20T00:20:24.357+0000] {processor.py:914} INFO - Processing file /opt/airflow/dags/dbtsnow.py for tasks to queue
[2025-03-20T00:20:24.361+0000] {logging_mixin.py:190} INFO - [2025-03-20T00:20:24.360+0000] {dagbag.py:588} INFO - Filling up the DagBag from /opt/airflow/dags/dbtsnow.py
[2025-03-20T00:20:24.510+0000] {processor.py:925} INFO - DAG(s) 'dbt_dag' retrieved from /opt/airflow/dags/dbtsnow.py
[2025-03-20T00:20:24.587+0000] {logging_mixin.py:190} INFO - [2025-03-20T00:20:24.587+0000] {dag.py:3239} INFO - Sync 1 DAGs
[2025-03-20T00:20:24.694+0000] {logging_mixin.py:190} INFO - [2025-03-20T00:20:24.693+0000] {dag.py:4180} INFO - Setting next_dagrun for dbt_dag to 2025-03-20 00:00:00+00:00, run_after=2025-03-21 00:00:00+00:00
[2025-03-20T00:20:24.741+0000] {processor.py:208} INFO - Processing /opt/airflow/dags/dbtsnow.py took 0.415 seconds
[2025-03-20T00:20:55.940+0000] {processor.py:186} INFO - Started process (PID=24673) to work on /opt/airflow/dags/dbtsnow.py
[2025-03-20T00:20:55.942+0000] {processor.py:914} INFO - Processing file /opt/airflow/dags/dbtsnow.py for tasks to queue
[2025-03-20T00:20:55.945+0000] {logging_mixin.py:190} INFO - [2025-03-20T00:20:55.944+0000] {dagbag.py:588} INFO - Filling up the DagBag from /opt/airflow/dags/dbtsnow.py
[2025-03-20T00:20:55.985+0000] {processor.py:925} INFO - DAG(s) 'dbt_dag' retrieved from /opt/airflow/dags/dbtsnow.py
[2025-03-20T00:20:56.038+0000] {logging_mixin.py:190} INFO - [2025-03-20T00:20:56.038+0000] {dag.py:3239} INFO - Sync 1 DAGs
[2025-03-20T00:20:56.125+0000] {logging_mixin.py:190} INFO - [2025-03-20T00:20:56.120+0000] {dag.py:4180} INFO - Setting next_dagrun for dbt_dag to 2025-03-20 00:00:00+00:00, run_after=2025-03-21 00:00:00+00:00
[2025-03-20T00:20:56.184+0000] {processor.py:208} INFO - Processing /opt/airflow/dags/dbtsnow.py took 0.256 seconds
[2025-03-20T00:21:29.913+0000] {processor.py:186} INFO - Started process (PID=24738) to work on /opt/airflow/dags/dbtsnow.py
[2025-03-20T00:21:29.925+0000] {processor.py:914} INFO - Processing file /opt/airflow/dags/dbtsnow.py for tasks to queue
[2025-03-20T00:21:29.928+0000] {logging_mixin.py:190} INFO - [2025-03-20T00:21:29.928+0000] {dagbag.py:588} INFO - Filling up the DagBag from /opt/airflow/dags/dbtsnow.py
[2025-03-20T00:21:29.976+0000] {processor.py:925} INFO - DAG(s) 'dbt_dag' retrieved from /opt/airflow/dags/dbtsnow.py
[2025-03-20T00:21:30.019+0000] {logging_mixin.py:190} INFO - [2025-03-20T00:21:30.018+0000] {dag.py:3239} INFO - Sync 1 DAGs
[2025-03-20T00:21:30.069+0000] {logging_mixin.py:190} INFO - [2025-03-20T00:21:30.068+0000] {dag.py:4180} INFO - Setting next_dagrun for dbt_dag to 2025-03-20 00:00:00+00:00, run_after=2025-03-21 00:00:00+00:00
[2025-03-20T00:21:30.137+0000] {processor.py:208} INFO - Processing /opt/airflow/dags/dbtsnow.py took 0.235 seconds
[2025-03-20T00:22:00.939+0000] {processor.py:186} INFO - Started process (PID=24807) to work on /opt/airflow/dags/dbtsnow.py
[2025-03-20T00:22:00.945+0000] {processor.py:914} INFO - Processing file /opt/airflow/dags/dbtsnow.py for tasks to queue
[2025-03-20T00:22:00.963+0000] {logging_mixin.py:190} INFO - [2025-03-20T00:22:00.962+0000] {dagbag.py:588} INFO - Filling up the DagBag from /opt/airflow/dags/dbtsnow.py
[2025-03-20T00:22:01.176+0000] {processor.py:925} INFO - DAG(s) 'dbt_dag' retrieved from /opt/airflow/dags/dbtsnow.py
[2025-03-20T00:22:01.279+0000] {logging_mixin.py:190} INFO - [2025-03-20T00:22:01.278+0000] {dag.py:3239} INFO - Sync 1 DAGs
[2025-03-20T00:22:01.397+0000] {logging_mixin.py:190} INFO - [2025-03-20T00:22:01.397+0000] {dag.py:4180} INFO - Setting next_dagrun for dbt_dag to 2025-03-20 00:00:00+00:00, run_after=2025-03-21 00:00:00+00:00
[2025-03-20T00:22:01.444+0000] {processor.py:208} INFO - Processing /opt/airflow/dags/dbtsnow.py took 0.523 seconds
[2025-03-20T00:22:31.727+0000] {processor.py:186} INFO - Started process (PID=24876) to work on /opt/airflow/dags/dbtsnow.py
[2025-03-20T00:22:31.729+0000] {processor.py:914} INFO - Processing file /opt/airflow/dags/dbtsnow.py for tasks to queue
[2025-03-20T00:22:31.734+0000] {logging_mixin.py:190} INFO - [2025-03-20T00:22:31.733+0000] {dagbag.py:588} INFO - Filling up the DagBag from /opt/airflow/dags/dbtsnow.py
[2025-03-20T00:22:31.769+0000] {processor.py:925} INFO - DAG(s) 'dbt_dag' retrieved from /opt/airflow/dags/dbtsnow.py
[2025-03-20T00:22:31.844+0000] {logging_mixin.py:190} INFO - [2025-03-20T00:22:31.843+0000] {dag.py:3239} INFO - Sync 1 DAGs
[2025-03-20T00:22:31.973+0000] {logging_mixin.py:190} INFO - [2025-03-20T00:22:31.973+0000] {dag.py:4180} INFO - Setting next_dagrun for dbt_dag to 2025-03-20 00:00:00+00:00, run_after=2025-03-21 00:00:00+00:00
[2025-03-20T00:22:32.054+0000] {processor.py:208} INFO - Processing /opt/airflow/dags/dbtsnow.py took 0.343 seconds
[2025-03-20T00:23:02.215+0000] {processor.py:186} INFO - Started process (PID=24944) to work on /opt/airflow/dags/dbtsnow.py
[2025-03-20T00:23:02.217+0000] {processor.py:914} INFO - Processing file /opt/airflow/dags/dbtsnow.py for tasks to queue
[2025-03-20T00:23:02.219+0000] {logging_mixin.py:190} INFO - [2025-03-20T00:23:02.218+0000] {dagbag.py:588} INFO - Filling up the DagBag from /opt/airflow/dags/dbtsnow.py
[2025-03-20T00:23:02.255+0000] {processor.py:925} INFO - DAG(s) 'dbt_dag' retrieved from /opt/airflow/dags/dbtsnow.py
[2025-03-20T00:23:02.288+0000] {logging_mixin.py:190} INFO - [2025-03-20T00:23:02.288+0000] {dag.py:3239} INFO - Sync 1 DAGs
[2025-03-20T00:23:02.346+0000] {logging_mixin.py:190} INFO - [2025-03-20T00:23:02.346+0000] {dag.py:4180} INFO - Setting next_dagrun for dbt_dag to 2025-03-20 00:00:00+00:00, run_after=2025-03-21 00:00:00+00:00
[2025-03-20T00:23:02.388+0000] {processor.py:208} INFO - Processing /opt/airflow/dags/dbtsnow.py took 0.184 seconds
[2025-03-20T00:23:39.177+0000] {processor.py:186} INFO - Started process (PID=25005) to work on /opt/airflow/dags/dbtsnow.py
[2025-03-20T00:23:39.188+0000] {processor.py:914} INFO - Processing file /opt/airflow/dags/dbtsnow.py for tasks to queue
[2025-03-20T00:23:39.194+0000] {logging_mixin.py:190} INFO - [2025-03-20T00:23:39.193+0000] {dagbag.py:588} INFO - Filling up the DagBag from /opt/airflow/dags/dbtsnow.py
[2025-03-20T00:23:39.292+0000] {processor.py:925} INFO - DAG(s) 'dbt_dag' retrieved from /opt/airflow/dags/dbtsnow.py
[2025-03-20T00:23:39.370+0000] {logging_mixin.py:190} INFO - [2025-03-20T00:23:39.370+0000] {dag.py:3239} INFO - Sync 1 DAGs
[2025-03-20T00:23:39.516+0000] {logging_mixin.py:190} INFO - [2025-03-20T00:23:39.505+0000] {dag.py:4180} INFO - Setting next_dagrun for dbt_dag to 2025-03-20 00:00:00+00:00, run_after=2025-03-21 00:00:00+00:00
[2025-03-20T00:23:39.666+0000] {processor.py:208} INFO - Processing /opt/airflow/dags/dbtsnow.py took 0.499 seconds
[2025-03-20T00:24:09.829+0000] {processor.py:186} INFO - Started process (PID=25073) to work on /opt/airflow/dags/dbtsnow.py
[2025-03-20T00:24:09.830+0000] {processor.py:914} INFO - Processing file /opt/airflow/dags/dbtsnow.py for tasks to queue
[2025-03-20T00:24:09.832+0000] {logging_mixin.py:190} INFO - [2025-03-20T00:24:09.832+0000] {dagbag.py:588} INFO - Filling up the DagBag from /opt/airflow/dags/dbtsnow.py
[2025-03-20T00:24:09.862+0000] {processor.py:925} INFO - DAG(s) 'dbt_dag' retrieved from /opt/airflow/dags/dbtsnow.py
[2025-03-20T00:24:09.890+0000] {logging_mixin.py:190} INFO - [2025-03-20T00:24:09.890+0000] {dag.py:3239} INFO - Sync 1 DAGs
[2025-03-20T00:24:09.944+0000] {logging_mixin.py:190} INFO - [2025-03-20T00:24:09.943+0000] {dag.py:4180} INFO - Setting next_dagrun for dbt_dag to 2025-03-20 00:00:00+00:00, run_after=2025-03-21 00:00:00+00:00
[2025-03-20T00:24:09.970+0000] {processor.py:208} INFO - Processing /opt/airflow/dags/dbtsnow.py took 0.157 seconds
[2025-03-20T00:24:40.413+0000] {processor.py:186} INFO - Started process (PID=25137) to work on /opt/airflow/dags/dbtsnow.py
[2025-03-20T00:24:40.415+0000] {processor.py:914} INFO - Processing file /opt/airflow/dags/dbtsnow.py for tasks to queue
[2025-03-20T00:24:40.418+0000] {logging_mixin.py:190} INFO - [2025-03-20T00:24:40.417+0000] {dagbag.py:588} INFO - Filling up the DagBag from /opt/airflow/dags/dbtsnow.py
[2025-03-20T00:24:40.444+0000] {processor.py:925} INFO - DAG(s) 'dbt_dag' retrieved from /opt/airflow/dags/dbtsnow.py
[2025-03-20T00:24:40.508+0000] {logging_mixin.py:190} INFO - [2025-03-20T00:24:40.508+0000] {dag.py:3239} INFO - Sync 1 DAGs
[2025-03-20T00:24:40.581+0000] {logging_mixin.py:190} INFO - [2025-03-20T00:24:40.581+0000] {dag.py:4180} INFO - Setting next_dagrun for dbt_dag to 2025-03-20 00:00:00+00:00, run_after=2025-03-21 00:00:00+00:00
[2025-03-20T00:24:40.744+0000] {processor.py:208} INFO - Processing /opt/airflow/dags/dbtsnow.py took 0.348 seconds
[2025-03-20T00:25:11.513+0000] {processor.py:186} INFO - Started process (PID=25205) to work on /opt/airflow/dags/dbtsnow.py
[2025-03-20T00:25:11.515+0000] {processor.py:914} INFO - Processing file /opt/airflow/dags/dbtsnow.py for tasks to queue
[2025-03-20T00:25:11.520+0000] {logging_mixin.py:190} INFO - [2025-03-20T00:25:11.517+0000] {dagbag.py:588} INFO - Filling up the DagBag from /opt/airflow/dags/dbtsnow.py
[2025-03-20T00:25:11.565+0000] {processor.py:925} INFO - DAG(s) 'dbt_dag' retrieved from /opt/airflow/dags/dbtsnow.py
[2025-03-20T00:25:11.594+0000] {logging_mixin.py:190} INFO - [2025-03-20T00:25:11.593+0000] {dag.py:3239} INFO - Sync 1 DAGs
[2025-03-20T00:25:11.657+0000] {logging_mixin.py:190} INFO - [2025-03-20T00:25:11.656+0000] {dag.py:4180} INFO - Setting next_dagrun for dbt_dag to 2025-03-20 00:00:00+00:00, run_after=2025-03-21 00:00:00+00:00
[2025-03-20T00:25:11.689+0000] {processor.py:208} INFO - Processing /opt/airflow/dags/dbtsnow.py took 0.186 seconds
[2025-03-20T00:25:41.954+0000] {processor.py:186} INFO - Started process (PID=25273) to work on /opt/airflow/dags/dbtsnow.py
[2025-03-20T00:25:41.956+0000] {processor.py:914} INFO - Processing file /opt/airflow/dags/dbtsnow.py for tasks to queue
[2025-03-20T00:25:41.960+0000] {logging_mixin.py:190} INFO - [2025-03-20T00:25:41.959+0000] {dagbag.py:588} INFO - Filling up the DagBag from /opt/airflow/dags/dbtsnow.py
[2025-03-20T00:25:42.100+0000] {processor.py:925} INFO - DAG(s) 'dbt_dag' retrieved from /opt/airflow/dags/dbtsnow.py
[2025-03-20T00:25:42.183+0000] {logging_mixin.py:190} INFO - [2025-03-20T00:25:42.182+0000] {dag.py:3239} INFO - Sync 1 DAGs
[2025-03-20T00:25:42.320+0000] {logging_mixin.py:190} INFO - [2025-03-20T00:25:42.319+0000] {dag.py:4180} INFO - Setting next_dagrun for dbt_dag to 2025-03-20 00:00:00+00:00, run_after=2025-03-21 00:00:00+00:00
[2025-03-20T00:25:42.411+0000] {processor.py:208} INFO - Processing /opt/airflow/dags/dbtsnow.py took 0.476 seconds
[2025-03-20T00:26:12.585+0000] {processor.py:186} INFO - Started process (PID=25342) to work on /opt/airflow/dags/dbtsnow.py
[2025-03-20T00:26:12.586+0000] {processor.py:914} INFO - Processing file /opt/airflow/dags/dbtsnow.py for tasks to queue
[2025-03-20T00:26:12.590+0000] {logging_mixin.py:190} INFO - [2025-03-20T00:26:12.589+0000] {dagbag.py:588} INFO - Filling up the DagBag from /opt/airflow/dags/dbtsnow.py
[2025-03-20T00:26:12.631+0000] {processor.py:925} INFO - DAG(s) 'dbt_dag' retrieved from /opt/airflow/dags/dbtsnow.py
[2025-03-20T00:26:12.665+0000] {logging_mixin.py:190} INFO - [2025-03-20T00:26:12.664+0000] {dag.py:3239} INFO - Sync 1 DAGs
[2025-03-20T00:26:12.731+0000] {logging_mixin.py:190} INFO - [2025-03-20T00:26:12.731+0000] {dag.py:4180} INFO - Setting next_dagrun for dbt_dag to 2025-03-20 00:00:00+00:00, run_after=2025-03-21 00:00:00+00:00
[2025-03-20T00:26:12.760+0000] {processor.py:208} INFO - Processing /opt/airflow/dags/dbtsnow.py took 0.198 seconds
[2025-03-20T00:26:42.937+0000] {processor.py:186} INFO - Started process (PID=25412) to work on /opt/airflow/dags/dbtsnow.py
[2025-03-20T00:26:42.942+0000] {processor.py:914} INFO - Processing file /opt/airflow/dags/dbtsnow.py for tasks to queue
[2025-03-20T00:26:42.947+0000] {logging_mixin.py:190} INFO - [2025-03-20T00:26:42.946+0000] {dagbag.py:588} INFO - Filling up the DagBag from /opt/airflow/dags/dbtsnow.py
[2025-03-20T00:26:42.985+0000] {processor.py:925} INFO - DAG(s) 'dbt_dag' retrieved from /opt/airflow/dags/dbtsnow.py
[2025-03-20T00:26:43.007+0000] {logging_mixin.py:190} INFO - [2025-03-20T00:26:43.006+0000] {dag.py:3239} INFO - Sync 1 DAGs
[2025-03-20T00:26:43.037+0000] {logging_mixin.py:190} INFO - [2025-03-20T00:26:43.037+0000] {dag.py:4180} INFO - Setting next_dagrun for dbt_dag to 2025-03-20 00:00:00+00:00, run_after=2025-03-21 00:00:00+00:00
[2025-03-20T00:26:43.081+0000] {processor.py:208} INFO - Processing /opt/airflow/dags/dbtsnow.py took 0.153 seconds
[2025-03-20T00:27:13.302+0000] {processor.py:186} INFO - Started process (PID=25478) to work on /opt/airflow/dags/dbtsnow.py
[2025-03-20T00:27:13.305+0000] {processor.py:914} INFO - Processing file /opt/airflow/dags/dbtsnow.py for tasks to queue
[2025-03-20T00:27:13.307+0000] {logging_mixin.py:190} INFO - [2025-03-20T00:27:13.307+0000] {dagbag.py:588} INFO - Filling up the DagBag from /opt/airflow/dags/dbtsnow.py
[2025-03-20T00:27:13.350+0000] {processor.py:925} INFO - DAG(s) 'dbt_dag' retrieved from /opt/airflow/dags/dbtsnow.py
[2025-03-20T00:27:13.399+0000] {logging_mixin.py:190} INFO - [2025-03-20T00:27:13.399+0000] {dag.py:3239} INFO - Sync 1 DAGs
[2025-03-20T00:27:13.466+0000] {logging_mixin.py:190} INFO - [2025-03-20T00:27:13.466+0000] {dag.py:4180} INFO - Setting next_dagrun for dbt_dag to 2025-03-20 00:00:00+00:00, run_after=2025-03-21 00:00:00+00:00
[2025-03-20T00:27:13.549+0000] {processor.py:208} INFO - Processing /opt/airflow/dags/dbtsnow.py took 0.265 seconds
[2025-03-20T00:27:43.924+0000] {processor.py:186} INFO - Started process (PID=25543) to work on /opt/airflow/dags/dbtsnow.py
[2025-03-20T00:27:43.927+0000] {processor.py:914} INFO - Processing file /opt/airflow/dags/dbtsnow.py for tasks to queue
[2025-03-20T00:27:43.936+0000] {logging_mixin.py:190} INFO - [2025-03-20T00:27:43.935+0000] {dagbag.py:588} INFO - Filling up the DagBag from /opt/airflow/dags/dbtsnow.py
[2025-03-20T00:27:44.031+0000] {processor.py:925} INFO - DAG(s) 'dbt_dag' retrieved from /opt/airflow/dags/dbtsnow.py
[2025-03-20T00:27:44.121+0000] {logging_mixin.py:190} INFO - [2025-03-20T00:27:44.121+0000] {dag.py:3239} INFO - Sync 1 DAGs
[2025-03-20T00:27:44.342+0000] {logging_mixin.py:190} INFO - [2025-03-20T00:27:44.334+0000] {dag.py:4180} INFO - Setting next_dagrun for dbt_dag to 2025-03-20 00:00:00+00:00, run_after=2025-03-21 00:00:00+00:00
[2025-03-20T00:27:44.503+0000] {processor.py:208} INFO - Processing /opt/airflow/dags/dbtsnow.py took 0.607 seconds
[2025-03-20T00:28:14.719+0000] {processor.py:186} INFO - Started process (PID=25611) to work on /opt/airflow/dags/dbtsnow.py
[2025-03-20T00:28:14.720+0000] {processor.py:914} INFO - Processing file /opt/airflow/dags/dbtsnow.py for tasks to queue
[2025-03-20T00:28:14.723+0000] {logging_mixin.py:190} INFO - [2025-03-20T00:28:14.722+0000] {dagbag.py:588} INFO - Filling up the DagBag from /opt/airflow/dags/dbtsnow.py
[2025-03-20T00:28:14.753+0000] {processor.py:925} INFO - DAG(s) 'dbt_dag' retrieved from /opt/airflow/dags/dbtsnow.py
[2025-03-20T00:28:14.784+0000] {logging_mixin.py:190} INFO - [2025-03-20T00:28:14.784+0000] {dag.py:3239} INFO - Sync 1 DAGs
[2025-03-20T00:28:14.840+0000] {logging_mixin.py:190} INFO - [2025-03-20T00:28:14.839+0000] {dag.py:4180} INFO - Setting next_dagrun for dbt_dag to 2025-03-20 00:00:00+00:00, run_after=2025-03-21 00:00:00+00:00
[2025-03-20T00:28:14.882+0000] {processor.py:208} INFO - Processing /opt/airflow/dags/dbtsnow.py took 0.181 seconds
[2025-03-20T00:28:45.431+0000] {processor.py:186} INFO - Started process (PID=25681) to work on /opt/airflow/dags/dbtsnow.py
[2025-03-20T00:28:45.436+0000] {processor.py:914} INFO - Processing file /opt/airflow/dags/dbtsnow.py for tasks to queue
[2025-03-20T00:28:45.439+0000] {logging_mixin.py:190} INFO - [2025-03-20T00:28:45.438+0000] {dagbag.py:588} INFO - Filling up the DagBag from /opt/airflow/dags/dbtsnow.py
[2025-03-20T00:28:45.517+0000] {processor.py:925} INFO - DAG(s) 'dbt_dag' retrieved from /opt/airflow/dags/dbtsnow.py
[2025-03-20T00:28:45.546+0000] {logging_mixin.py:190} INFO - [2025-03-20T00:28:45.546+0000] {dag.py:3239} INFO - Sync 1 DAGs
[2025-03-20T00:28:45.634+0000] {logging_mixin.py:190} INFO - [2025-03-20T00:28:45.633+0000] {dag.py:4180} INFO - Setting next_dagrun for dbt_dag to 2025-03-20 00:00:00+00:00, run_after=2025-03-21 00:00:00+00:00
[2025-03-20T00:28:45.697+0000] {processor.py:208} INFO - Processing /opt/airflow/dags/dbtsnow.py took 0.287 seconds
[2025-03-20T00:29:15.681+0000] {processor.py:186} INFO - Started process (PID=25750) to work on /opt/airflow/dags/dbtsnow.py
[2025-03-20T00:29:15.684+0000] {processor.py:914} INFO - Processing file /opt/airflow/dags/dbtsnow.py for tasks to queue
[2025-03-20T00:29:15.686+0000] {logging_mixin.py:190} INFO - [2025-03-20T00:29:15.686+0000] {dagbag.py:588} INFO - Filling up the DagBag from /opt/airflow/dags/dbtsnow.py
[2025-03-20T00:29:15.719+0000] {processor.py:925} INFO - DAG(s) 'dbt_dag' retrieved from /opt/airflow/dags/dbtsnow.py
[2025-03-20T00:29:15.750+0000] {logging_mixin.py:190} INFO - [2025-03-20T00:29:15.750+0000] {dag.py:3239} INFO - Sync 1 DAGs
[2025-03-20T00:29:15.847+0000] {logging_mixin.py:190} INFO - [2025-03-20T00:29:15.847+0000] {dag.py:4180} INFO - Setting next_dagrun for dbt_dag to 2025-03-20 00:00:00+00:00, run_after=2025-03-21 00:00:00+00:00
[2025-03-20T00:29:15.894+0000] {processor.py:208} INFO - Processing /opt/airflow/dags/dbtsnow.py took 0.239 seconds
[2025-03-20T00:29:46.547+0000] {processor.py:186} INFO - Started process (PID=25820) to work on /opt/airflow/dags/dbtsnow.py
[2025-03-20T00:29:46.549+0000] {processor.py:914} INFO - Processing file /opt/airflow/dags/dbtsnow.py for tasks to queue
[2025-03-20T00:29:46.560+0000] {logging_mixin.py:190} INFO - [2025-03-20T00:29:46.559+0000] {dagbag.py:588} INFO - Filling up the DagBag from /opt/airflow/dags/dbtsnow.py
[2025-03-20T00:29:46.630+0000] {processor.py:925} INFO - DAG(s) 'dbt_dag' retrieved from /opt/airflow/dags/dbtsnow.py
[2025-03-20T00:29:46.692+0000] {logging_mixin.py:190} INFO - [2025-03-20T00:29:46.692+0000] {dag.py:3239} INFO - Sync 1 DAGs
[2025-03-20T00:29:46.807+0000] {logging_mixin.py:190} INFO - [2025-03-20T00:29:46.806+0000] {dag.py:4180} INFO - Setting next_dagrun for dbt_dag to 2025-03-20 00:00:00+00:00, run_after=2025-03-21 00:00:00+00:00
[2025-03-20T00:29:46.887+0000] {processor.py:208} INFO - Processing /opt/airflow/dags/dbtsnow.py took 0.362 seconds
[2025-03-20T00:30:18.301+0000] {processor.py:186} INFO - Started process (PID=25889) to work on /opt/airflow/dags/dbtsnow.py
[2025-03-20T00:30:18.329+0000] {processor.py:914} INFO - Processing file /opt/airflow/dags/dbtsnow.py for tasks to queue
[2025-03-20T00:30:18.334+0000] {logging_mixin.py:190} INFO - [2025-03-20T00:30:18.333+0000] {dagbag.py:588} INFO - Filling up the DagBag from /opt/airflow/dags/dbtsnow.py
[2025-03-20T00:30:18.438+0000] {processor.py:925} INFO - DAG(s) 'dbt_dag' retrieved from /opt/airflow/dags/dbtsnow.py
[2025-03-20T00:30:18.492+0000] {logging_mixin.py:190} INFO - [2025-03-20T00:30:18.491+0000] {dag.py:3239} INFO - Sync 1 DAGs
[2025-03-20T00:30:18.681+0000] {logging_mixin.py:190} INFO - [2025-03-20T00:30:18.676+0000] {dag.py:4180} INFO - Setting next_dagrun for dbt_dag to 2025-03-20 00:00:00+00:00, run_after=2025-03-21 00:00:00+00:00
[2025-03-20T00:30:18.797+0000] {processor.py:208} INFO - Processing /opt/airflow/dags/dbtsnow.py took 0.519 seconds
[2025-03-20T00:30:48.883+0000] {processor.py:186} INFO - Started process (PID=25957) to work on /opt/airflow/dags/dbtsnow.py
[2025-03-20T00:30:48.885+0000] {processor.py:914} INFO - Processing file /opt/airflow/dags/dbtsnow.py for tasks to queue
[2025-03-20T00:30:48.886+0000] {logging_mixin.py:190} INFO - [2025-03-20T00:30:48.886+0000] {dagbag.py:588} INFO - Filling up the DagBag from /opt/airflow/dags/dbtsnow.py
[2025-03-20T00:30:48.915+0000] {processor.py:925} INFO - DAG(s) 'dbt_dag' retrieved from /opt/airflow/dags/dbtsnow.py
[2025-03-20T00:30:48.945+0000] {logging_mixin.py:190} INFO - [2025-03-20T00:30:48.945+0000] {dag.py:3239} INFO - Sync 1 DAGs
[2025-03-20T00:30:49.028+0000] {logging_mixin.py:190} INFO - [2025-03-20T00:30:49.028+0000] {dag.py:4180} INFO - Setting next_dagrun for dbt_dag to 2025-03-20 00:00:00+00:00, run_after=2025-03-21 00:00:00+00:00
[2025-03-20T00:30:49.188+0000] {processor.py:208} INFO - Processing /opt/airflow/dags/dbtsnow.py took 0.314 seconds
[2025-03-20T00:31:19.287+0000] {processor.py:186} INFO - Started process (PID=26032) to work on /opt/airflow/dags/dbtsnow.py
[2025-03-20T00:31:19.288+0000] {processor.py:914} INFO - Processing file /opt/airflow/dags/dbtsnow.py for tasks to queue
[2025-03-20T00:31:19.290+0000] {logging_mixin.py:190} INFO - [2025-03-20T00:31:19.290+0000] {dagbag.py:588} INFO - Filling up the DagBag from /opt/airflow/dags/dbtsnow.py
[2025-03-20T00:31:19.313+0000] {processor.py:925} INFO - DAG(s) 'dbt_dag' retrieved from /opt/airflow/dags/dbtsnow.py
[2025-03-20T00:31:19.360+0000] {logging_mixin.py:190} INFO - [2025-03-20T00:31:19.360+0000] {dag.py:3239} INFO - Sync 1 DAGs
[2025-03-20T00:31:19.466+0000] {logging_mixin.py:190} INFO - [2025-03-20T00:31:19.466+0000] {dag.py:4180} INFO - Setting next_dagrun for dbt_dag to 2025-03-20 00:00:00+00:00, run_after=2025-03-21 00:00:00+00:00
[2025-03-20T00:31:19.502+0000] {processor.py:208} INFO - Processing /opt/airflow/dags/dbtsnow.py took 0.221 seconds
[2025-03-20T00:31:49.799+0000] {processor.py:186} INFO - Started process (PID=26089) to work on /opt/airflow/dags/dbtsnow.py
[2025-03-20T00:31:49.802+0000] {processor.py:914} INFO - Processing file /opt/airflow/dags/dbtsnow.py for tasks to queue
[2025-03-20T00:31:49.814+0000] {logging_mixin.py:190} INFO - [2025-03-20T00:31:49.814+0000] {dagbag.py:588} INFO - Filling up the DagBag from /opt/airflow/dags/dbtsnow.py
[2025-03-20T00:31:49.893+0000] {processor.py:925} INFO - DAG(s) 'dbt_dag' retrieved from /opt/airflow/dags/dbtsnow.py
[2025-03-20T00:31:50.026+0000] {logging_mixin.py:190} INFO - [2025-03-20T00:31:50.026+0000] {dag.py:3239} INFO - Sync 1 DAGs
[2025-03-20T00:31:50.161+0000] {logging_mixin.py:190} INFO - [2025-03-20T00:31:50.161+0000] {dag.py:4180} INFO - Setting next_dagrun for dbt_dag to 2025-03-20 00:00:00+00:00, run_after=2025-03-21 00:00:00+00:00
[2025-03-20T00:31:50.304+0000] {processor.py:208} INFO - Processing /opt/airflow/dags/dbtsnow.py took 0.541 seconds
[2025-03-20T00:32:20.655+0000] {processor.py:186} INFO - Started process (PID=26157) to work on /opt/airflow/dags/dbtsnow.py
[2025-03-20T00:32:20.656+0000] {processor.py:914} INFO - Processing file /opt/airflow/dags/dbtsnow.py for tasks to queue
[2025-03-20T00:32:20.659+0000] {logging_mixin.py:190} INFO - [2025-03-20T00:32:20.658+0000] {dagbag.py:588} INFO - Filling up the DagBag from /opt/airflow/dags/dbtsnow.py
[2025-03-20T00:32:20.693+0000] {processor.py:925} INFO - DAG(s) 'dbt_dag' retrieved from /opt/airflow/dags/dbtsnow.py
[2025-03-20T00:32:20.756+0000] {logging_mixin.py:190} INFO - [2025-03-20T00:32:20.756+0000] {dag.py:3239} INFO - Sync 1 DAGs
[2025-03-20T00:32:20.823+0000] {logging_mixin.py:190} INFO - [2025-03-20T00:32:20.822+0000] {dag.py:4180} INFO - Setting next_dagrun for dbt_dag to 2025-03-20 00:00:00+00:00, run_after=2025-03-21 00:00:00+00:00
[2025-03-20T00:32:20.882+0000] {processor.py:208} INFO - Processing /opt/airflow/dags/dbtsnow.py took 0.244 seconds
[2025-03-20T00:32:51.524+0000] {processor.py:186} INFO - Started process (PID=26226) to work on /opt/airflow/dags/dbtsnow.py
[2025-03-20T00:32:51.525+0000] {processor.py:914} INFO - Processing file /opt/airflow/dags/dbtsnow.py for tasks to queue
[2025-03-20T00:32:51.536+0000] {logging_mixin.py:190} INFO - [2025-03-20T00:32:51.535+0000] {dagbag.py:588} INFO - Filling up the DagBag from /opt/airflow/dags/dbtsnow.py
[2025-03-20T00:32:51.768+0000] {processor.py:925} INFO - DAG(s) 'dbt_dag' retrieved from /opt/airflow/dags/dbtsnow.py
[2025-03-20T00:32:51.850+0000] {logging_mixin.py:190} INFO - [2025-03-20T00:32:51.842+0000] {dag.py:3239} INFO - Sync 1 DAGs
[2025-03-20T00:32:51.978+0000] {logging_mixin.py:190} INFO - [2025-03-20T00:32:51.977+0000] {dag.py:4180} INFO - Setting next_dagrun for dbt_dag to 2025-03-20 00:00:00+00:00, run_after=2025-03-21 00:00:00+00:00
[2025-03-20T00:32:52.189+0000] {processor.py:208} INFO - Processing /opt/airflow/dags/dbtsnow.py took 0.683 seconds
[2025-03-20T00:33:22.434+0000] {processor.py:186} INFO - Started process (PID=26296) to work on /opt/airflow/dags/dbtsnow.py
[2025-03-20T00:33:22.435+0000] {processor.py:914} INFO - Processing file /opt/airflow/dags/dbtsnow.py for tasks to queue
[2025-03-20T00:33:22.438+0000] {logging_mixin.py:190} INFO - [2025-03-20T00:33:22.438+0000] {dagbag.py:588} INFO - Filling up the DagBag from /opt/airflow/dags/dbtsnow.py
[2025-03-20T00:33:22.463+0000] {processor.py:925} INFO - DAG(s) 'dbt_dag' retrieved from /opt/airflow/dags/dbtsnow.py
[2025-03-20T00:33:22.489+0000] {logging_mixin.py:190} INFO - [2025-03-20T00:33:22.488+0000] {dag.py:3239} INFO - Sync 1 DAGs
[2025-03-20T00:33:22.531+0000] {logging_mixin.py:190} INFO - [2025-03-20T00:33:22.531+0000] {dag.py:4180} INFO - Setting next_dagrun for dbt_dag to 2025-03-20 00:00:00+00:00, run_after=2025-03-21 00:00:00+00:00
[2025-03-20T00:33:22.566+0000] {processor.py:208} INFO - Processing /opt/airflow/dags/dbtsnow.py took 0.141 seconds
[2025-03-20T00:33:53.507+0000] {processor.py:186} INFO - Started process (PID=26359) to work on /opt/airflow/dags/dbtsnow.py
[2025-03-20T00:33:53.510+0000] {processor.py:914} INFO - Processing file /opt/airflow/dags/dbtsnow.py for tasks to queue
[2025-03-20T00:33:53.513+0000] {logging_mixin.py:190} INFO - [2025-03-20T00:33:53.512+0000] {dagbag.py:588} INFO - Filling up the DagBag from /opt/airflow/dags/dbtsnow.py
[2025-03-20T00:33:53.600+0000] {processor.py:925} INFO - DAG(s) 'dbt_dag' retrieved from /opt/airflow/dags/dbtsnow.py
[2025-03-20T00:33:53.691+0000] {logging_mixin.py:190} INFO - [2025-03-20T00:33:53.690+0000] {dag.py:3239} INFO - Sync 1 DAGs
[2025-03-20T00:33:53.923+0000] {logging_mixin.py:190} INFO - [2025-03-20T00:33:53.923+0000] {dag.py:4180} INFO - Setting next_dagrun for dbt_dag to 2025-03-20 00:00:00+00:00, run_after=2025-03-21 00:00:00+00:00
[2025-03-20T00:33:54.071+0000] {processor.py:208} INFO - Processing /opt/airflow/dags/dbtsnow.py took 0.585 seconds
[2025-03-20T00:34:25.249+0000] {processor.py:186} INFO - Started process (PID=26411) to work on /opt/airflow/dags/dbtsnow.py
[2025-03-20T00:34:25.259+0000] {processor.py:914} INFO - Processing file /opt/airflow/dags/dbtsnow.py for tasks to queue
[2025-03-20T00:34:25.262+0000] {logging_mixin.py:190} INFO - [2025-03-20T00:34:25.262+0000] {dagbag.py:588} INFO - Filling up the DagBag from /opt/airflow/dags/dbtsnow.py
[2025-03-20T00:34:25.326+0000] {processor.py:925} INFO - DAG(s) 'dbt_dag' retrieved from /opt/airflow/dags/dbtsnow.py
[2025-03-20T00:34:25.390+0000] {logging_mixin.py:190} INFO - [2025-03-20T00:34:25.384+0000] {dag.py:3239} INFO - Sync 1 DAGs
[2025-03-20T00:34:25.496+0000] {logging_mixin.py:190} INFO - [2025-03-20T00:34:25.495+0000] {dag.py:4180} INFO - Setting next_dagrun for dbt_dag to 2025-03-20 00:00:00+00:00, run_after=2025-03-21 00:00:00+00:00
[2025-03-20T00:34:25.599+0000] {processor.py:208} INFO - Processing /opt/airflow/dags/dbtsnow.py took 0.362 seconds
[2025-03-20T00:34:55.938+0000] {processor.py:186} INFO - Started process (PID=26478) to work on /opt/airflow/dags/dbtsnow.py
[2025-03-20T00:34:55.940+0000] {processor.py:914} INFO - Processing file /opt/airflow/dags/dbtsnow.py for tasks to queue
[2025-03-20T00:34:55.944+0000] {logging_mixin.py:190} INFO - [2025-03-20T00:34:55.943+0000] {dagbag.py:588} INFO - Filling up the DagBag from /opt/airflow/dags/dbtsnow.py
[2025-03-20T00:34:56.004+0000] {processor.py:925} INFO - DAG(s) 'dbt_dag' retrieved from /opt/airflow/dags/dbtsnow.py
[2025-03-20T00:34:56.071+0000] {logging_mixin.py:190} INFO - [2025-03-20T00:34:56.071+0000] {dag.py:3239} INFO - Sync 1 DAGs
[2025-03-20T00:34:56.180+0000] {logging_mixin.py:190} INFO - [2025-03-20T00:34:56.180+0000] {dag.py:4180} INFO - Setting next_dagrun for dbt_dag to 2025-03-20 00:00:00+00:00, run_after=2025-03-21 00:00:00+00:00
[2025-03-20T00:34:56.252+0000] {processor.py:208} INFO - Processing /opt/airflow/dags/dbtsnow.py took 0.328 seconds
[2025-03-20T00:35:26.779+0000] {processor.py:186} INFO - Started process (PID=26547) to work on /opt/airflow/dags/dbtsnow.py
[2025-03-20T00:35:26.782+0000] {processor.py:914} INFO - Processing file /opt/airflow/dags/dbtsnow.py for tasks to queue
[2025-03-20T00:35:26.785+0000] {logging_mixin.py:190} INFO - [2025-03-20T00:35:26.785+0000] {dagbag.py:588} INFO - Filling up the DagBag from /opt/airflow/dags/dbtsnow.py
[2025-03-20T00:35:26.907+0000] {processor.py:925} INFO - DAG(s) 'dbt_dag' retrieved from /opt/airflow/dags/dbtsnow.py
[2025-03-20T00:35:26.971+0000] {logging_mixin.py:190} INFO - [2025-03-20T00:35:26.970+0000] {dag.py:3239} INFO - Sync 1 DAGs
[2025-03-20T00:35:27.064+0000] {logging_mixin.py:190} INFO - [2025-03-20T00:35:27.063+0000] {dag.py:4180} INFO - Setting next_dagrun for dbt_dag to 2025-03-20 00:00:00+00:00, run_after=2025-03-21 00:00:00+00:00
[2025-03-20T00:35:27.135+0000] {processor.py:208} INFO - Processing /opt/airflow/dags/dbtsnow.py took 0.372 seconds
[2025-03-20T00:36:00.858+0000] {processor.py:186} INFO - Started process (PID=26614) to work on /opt/airflow/dags/dbtsnow.py
[2025-03-20T00:36:00.873+0000] {processor.py:914} INFO - Processing file /opt/airflow/dags/dbtsnow.py for tasks to queue
[2025-03-20T00:36:00.876+0000] {logging_mixin.py:190} INFO - [2025-03-20T00:36:00.876+0000] {dagbag.py:588} INFO - Filling up the DagBag from /opt/airflow/dags/dbtsnow.py
[2025-03-20T00:36:00.941+0000] {processor.py:925} INFO - DAG(s) 'dbt_dag' retrieved from /opt/airflow/dags/dbtsnow.py
[2025-03-20T00:36:00.971+0000] {logging_mixin.py:190} INFO - [2025-03-20T00:36:00.970+0000] {dag.py:3239} INFO - Sync 1 DAGs
[2025-03-20T00:36:01.027+0000] {logging_mixin.py:190} INFO - [2025-03-20T00:36:01.027+0000] {dag.py:4180} INFO - Setting next_dagrun for dbt_dag to 2025-03-20 00:00:00+00:00, run_after=2025-03-21 00:00:00+00:00
[2025-03-20T00:36:01.074+0000] {processor.py:208} INFO - Processing /opt/airflow/dags/dbtsnow.py took 0.237 seconds
[2025-03-20T00:36:32.403+0000] {processor.py:186} INFO - Started process (PID=26676) to work on /opt/airflow/dags/dbtsnow.py
[2025-03-20T00:36:32.404+0000] {processor.py:914} INFO - Processing file /opt/airflow/dags/dbtsnow.py for tasks to queue
[2025-03-20T00:36:32.406+0000] {logging_mixin.py:190} INFO - [2025-03-20T00:36:32.406+0000] {dagbag.py:588} INFO - Filling up the DagBag from /opt/airflow/dags/dbtsnow.py
[2025-03-20T00:36:32.471+0000] {processor.py:925} INFO - DAG(s) 'dbt_dag' retrieved from /opt/airflow/dags/dbtsnow.py
[2025-03-20T00:36:32.552+0000] {logging_mixin.py:190} INFO - [2025-03-20T00:36:32.552+0000] {dag.py:3239} INFO - Sync 1 DAGs
[2025-03-20T00:36:32.638+0000] {logging_mixin.py:190} INFO - [2025-03-20T00:36:32.638+0000] {dag.py:4180} INFO - Setting next_dagrun for dbt_dag to 2025-03-20 00:00:00+00:00, run_after=2025-03-21 00:00:00+00:00
[2025-03-20T00:36:32.683+0000] {processor.py:208} INFO - Processing /opt/airflow/dags/dbtsnow.py took 0.293 seconds
[2025-03-20T00:37:03.656+0000] {processor.py:186} INFO - Started process (PID=26745) to work on /opt/airflow/dags/dbtsnow.py
[2025-03-20T00:37:03.657+0000] {processor.py:914} INFO - Processing file /opt/airflow/dags/dbtsnow.py for tasks to queue
[2025-03-20T00:37:03.659+0000] {logging_mixin.py:190} INFO - [2025-03-20T00:37:03.659+0000] {dagbag.py:588} INFO - Filling up the DagBag from /opt/airflow/dags/dbtsnow.py
[2025-03-20T00:37:03.688+0000] {processor.py:925} INFO - DAG(s) 'dbt_dag' retrieved from /opt/airflow/dags/dbtsnow.py
[2025-03-20T00:37:03.721+0000] {logging_mixin.py:190} INFO - [2025-03-20T00:37:03.720+0000] {dag.py:3239} INFO - Sync 1 DAGs
[2025-03-20T00:37:03.828+0000] {logging_mixin.py:190} INFO - [2025-03-20T00:37:03.828+0000] {dag.py:4180} INFO - Setting next_dagrun for dbt_dag to 2025-03-20 00:00:00+00:00, run_after=2025-03-21 00:00:00+00:00
[2025-03-20T00:37:03.909+0000] {processor.py:208} INFO - Processing /opt/airflow/dags/dbtsnow.py took 0.267 seconds
[2025-03-20T00:37:35.914+0000] {processor.py:186} INFO - Started process (PID=26814) to work on /opt/airflow/dags/dbtsnow.py
[2025-03-20T00:37:35.921+0000] {processor.py:914} INFO - Processing file /opt/airflow/dags/dbtsnow.py for tasks to queue
[2025-03-20T00:37:35.929+0000] {logging_mixin.py:190} INFO - [2025-03-20T00:37:35.928+0000] {dagbag.py:588} INFO - Filling up the DagBag from /opt/airflow/dags/dbtsnow.py
[2025-03-20T00:37:36.013+0000] {processor.py:925} INFO - DAG(s) 'dbt_dag' retrieved from /opt/airflow/dags/dbtsnow.py
[2025-03-20T00:37:36.084+0000] {logging_mixin.py:190} INFO - [2025-03-20T00:37:36.084+0000] {dag.py:3239} INFO - Sync 1 DAGs
[2025-03-20T00:37:36.229+0000] {logging_mixin.py:190} INFO - [2025-03-20T00:37:36.228+0000] {dag.py:4180} INFO - Setting next_dagrun for dbt_dag to 2025-03-20 00:00:00+00:00, run_after=2025-03-21 00:00:00+00:00
[2025-03-20T00:37:36.325+0000] {processor.py:208} INFO - Processing /opt/airflow/dags/dbtsnow.py took 0.444 seconds
[2025-03-20T00:38:06.871+0000] {processor.py:186} INFO - Started process (PID=26884) to work on /opt/airflow/dags/dbtsnow.py
[2025-03-20T00:38:06.873+0000] {processor.py:914} INFO - Processing file /opt/airflow/dags/dbtsnow.py for tasks to queue
[2025-03-20T00:38:06.876+0000] {logging_mixin.py:190} INFO - [2025-03-20T00:38:06.876+0000] {dagbag.py:588} INFO - Filling up the DagBag from /opt/airflow/dags/dbtsnow.py
[2025-03-20T00:38:06.912+0000] {processor.py:925} INFO - DAG(s) 'dbt_dag' retrieved from /opt/airflow/dags/dbtsnow.py
[2025-03-20T00:38:06.945+0000] {logging_mixin.py:190} INFO - [2025-03-20T00:38:06.945+0000] {dag.py:3239} INFO - Sync 1 DAGs
[2025-03-20T00:38:07.000+0000] {logging_mixin.py:190} INFO - [2025-03-20T00:38:06.999+0000] {dag.py:4180} INFO - Setting next_dagrun for dbt_dag to 2025-03-20 00:00:00+00:00, run_after=2025-03-21 00:00:00+00:00
[2025-03-20T00:38:07.063+0000] {processor.py:208} INFO - Processing /opt/airflow/dags/dbtsnow.py took 0.235 seconds
[2025-03-20T00:38:37.788+0000] {processor.py:186} INFO - Started process (PID=26952) to work on /opt/airflow/dags/dbtsnow.py
[2025-03-20T00:38:37.792+0000] {processor.py:914} INFO - Processing file /opt/airflow/dags/dbtsnow.py for tasks to queue
[2025-03-20T00:38:37.801+0000] {logging_mixin.py:190} INFO - [2025-03-20T00:38:37.800+0000] {dagbag.py:588} INFO - Filling up the DagBag from /opt/airflow/dags/dbtsnow.py
[2025-03-20T00:38:37.858+0000] {processor.py:925} INFO - DAG(s) 'dbt_dag' retrieved from /opt/airflow/dags/dbtsnow.py
[2025-03-20T00:38:37.952+0000] {logging_mixin.py:190} INFO - [2025-03-20T00:38:37.951+0000] {dag.py:3239} INFO - Sync 1 DAGs
[2025-03-20T00:38:38.033+0000] {logging_mixin.py:190} INFO - [2025-03-20T00:38:38.033+0000] {dag.py:4180} INFO - Setting next_dagrun for dbt_dag to 2025-03-20 00:00:00+00:00, run_after=2025-03-21 00:00:00+00:00
[2025-03-20T00:38:38.107+0000] {processor.py:208} INFO - Processing /opt/airflow/dags/dbtsnow.py took 0.339 seconds
[2025-03-20T00:39:08.272+0000] {processor.py:186} INFO - Started process (PID=27021) to work on /opt/airflow/dags/dbtsnow.py
[2025-03-20T00:39:08.274+0000] {processor.py:914} INFO - Processing file /opt/airflow/dags/dbtsnow.py for tasks to queue
[2025-03-20T00:39:08.281+0000] {logging_mixin.py:190} INFO - [2025-03-20T00:39:08.280+0000] {dagbag.py:588} INFO - Filling up the DagBag from /opt/airflow/dags/dbtsnow.py
[2025-03-20T00:39:08.338+0000] {processor.py:925} INFO - DAG(s) 'dbt_dag' retrieved from /opt/airflow/dags/dbtsnow.py
[2025-03-20T00:39:08.408+0000] {logging_mixin.py:190} INFO - [2025-03-20T00:39:08.397+0000] {dag.py:3239} INFO - Sync 1 DAGs
[2025-03-20T00:39:08.523+0000] {logging_mixin.py:190} INFO - [2025-03-20T00:39:08.522+0000] {dag.py:4180} INFO - Setting next_dagrun for dbt_dag to 2025-03-20 00:00:00+00:00, run_after=2025-03-21 00:00:00+00:00
[2025-03-20T00:39:08.590+0000] {processor.py:208} INFO - Processing /opt/airflow/dags/dbtsnow.py took 0.338 seconds
[2025-03-20T00:39:40.990+0000] {processor.py:186} INFO - Started process (PID=27084) to work on /opt/airflow/dags/dbtsnow.py
[2025-03-20T00:39:40.993+0000] {processor.py:914} INFO - Processing file /opt/airflow/dags/dbtsnow.py for tasks to queue
[2025-03-20T00:39:40.997+0000] {logging_mixin.py:190} INFO - [2025-03-20T00:39:40.996+0000] {dagbag.py:588} INFO - Filling up the DagBag from /opt/airflow/dags/dbtsnow.py
[2025-03-20T00:39:41.112+0000] {processor.py:925} INFO - DAG(s) 'dbt_dag' retrieved from /opt/airflow/dags/dbtsnow.py
[2025-03-20T00:39:41.187+0000] {logging_mixin.py:190} INFO - [2025-03-20T00:39:41.186+0000] {dag.py:3239} INFO - Sync 1 DAGs
[2025-03-20T00:39:41.260+0000] {logging_mixin.py:190} INFO - [2025-03-20T00:39:41.260+0000] {dag.py:4180} INFO - Setting next_dagrun for dbt_dag to 2025-03-20 00:00:00+00:00, run_after=2025-03-21 00:00:00+00:00
[2025-03-20T00:39:41.292+0000] {processor.py:208} INFO - Processing /opt/airflow/dags/dbtsnow.py took 0.319 seconds
[2025-03-20T00:40:16.628+0000] {processor.py:186} INFO - Started process (PID=27149) to work on /opt/airflow/dags/dbtsnow.py
[2025-03-20T00:40:16.661+0000] {processor.py:914} INFO - Processing file /opt/airflow/dags/dbtsnow.py for tasks to queue
[2025-03-20T00:40:16.671+0000] {logging_mixin.py:190} INFO - [2025-03-20T00:40:16.671+0000] {dagbag.py:588} INFO - Filling up the DagBag from /opt/airflow/dags/dbtsnow.py
[2025-03-20T00:40:16.978+0000] {processor.py:925} INFO - DAG(s) 'dbt_dag' retrieved from /opt/airflow/dags/dbtsnow.py
[2025-03-20T00:40:17.091+0000] {logging_mixin.py:190} INFO - [2025-03-20T00:40:17.091+0000] {dag.py:3239} INFO - Sync 1 DAGs
[2025-03-20T00:40:17.255+0000] {logging_mixin.py:190} INFO - [2025-03-20T00:40:17.255+0000] {dag.py:4180} INFO - Setting next_dagrun for dbt_dag to 2025-03-20 00:00:00+00:00, run_after=2025-03-21 00:00:00+00:00
[2025-03-20T00:40:17.594+0000] {processor.py:208} INFO - Processing /opt/airflow/dags/dbtsnow.py took 0.985 seconds
[2025-03-20T00:40:49.144+0000] {processor.py:186} INFO - Started process (PID=27224) to work on /opt/airflow/dags/dbtsnow.py
[2025-03-20T00:40:49.180+0000] {processor.py:914} INFO - Processing file /opt/airflow/dags/dbtsnow.py for tasks to queue
[2025-03-20T00:40:49.203+0000] {logging_mixin.py:190} INFO - [2025-03-20T00:40:49.201+0000] {dagbag.py:588} INFO - Filling up the DagBag from /opt/airflow/dags/dbtsnow.py
[2025-03-20T00:40:50.266+0000] {processor.py:925} INFO - DAG(s) 'dbt_dag' retrieved from /opt/airflow/dags/dbtsnow.py
[2025-03-20T00:40:50.329+0000] {logging_mixin.py:190} INFO - [2025-03-20T00:40:50.329+0000] {dag.py:3239} INFO - Sync 1 DAGs
[2025-03-20T00:40:50.472+0000] {logging_mixin.py:190} INFO - [2025-03-20T00:40:50.472+0000] {dag.py:4180} INFO - Setting next_dagrun for dbt_dag to 2025-03-20 00:00:00+00:00, run_after=2025-03-21 00:00:00+00:00
[2025-03-20T00:40:50.631+0000] {processor.py:208} INFO - Processing /opt/airflow/dags/dbtsnow.py took 1.508 seconds
[2025-03-20T00:41:21.038+0000] {processor.py:186} INFO - Started process (PID=27295) to work on /opt/airflow/dags/dbtsnow.py
[2025-03-20T00:41:21.040+0000] {processor.py:914} INFO - Processing file /opt/airflow/dags/dbtsnow.py for tasks to queue
[2025-03-20T00:41:21.043+0000] {logging_mixin.py:190} INFO - [2025-03-20T00:41:21.042+0000] {dagbag.py:588} INFO - Filling up the DagBag from /opt/airflow/dags/dbtsnow.py
[2025-03-20T00:41:21.071+0000] {processor.py:925} INFO - DAG(s) 'dbt_dag' retrieved from /opt/airflow/dags/dbtsnow.py
[2025-03-20T00:41:21.101+0000] {logging_mixin.py:190} INFO - [2025-03-20T00:41:21.101+0000] {dag.py:3239} INFO - Sync 1 DAGs
[2025-03-20T00:41:21.143+0000] {logging_mixin.py:190} INFO - [2025-03-20T00:41:21.143+0000] {dag.py:4180} INFO - Setting next_dagrun for dbt_dag to 2025-03-20 00:00:00+00:00, run_after=2025-03-21 00:00:00+00:00
[2025-03-20T00:41:21.185+0000] {processor.py:208} INFO - Processing /opt/airflow/dags/dbtsnow.py took 0.159 seconds
[2025-03-20T00:41:51.672+0000] {processor.py:186} INFO - Started process (PID=27364) to work on /opt/airflow/dags/dbtsnow.py
[2025-03-20T00:41:51.673+0000] {processor.py:914} INFO - Processing file /opt/airflow/dags/dbtsnow.py for tasks to queue
[2025-03-20T00:41:51.676+0000] {logging_mixin.py:190} INFO - [2025-03-20T00:41:51.675+0000] {dagbag.py:588} INFO - Filling up the DagBag from /opt/airflow/dags/dbtsnow.py
[2025-03-20T00:41:51.703+0000] {processor.py:925} INFO - DAG(s) 'dbt_dag' retrieved from /opt/airflow/dags/dbtsnow.py
[2025-03-20T00:41:51.750+0000] {logging_mixin.py:190} INFO - [2025-03-20T00:41:51.750+0000] {dag.py:3239} INFO - Sync 1 DAGs
[2025-03-20T00:41:51.870+0000] {logging_mixin.py:190} INFO - [2025-03-20T00:41:51.869+0000] {dag.py:4180} INFO - Setting next_dagrun for dbt_dag to 2025-03-20 00:00:00+00:00, run_after=2025-03-21 00:00:00+00:00
[2025-03-20T00:41:51.981+0000] {processor.py:208} INFO - Processing /opt/airflow/dags/dbtsnow.py took 0.330 seconds
[2025-03-20T00:42:22.480+0000] {processor.py:186} INFO - Started process (PID=27433) to work on /opt/airflow/dags/dbtsnow.py
[2025-03-20T00:42:22.482+0000] {processor.py:914} INFO - Processing file /opt/airflow/dags/dbtsnow.py for tasks to queue
[2025-03-20T00:42:22.484+0000] {logging_mixin.py:190} INFO - [2025-03-20T00:42:22.484+0000] {dagbag.py:588} INFO - Filling up the DagBag from /opt/airflow/dags/dbtsnow.py
[2025-03-20T00:42:22.525+0000] {processor.py:925} INFO - DAG(s) 'dbt_dag' retrieved from /opt/airflow/dags/dbtsnow.py
[2025-03-20T00:42:22.568+0000] {logging_mixin.py:190} INFO - [2025-03-20T00:42:22.567+0000] {dag.py:3239} INFO - Sync 1 DAGs
[2025-03-20T00:42:22.632+0000] {logging_mixin.py:190} INFO - [2025-03-20T00:42:22.631+0000] {dag.py:4180} INFO - Setting next_dagrun for dbt_dag to 2025-03-20 00:00:00+00:00, run_after=2025-03-21 00:00:00+00:00
[2025-03-20T00:42:22.675+0000] {processor.py:208} INFO - Processing /opt/airflow/dags/dbtsnow.py took 0.208 seconds
[2025-03-20T00:42:59.767+0000] {processor.py:186} INFO - Started process (PID=27501) to work on /opt/airflow/dags/dbtsnow.py
[2025-03-20T00:42:59.768+0000] {processor.py:914} INFO - Processing file /opt/airflow/dags/dbtsnow.py for tasks to queue
[2025-03-20T00:42:59.773+0000] {logging_mixin.py:190} INFO - [2025-03-20T00:42:59.773+0000] {dagbag.py:588} INFO - Filling up the DagBag from /opt/airflow/dags/dbtsnow.py
[2025-03-20T00:42:59.876+0000] {processor.py:925} INFO - DAG(s) 'dbt_dag' retrieved from /opt/airflow/dags/dbtsnow.py
[2025-03-20T00:42:59.968+0000] {logging_mixin.py:190} INFO - [2025-03-20T00:42:59.967+0000] {dag.py:3239} INFO - Sync 1 DAGs
[2025-03-20T00:43:00.143+0000] {logging_mixin.py:190} INFO - [2025-03-20T00:43:00.142+0000] {dag.py:4180} INFO - Setting next_dagrun for dbt_dag to 2025-03-20 00:00:00+00:00, run_after=2025-03-21 00:00:00+00:00
[2025-03-20T00:43:00.265+0000] {processor.py:208} INFO - Processing /opt/airflow/dags/dbtsnow.py took 0.520 seconds
[2025-03-20T00:43:41.958+0000] {processor.py:186} INFO - Started process (PID=27570) to work on /opt/airflow/dags/dbtsnow.py
[2025-03-20T00:43:41.959+0000] {processor.py:914} INFO - Processing file /opt/airflow/dags/dbtsnow.py for tasks to queue
[2025-03-20T00:43:41.972+0000] {logging_mixin.py:190} INFO - [2025-03-20T00:43:41.961+0000] {dagbag.py:588} INFO - Filling up the DagBag from /opt/airflow/dags/dbtsnow.py
[2025-03-20T00:43:42.050+0000] {processor.py:925} INFO - DAG(s) 'dbt_dag' retrieved from /opt/airflow/dags/dbtsnow.py
[2025-03-20T00:43:42.139+0000] {logging_mixin.py:190} INFO - [2025-03-20T00:43:42.138+0000] {dag.py:3239} INFO - Sync 1 DAGs
[2025-03-20T00:43:42.290+0000] {logging_mixin.py:190} INFO - [2025-03-20T00:43:42.290+0000] {dag.py:4180} INFO - Setting next_dagrun for dbt_dag to 2025-03-20 00:00:00+00:00, run_after=2025-03-21 00:00:00+00:00
[2025-03-20T00:43:42.475+0000] {processor.py:208} INFO - Processing /opt/airflow/dags/dbtsnow.py took 0.569 seconds
[2025-03-20T00:44:13.900+0000] {processor.py:186} INFO - Started process (PID=27638) to work on /opt/airflow/dags/dbtsnow.py
[2025-03-20T00:44:13.902+0000] {processor.py:914} INFO - Processing file /opt/airflow/dags/dbtsnow.py for tasks to queue
[2025-03-20T00:44:13.930+0000] {logging_mixin.py:190} INFO - [2025-03-20T00:44:13.929+0000] {dagbag.py:588} INFO - Filling up the DagBag from /opt/airflow/dags/dbtsnow.py
[2025-03-20T00:44:14.048+0000] {processor.py:925} INFO - DAG(s) 'dbt_dag' retrieved from /opt/airflow/dags/dbtsnow.py
[2025-03-20T00:44:14.084+0000] {logging_mixin.py:190} INFO - [2025-03-20T00:44:14.083+0000] {dag.py:3239} INFO - Sync 1 DAGs
[2025-03-20T00:44:14.171+0000] {logging_mixin.py:190} INFO - [2025-03-20T00:44:14.170+0000] {dag.py:4180} INFO - Setting next_dagrun for dbt_dag to 2025-03-20 00:00:00+00:00, run_after=2025-03-21 00:00:00+00:00
[2025-03-20T00:44:14.269+0000] {processor.py:208} INFO - Processing /opt/airflow/dags/dbtsnow.py took 0.394 seconds
[2025-03-20T00:44:44.501+0000] {processor.py:186} INFO - Started process (PID=27705) to work on /opt/airflow/dags/dbtsnow.py
[2025-03-20T00:44:44.502+0000] {processor.py:914} INFO - Processing file /opt/airflow/dags/dbtsnow.py for tasks to queue
[2025-03-20T00:44:44.505+0000] {logging_mixin.py:190} INFO - [2025-03-20T00:44:44.504+0000] {dagbag.py:588} INFO - Filling up the DagBag from /opt/airflow/dags/dbtsnow.py
[2025-03-20T00:44:44.538+0000] {processor.py:925} INFO - DAG(s) 'dbt_dag' retrieved from /opt/airflow/dags/dbtsnow.py
[2025-03-20T00:44:44.583+0000] {logging_mixin.py:190} INFO - [2025-03-20T00:44:44.583+0000] {dag.py:3239} INFO - Sync 1 DAGs
[2025-03-20T00:44:44.649+0000] {logging_mixin.py:190} INFO - [2025-03-20T00:44:44.649+0000] {dag.py:4180} INFO - Setting next_dagrun for dbt_dag to 2025-03-20 00:00:00+00:00, run_after=2025-03-21 00:00:00+00:00
[2025-03-20T00:44:44.709+0000] {processor.py:208} INFO - Processing /opt/airflow/dags/dbtsnow.py took 0.220 seconds
[2025-03-20T00:45:14.976+0000] {processor.py:186} INFO - Started process (PID=27773) to work on /opt/airflow/dags/dbtsnow.py
[2025-03-20T00:45:14.978+0000] {processor.py:914} INFO - Processing file /opt/airflow/dags/dbtsnow.py for tasks to queue
[2025-03-20T00:45:14.982+0000] {logging_mixin.py:190} INFO - [2025-03-20T00:45:14.981+0000] {dagbag.py:588} INFO - Filling up the DagBag from /opt/airflow/dags/dbtsnow.py
[2025-03-20T00:45:15.029+0000] {processor.py:925} INFO - DAG(s) 'dbt_dag' retrieved from /opt/airflow/dags/dbtsnow.py
[2025-03-20T00:45:15.088+0000] {logging_mixin.py:190} INFO - [2025-03-20T00:45:15.087+0000] {dag.py:3239} INFO - Sync 1 DAGs
[2025-03-20T00:45:15.191+0000] {logging_mixin.py:190} INFO - [2025-03-20T00:45:15.190+0000] {dag.py:4180} INFO - Setting next_dagrun for dbt_dag to 2025-03-20 00:00:00+00:00, run_after=2025-03-21 00:00:00+00:00
[2025-03-20T00:45:15.273+0000] {processor.py:208} INFO - Processing /opt/airflow/dags/dbtsnow.py took 0.315 seconds
[2025-03-20T00:45:45.532+0000] {processor.py:186} INFO - Started process (PID=27842) to work on /opt/airflow/dags/dbtsnow.py
[2025-03-20T00:45:45.534+0000] {processor.py:914} INFO - Processing file /opt/airflow/dags/dbtsnow.py for tasks to queue
[2025-03-20T00:45:45.538+0000] {logging_mixin.py:190} INFO - [2025-03-20T00:45:45.537+0000] {dagbag.py:588} INFO - Filling up the DagBag from /opt/airflow/dags/dbtsnow.py
[2025-03-20T00:45:45.577+0000] {processor.py:925} INFO - DAG(s) 'dbt_dag' retrieved from /opt/airflow/dags/dbtsnow.py
[2025-03-20T00:45:45.612+0000] {logging_mixin.py:190} INFO - [2025-03-20T00:45:45.612+0000] {dag.py:3239} INFO - Sync 1 DAGs
[2025-03-20T00:45:45.667+0000] {logging_mixin.py:190} INFO - [2025-03-20T00:45:45.667+0000] {dag.py:4180} INFO - Setting next_dagrun for dbt_dag to 2025-03-20 00:00:00+00:00, run_after=2025-03-21 00:00:00+00:00
[2025-03-20T00:45:45.700+0000] {processor.py:208} INFO - Processing /opt/airflow/dags/dbtsnow.py took 0.181 seconds
