[2025-03-20T00:00:39.193+0000] {processor.py:186} INFO - Started process (PID=22238) to work on /opt/airflow/dags/raw.py
[2025-03-20T00:00:39.208+0000] {processor.py:914} INFO - Processing file /opt/airflow/dags/raw.py for tasks to queue
[2025-03-20T00:00:39.211+0000] {logging_mixin.py:190} INFO - [2025-03-20T00:00:39.211+0000] {dagbag.py:588} INFO - Filling up the DagBag from /opt/airflow/dags/raw.py
[2025-03-20T00:00:39.425+0000] {processor.py:925} INFO - DAG(s) 'weather_etl_pipeline' retrieved from /opt/airflow/dags/raw.py
[2025-03-20T00:00:40.180+0000] {logging_mixin.py:190} INFO - [2025-03-20T00:00:40.179+0000] {dag.py:3239} INFO - Sync 1 DAGs
[2025-03-20T00:00:40.386+0000] {logging_mixin.py:190} INFO - [2025-03-20T00:00:40.385+0000] {dag.py:4180} INFO - Setting next_dagrun for weather_etl_pipeline to 2025-03-19 00:00:00+00:00, run_after=2025-03-20 00:00:00+00:00
[2025-03-20T00:00:40.564+0000] {processor.py:208} INFO - Processing /opt/airflow/dags/raw.py took 1.393 seconds
[2025-03-20T00:01:17.953+0000] {processor.py:186} INFO - Started process (PID=22303) to work on /opt/airflow/dags/raw.py
[2025-03-20T00:01:17.956+0000] {processor.py:914} INFO - Processing file /opt/airflow/dags/raw.py for tasks to queue
[2025-03-20T00:01:17.970+0000] {logging_mixin.py:190} INFO - [2025-03-20T00:01:17.970+0000] {dagbag.py:588} INFO - Filling up the DagBag from /opt/airflow/dags/raw.py
[2025-03-20T00:01:18.016+0000] {processor.py:925} INFO - DAG(s) 'weather_etl_pipeline' retrieved from /opt/airflow/dags/raw.py
[2025-03-20T00:01:18.113+0000] {logging_mixin.py:190} INFO - [2025-03-20T00:01:18.112+0000] {dag.py:3239} INFO - Sync 1 DAGs
[2025-03-20T00:01:18.242+0000] {logging_mixin.py:190} INFO - [2025-03-20T00:01:18.242+0000] {dag.py:4180} INFO - Setting next_dagrun for weather_etl_pipeline to 2025-03-19 00:00:00+00:00, run_after=2025-03-20 00:00:00+00:00
[2025-03-20T00:01:18.341+0000] {processor.py:208} INFO - Processing /opt/airflow/dags/raw.py took 0.408 seconds
[2025-03-20T00:01:57.477+0000] {processor.py:186} INFO - Started process (PID=22378) to work on /opt/airflow/dags/raw.py
[2025-03-20T00:01:57.482+0000] {processor.py:914} INFO - Processing file /opt/airflow/dags/raw.py for tasks to queue
[2025-03-20T00:01:57.485+0000] {logging_mixin.py:190} INFO - [2025-03-20T00:01:57.484+0000] {dagbag.py:588} INFO - Filling up the DagBag from /opt/airflow/dags/raw.py
[2025-03-20T00:01:57.735+0000] {processor.py:925} INFO - DAG(s) 'weather_etl_pipeline' retrieved from /opt/airflow/dags/raw.py
[2025-03-20T00:01:57.800+0000] {logging_mixin.py:190} INFO - [2025-03-20T00:01:57.799+0000] {dag.py:3239} INFO - Sync 1 DAGs
[2025-03-20T00:01:57.934+0000] {logging_mixin.py:190} INFO - [2025-03-20T00:01:57.933+0000] {dag.py:4180} INFO - Setting next_dagrun for weather_etl_pipeline to 2025-03-19 00:00:00+00:00, run_after=2025-03-20 00:00:00+00:00
[2025-03-20T00:01:58.063+0000] {processor.py:208} INFO - Processing /opt/airflow/dags/raw.py took 0.611 seconds
[2025-03-20T00:02:36.133+0000] {processor.py:186} INFO - Started process (PID=22432) to work on /opt/airflow/dags/raw.py
[2025-03-20T00:02:36.139+0000] {processor.py:914} INFO - Processing file /opt/airflow/dags/raw.py for tasks to queue
[2025-03-20T00:02:36.142+0000] {logging_mixin.py:190} INFO - [2025-03-20T00:02:36.141+0000] {dagbag.py:588} INFO - Filling up the DagBag from /opt/airflow/dags/raw.py
[2025-03-20T00:02:36.228+0000] {processor.py:925} INFO - DAG(s) 'weather_etl_pipeline' retrieved from /opt/airflow/dags/raw.py
[2025-03-20T00:02:36.343+0000] {logging_mixin.py:190} INFO - [2025-03-20T00:02:36.342+0000] {dag.py:3239} INFO - Sync 1 DAGs
[2025-03-20T00:02:36.424+0000] {logging_mixin.py:190} INFO - [2025-03-20T00:02:36.424+0000] {dag.py:4180} INFO - Setting next_dagrun for weather_etl_pipeline to 2025-03-19 00:00:00+00:00, run_after=2025-03-20 00:00:00+00:00
[2025-03-20T00:02:36.498+0000] {processor.py:208} INFO - Processing /opt/airflow/dags/raw.py took 0.381 seconds
[2025-03-20T00:03:07.157+0000] {processor.py:186} INFO - Started process (PID=22501) to work on /opt/airflow/dags/raw.py
[2025-03-20T00:03:07.159+0000] {processor.py:914} INFO - Processing file /opt/airflow/dags/raw.py for tasks to queue
[2025-03-20T00:03:07.163+0000] {logging_mixin.py:190} INFO - [2025-03-20T00:03:07.162+0000] {dagbag.py:588} INFO - Filling up the DagBag from /opt/airflow/dags/raw.py
[2025-03-20T00:03:07.207+0000] {processor.py:925} INFO - DAG(s) 'weather_etl_pipeline' retrieved from /opt/airflow/dags/raw.py
[2025-03-20T00:03:07.235+0000] {logging_mixin.py:190} INFO - [2025-03-20T00:03:07.235+0000] {dag.py:3239} INFO - Sync 1 DAGs
[2025-03-20T00:03:07.273+0000] {logging_mixin.py:190} INFO - [2025-03-20T00:03:07.273+0000] {dag.py:4180} INFO - Setting next_dagrun for weather_etl_pipeline to 2025-03-19 00:00:00+00:00, run_after=2025-03-20 00:00:00+00:00
[2025-03-20T00:03:07.296+0000] {processor.py:208} INFO - Processing /opt/airflow/dags/raw.py took 0.155 seconds
[2025-03-20T00:03:37.499+0000] {processor.py:186} INFO - Started process (PID=22570) to work on /opt/airflow/dags/raw.py
[2025-03-20T00:03:37.501+0000] {processor.py:914} INFO - Processing file /opt/airflow/dags/raw.py for tasks to queue
[2025-03-20T00:03:37.503+0000] {logging_mixin.py:190} INFO - [2025-03-20T00:03:37.503+0000] {dagbag.py:588} INFO - Filling up the DagBag from /opt/airflow/dags/raw.py
[2025-03-20T00:03:37.536+0000] {processor.py:925} INFO - DAG(s) 'weather_etl_pipeline' retrieved from /opt/airflow/dags/raw.py
[2025-03-20T00:03:37.563+0000] {logging_mixin.py:190} INFO - [2025-03-20T00:03:37.562+0000] {dag.py:3239} INFO - Sync 1 DAGs
[2025-03-20T00:03:37.592+0000] {logging_mixin.py:190} INFO - [2025-03-20T00:03:37.591+0000] {dag.py:4180} INFO - Setting next_dagrun for weather_etl_pipeline to 2025-03-19 00:00:00+00:00, run_after=2025-03-20 00:00:00+00:00
[2025-03-20T00:03:37.629+0000] {processor.py:208} INFO - Processing /opt/airflow/dags/raw.py took 0.151 seconds
[2025-03-20T00:04:09.252+0000] {processor.py:186} INFO - Started process (PID=22638) to work on /opt/airflow/dags/raw.py
[2025-03-20T00:04:09.253+0000] {processor.py:914} INFO - Processing file /opt/airflow/dags/raw.py for tasks to queue
[2025-03-20T00:04:09.266+0000] {logging_mixin.py:190} INFO - [2025-03-20T00:04:09.255+0000] {dagbag.py:588} INFO - Filling up the DagBag from /opt/airflow/dags/raw.py
[2025-03-20T00:04:09.321+0000] {processor.py:925} INFO - DAG(s) 'weather_etl_pipeline' retrieved from /opt/airflow/dags/raw.py
[2025-03-20T00:04:09.394+0000] {logging_mixin.py:190} INFO - [2025-03-20T00:04:09.394+0000] {dag.py:3239} INFO - Sync 1 DAGs
[2025-03-20T00:04:09.541+0000] {logging_mixin.py:190} INFO - [2025-03-20T00:04:09.540+0000] {dag.py:4180} INFO - Setting next_dagrun for weather_etl_pipeline to 2025-03-19 00:00:00+00:00, run_after=2025-03-20 00:00:00+00:00
[2025-03-20T00:04:09.629+0000] {processor.py:208} INFO - Processing /opt/airflow/dags/raw.py took 0.399 seconds
[2025-03-20T00:04:40.902+0000] {processor.py:186} INFO - Started process (PID=22707) to work on /opt/airflow/dags/raw.py
[2025-03-20T00:04:40.904+0000] {processor.py:914} INFO - Processing file /opt/airflow/dags/raw.py for tasks to queue
[2025-03-20T00:04:40.905+0000] {logging_mixin.py:190} INFO - [2025-03-20T00:04:40.905+0000] {dagbag.py:588} INFO - Filling up the DagBag from /opt/airflow/dags/raw.py
[2025-03-20T00:04:40.933+0000] {processor.py:925} INFO - DAG(s) 'weather_etl_pipeline' retrieved from /opt/airflow/dags/raw.py
[2025-03-20T00:04:40.962+0000] {logging_mixin.py:190} INFO - [2025-03-20T00:04:40.961+0000] {dag.py:3239} INFO - Sync 1 DAGs
[2025-03-20T00:04:40.997+0000] {logging_mixin.py:190} INFO - [2025-03-20T00:04:40.997+0000] {dag.py:4180} INFO - Setting next_dagrun for weather_etl_pipeline to 2025-03-19 00:00:00+00:00, run_after=2025-03-20 00:00:00+00:00
[2025-03-20T00:04:41.024+0000] {processor.py:208} INFO - Processing /opt/airflow/dags/raw.py took 0.130 seconds
[2025-03-20T00:05:12.924+0000] {processor.py:186} INFO - Started process (PID=22775) to work on /opt/airflow/dags/raw.py
[2025-03-20T00:05:12.926+0000] {processor.py:914} INFO - Processing file /opt/airflow/dags/raw.py for tasks to queue
[2025-03-20T00:05:12.928+0000] {logging_mixin.py:190} INFO - [2025-03-20T00:05:12.927+0000] {dagbag.py:588} INFO - Filling up the DagBag from /opt/airflow/dags/raw.py
[2025-03-20T00:05:12.959+0000] {processor.py:925} INFO - DAG(s) 'weather_etl_pipeline' retrieved from /opt/airflow/dags/raw.py
[2025-03-20T00:05:12.989+0000] {logging_mixin.py:190} INFO - [2025-03-20T00:05:12.989+0000] {dag.py:3239} INFO - Sync 1 DAGs
[2025-03-20T00:05:13.031+0000] {logging_mixin.py:190} INFO - [2025-03-20T00:05:13.031+0000] {dag.py:4180} INFO - Setting next_dagrun for weather_etl_pipeline to 2025-03-19 00:00:00+00:00, run_after=2025-03-20 00:00:00+00:00
[2025-03-20T00:05:13.106+0000] {processor.py:208} INFO - Processing /opt/airflow/dags/raw.py took 0.191 seconds
[2025-03-20T00:05:44.052+0000] {processor.py:186} INFO - Started process (PID=22843) to work on /opt/airflow/dags/raw.py
[2025-03-20T00:05:44.057+0000] {processor.py:914} INFO - Processing file /opt/airflow/dags/raw.py for tasks to queue
[2025-03-20T00:05:44.060+0000] {logging_mixin.py:190} INFO - [2025-03-20T00:05:44.060+0000] {dagbag.py:588} INFO - Filling up the DagBag from /opt/airflow/dags/raw.py
[2025-03-20T00:05:44.141+0000] {processor.py:925} INFO - DAG(s) 'weather_etl_pipeline' retrieved from /opt/airflow/dags/raw.py
[2025-03-20T00:05:44.264+0000] {logging_mixin.py:190} INFO - [2025-03-20T00:05:44.258+0000] {dag.py:3239} INFO - Sync 1 DAGs
[2025-03-20T00:05:44.420+0000] {logging_mixin.py:190} INFO - [2025-03-20T00:05:44.420+0000] {dag.py:4180} INFO - Setting next_dagrun for weather_etl_pipeline to 2025-03-19 00:00:00+00:00, run_after=2025-03-20 00:00:00+00:00
[2025-03-20T00:05:44.490+0000] {processor.py:208} INFO - Processing /opt/airflow/dags/raw.py took 0.455 seconds
[2025-03-20T00:06:16.355+0000] {processor.py:186} INFO - Started process (PID=22912) to work on /opt/airflow/dags/raw.py
[2025-03-20T00:06:16.362+0000] {processor.py:914} INFO - Processing file /opt/airflow/dags/raw.py for tasks to queue
[2025-03-20T00:06:16.369+0000] {logging_mixin.py:190} INFO - [2025-03-20T00:06:16.368+0000] {dagbag.py:588} INFO - Filling up the DagBag from /opt/airflow/dags/raw.py
[2025-03-20T00:06:16.419+0000] {processor.py:925} INFO - DAG(s) 'weather_etl_pipeline' retrieved from /opt/airflow/dags/raw.py
[2025-03-20T00:06:16.461+0000] {logging_mixin.py:190} INFO - [2025-03-20T00:06:16.461+0000] {dag.py:3239} INFO - Sync 1 DAGs
[2025-03-20T00:06:16.518+0000] {logging_mixin.py:190} INFO - [2025-03-20T00:06:16.518+0000] {dag.py:4180} INFO - Setting next_dagrun for weather_etl_pipeline to 2025-03-19 00:00:00+00:00, run_after=2025-03-20 00:00:00+00:00
[2025-03-20T00:06:16.566+0000] {processor.py:208} INFO - Processing /opt/airflow/dags/raw.py took 0.232 seconds
[2025-03-20T00:06:48.147+0000] {processor.py:186} INFO - Started process (PID=22979) to work on /opt/airflow/dags/raw.py
[2025-03-20T00:06:48.162+0000] {processor.py:914} INFO - Processing file /opt/airflow/dags/raw.py for tasks to queue
[2025-03-20T00:06:48.169+0000] {logging_mixin.py:190} INFO - [2025-03-20T00:06:48.168+0000] {dagbag.py:588} INFO - Filling up the DagBag from /opt/airflow/dags/raw.py
[2025-03-20T00:06:48.351+0000] {processor.py:925} INFO - DAG(s) 'weather_etl_pipeline' retrieved from /opt/airflow/dags/raw.py
[2025-03-20T00:06:48.492+0000] {logging_mixin.py:190} INFO - [2025-03-20T00:06:48.492+0000] {dag.py:3239} INFO - Sync 1 DAGs
[2025-03-20T00:06:48.704+0000] {logging_mixin.py:190} INFO - [2025-03-20T00:06:48.704+0000] {dag.py:4180} INFO - Setting next_dagrun for weather_etl_pipeline to 2025-03-19 00:00:00+00:00, run_after=2025-03-20 00:00:00+00:00
[2025-03-20T00:06:48.860+0000] {processor.py:208} INFO - Processing /opt/airflow/dags/raw.py took 0.732 seconds
[2025-03-20T00:07:20.470+0000] {processor.py:186} INFO - Started process (PID=23048) to work on /opt/airflow/dags/raw.py
[2025-03-20T00:07:20.471+0000] {processor.py:914} INFO - Processing file /opt/airflow/dags/raw.py for tasks to queue
[2025-03-20T00:07:20.473+0000] {logging_mixin.py:190} INFO - [2025-03-20T00:07:20.472+0000] {dagbag.py:588} INFO - Filling up the DagBag from /opt/airflow/dags/raw.py
[2025-03-20T00:07:20.495+0000] {processor.py:925} INFO - DAG(s) 'weather_etl_pipeline' retrieved from /opt/airflow/dags/raw.py
[2025-03-20T00:07:20.518+0000] {logging_mixin.py:190} INFO - [2025-03-20T00:07:20.517+0000] {dag.py:3239} INFO - Sync 1 DAGs
[2025-03-20T00:07:20.556+0000] {logging_mixin.py:190} INFO - [2025-03-20T00:07:20.556+0000] {dag.py:4180} INFO - Setting next_dagrun for weather_etl_pipeline to 2025-03-19 00:00:00+00:00, run_after=2025-03-20 00:00:00+00:00
[2025-03-20T00:07:20.589+0000] {processor.py:208} INFO - Processing /opt/airflow/dags/raw.py took 0.129 seconds
[2025-03-20T00:07:51.315+0000] {processor.py:186} INFO - Started process (PID=23117) to work on /opt/airflow/dags/raw.py
[2025-03-20T00:07:51.316+0000] {processor.py:914} INFO - Processing file /opt/airflow/dags/raw.py for tasks to queue
[2025-03-20T00:07:51.318+0000] {logging_mixin.py:190} INFO - [2025-03-20T00:07:51.318+0000] {dagbag.py:588} INFO - Filling up the DagBag from /opt/airflow/dags/raw.py
[2025-03-20T00:07:51.347+0000] {processor.py:925} INFO - DAG(s) 'weather_etl_pipeline' retrieved from /opt/airflow/dags/raw.py
[2025-03-20T00:07:51.372+0000] {logging_mixin.py:190} INFO - [2025-03-20T00:07:51.372+0000] {dag.py:3239} INFO - Sync 1 DAGs
[2025-03-20T00:07:51.402+0000] {logging_mixin.py:190} INFO - [2025-03-20T00:07:51.402+0000] {dag.py:4180} INFO - Setting next_dagrun for weather_etl_pipeline to 2025-03-19 00:00:00+00:00, run_after=2025-03-20 00:00:00+00:00
[2025-03-20T00:07:51.437+0000] {processor.py:208} INFO - Processing /opt/airflow/dags/raw.py took 0.130 seconds
[2025-03-20T00:08:23.878+0000] {processor.py:186} INFO - Started process (PID=23185) to work on /opt/airflow/dags/raw.py
[2025-03-20T00:08:23.882+0000] {processor.py:914} INFO - Processing file /opt/airflow/dags/raw.py for tasks to queue
[2025-03-20T00:08:23.887+0000] {logging_mixin.py:190} INFO - [2025-03-20T00:08:23.886+0000] {dagbag.py:588} INFO - Filling up the DagBag from /opt/airflow/dags/raw.py
[2025-03-20T00:08:24.083+0000] {processor.py:925} INFO - DAG(s) 'weather_etl_pipeline' retrieved from /opt/airflow/dags/raw.py
[2025-03-20T00:08:24.196+0000] {logging_mixin.py:190} INFO - [2025-03-20T00:08:24.195+0000] {dag.py:3239} INFO - Sync 1 DAGs
[2025-03-20T00:08:24.385+0000] {logging_mixin.py:190} INFO - [2025-03-20T00:08:24.374+0000] {dag.py:4180} INFO - Setting next_dagrun for weather_etl_pipeline to 2025-03-19 00:00:00+00:00, run_after=2025-03-20 00:00:00+00:00
[2025-03-20T00:08:24.718+0000] {processor.py:208} INFO - Processing /opt/airflow/dags/raw.py took 0.875 seconds
[2025-03-20T00:08:57.304+0000] {processor.py:186} INFO - Started process (PID=23260) to work on /opt/airflow/dags/raw.py
[2025-03-20T00:08:57.307+0000] {processor.py:914} INFO - Processing file /opt/airflow/dags/raw.py for tasks to queue
[2025-03-20T00:08:57.313+0000] {logging_mixin.py:190} INFO - [2025-03-20T00:08:57.312+0000] {dagbag.py:588} INFO - Filling up the DagBag from /opt/airflow/dags/raw.py
[2025-03-20T00:08:57.502+0000] {processor.py:925} INFO - DAG(s) 'weather_etl_pipeline' retrieved from /opt/airflow/dags/raw.py
[2025-03-20T00:08:57.600+0000] {logging_mixin.py:190} INFO - [2025-03-20T00:08:57.595+0000] {dag.py:3239} INFO - Sync 1 DAGs
[2025-03-20T00:08:57.713+0000] {logging_mixin.py:190} INFO - [2025-03-20T00:08:57.712+0000] {dag.py:4180} INFO - Setting next_dagrun for weather_etl_pipeline to 2025-03-19 00:00:00+00:00, run_after=2025-03-20 00:00:00+00:00
[2025-03-20T00:08:57.789+0000] {processor.py:208} INFO - Processing /opt/airflow/dags/raw.py took 0.501 seconds
[2025-03-20T00:09:33.121+0000] {processor.py:186} INFO - Started process (PID=23329) to work on /opt/airflow/dags/raw.py
[2025-03-20T00:09:33.125+0000] {processor.py:914} INFO - Processing file /opt/airflow/dags/raw.py for tasks to queue
[2025-03-20T00:09:33.136+0000] {logging_mixin.py:190} INFO - [2025-03-20T00:09:33.136+0000] {dagbag.py:588} INFO - Filling up the DagBag from /opt/airflow/dags/raw.py
[2025-03-20T00:09:33.276+0000] {processor.py:925} INFO - DAG(s) 'weather_etl_pipeline' retrieved from /opt/airflow/dags/raw.py
[2025-03-20T00:09:33.378+0000] {logging_mixin.py:190} INFO - [2025-03-20T00:09:33.377+0000] {dag.py:3239} INFO - Sync 1 DAGs
[2025-03-20T00:09:33.498+0000] {logging_mixin.py:190} INFO - [2025-03-20T00:09:33.498+0000] {dag.py:4180} INFO - Setting next_dagrun for weather_etl_pipeline to 2025-03-19 00:00:00+00:00, run_after=2025-03-20 00:00:00+00:00
[2025-03-20T00:09:33.553+0000] {processor.py:208} INFO - Processing /opt/airflow/dags/raw.py took 0.456 seconds
[2025-03-20T00:10:05.826+0000] {processor.py:186} INFO - Started process (PID=23398) to work on /opt/airflow/dags/raw.py
[2025-03-20T00:10:05.829+0000] {processor.py:914} INFO - Processing file /opt/airflow/dags/raw.py for tasks to queue
[2025-03-20T00:10:05.852+0000] {logging_mixin.py:190} INFO - [2025-03-20T00:10:05.851+0000] {dagbag.py:588} INFO - Filling up the DagBag from /opt/airflow/dags/raw.py
[2025-03-20T00:10:06.072+0000] {processor.py:925} INFO - DAG(s) 'weather_etl_pipeline' retrieved from /opt/airflow/dags/raw.py
[2025-03-20T00:10:06.152+0000] {logging_mixin.py:190} INFO - [2025-03-20T00:10:06.152+0000] {dag.py:3239} INFO - Sync 1 DAGs
[2025-03-20T00:10:06.288+0000] {logging_mixin.py:190} INFO - [2025-03-20T00:10:06.288+0000] {dag.py:4180} INFO - Setting next_dagrun for weather_etl_pipeline to 2025-03-19 00:00:00+00:00, run_after=2025-03-20 00:00:00+00:00
[2025-03-20T00:10:06.417+0000] {processor.py:208} INFO - Processing /opt/airflow/dags/raw.py took 0.612 seconds
[2025-03-20T00:10:36.654+0000] {processor.py:186} INFO - Started process (PID=23466) to work on /opt/airflow/dags/raw.py
[2025-03-20T00:10:36.656+0000] {processor.py:914} INFO - Processing file /opt/airflow/dags/raw.py for tasks to queue
[2025-03-20T00:10:36.659+0000] {logging_mixin.py:190} INFO - [2025-03-20T00:10:36.658+0000] {dagbag.py:588} INFO - Filling up the DagBag from /opt/airflow/dags/raw.py
[2025-03-20T00:10:36.695+0000] {processor.py:925} INFO - DAG(s) 'weather_etl_pipeline' retrieved from /opt/airflow/dags/raw.py
[2025-03-20T00:10:36.727+0000] {logging_mixin.py:190} INFO - [2025-03-20T00:10:36.726+0000] {dag.py:3239} INFO - Sync 1 DAGs
[2025-03-20T00:10:36.831+0000] {logging_mixin.py:190} INFO - [2025-03-20T00:10:36.830+0000] {dag.py:4180} INFO - Setting next_dagrun for weather_etl_pipeline to 2025-03-19 00:00:00+00:00, run_after=2025-03-20 00:00:00+00:00
[2025-03-20T00:10:36.888+0000] {processor.py:208} INFO - Processing /opt/airflow/dags/raw.py took 0.246 seconds
[2025-03-20T00:11:07.342+0000] {processor.py:186} INFO - Started process (PID=23534) to work on /opt/airflow/dags/raw.py
[2025-03-20T00:11:07.344+0000] {processor.py:914} INFO - Processing file /opt/airflow/dags/raw.py for tasks to queue
[2025-03-20T00:11:07.346+0000] {logging_mixin.py:190} INFO - [2025-03-20T00:11:07.345+0000] {dagbag.py:588} INFO - Filling up the DagBag from /opt/airflow/dags/raw.py
[2025-03-20T00:11:07.380+0000] {processor.py:925} INFO - DAG(s) 'weather_etl_pipeline' retrieved from /opt/airflow/dags/raw.py
[2025-03-20T00:11:07.407+0000] {logging_mixin.py:190} INFO - [2025-03-20T00:11:07.407+0000] {dag.py:3239} INFO - Sync 1 DAGs
[2025-03-20T00:11:07.456+0000] {logging_mixin.py:190} INFO - [2025-03-20T00:11:07.455+0000] {dag.py:4180} INFO - Setting next_dagrun for weather_etl_pipeline to 2025-03-19 00:00:00+00:00, run_after=2025-03-20 00:00:00+00:00
[2025-03-20T00:11:07.509+0000] {processor.py:208} INFO - Processing /opt/airflow/dags/raw.py took 0.186 seconds
[2025-03-20T00:11:39.310+0000] {processor.py:186} INFO - Started process (PID=23601) to work on /opt/airflow/dags/raw.py
[2025-03-20T00:11:39.315+0000] {processor.py:914} INFO - Processing file /opt/airflow/dags/raw.py for tasks to queue
[2025-03-20T00:11:39.323+0000] {logging_mixin.py:190} INFO - [2025-03-20T00:11:39.322+0000] {dagbag.py:588} INFO - Filling up the DagBag from /opt/airflow/dags/raw.py
[2025-03-20T00:11:39.381+0000] {processor.py:925} INFO - DAG(s) 'weather_etl_pipeline' retrieved from /opt/airflow/dags/raw.py
[2025-03-20T00:11:39.426+0000] {logging_mixin.py:190} INFO - [2025-03-20T00:11:39.426+0000] {dag.py:3239} INFO - Sync 1 DAGs
[2025-03-20T00:11:39.511+0000] {logging_mixin.py:190} INFO - [2025-03-20T00:11:39.510+0000] {dag.py:4180} INFO - Setting next_dagrun for weather_etl_pipeline to 2025-03-19 00:00:00+00:00, run_after=2025-03-20 00:00:00+00:00
[2025-03-20T00:11:39.550+0000] {processor.py:208} INFO - Processing /opt/airflow/dags/raw.py took 0.256 seconds
[2025-03-20T00:12:13.750+0000] {processor.py:186} INFO - Started process (PID=23668) to work on /opt/airflow/dags/raw.py
[2025-03-20T00:12:13.757+0000] {processor.py:914} INFO - Processing file /opt/airflow/dags/raw.py for tasks to queue
[2025-03-20T00:12:13.772+0000] {logging_mixin.py:190} INFO - [2025-03-20T00:12:13.771+0000] {dagbag.py:588} INFO - Filling up the DagBag from /opt/airflow/dags/raw.py
[2025-03-20T00:12:13.925+0000] {processor.py:925} INFO - DAG(s) 'weather_etl_pipeline' retrieved from /opt/airflow/dags/raw.py
[2025-03-20T00:12:14.012+0000] {logging_mixin.py:190} INFO - [2025-03-20T00:12:14.011+0000] {dag.py:3239} INFO - Sync 1 DAGs
[2025-03-20T00:12:14.126+0000] {logging_mixin.py:190} INFO - [2025-03-20T00:12:14.125+0000] {dag.py:4180} INFO - Setting next_dagrun for weather_etl_pipeline to 2025-03-19 00:00:00+00:00, run_after=2025-03-20 00:00:00+00:00
[2025-03-20T00:12:14.177+0000] {processor.py:208} INFO - Processing /opt/airflow/dags/raw.py took 0.460 seconds
[2025-03-20T00:12:45.431+0000] {processor.py:186} INFO - Started process (PID=23736) to work on /opt/airflow/dags/raw.py
[2025-03-20T00:12:45.433+0000] {processor.py:914} INFO - Processing file /opt/airflow/dags/raw.py for tasks to queue
[2025-03-20T00:12:45.448+0000] {logging_mixin.py:190} INFO - [2025-03-20T00:12:45.447+0000] {dagbag.py:588} INFO - Filling up the DagBag from /opt/airflow/dags/raw.py
[2025-03-20T00:12:45.626+0000] {processor.py:925} INFO - DAG(s) 'weather_etl_pipeline' retrieved from /opt/airflow/dags/raw.py
[2025-03-20T00:12:45.737+0000] {logging_mixin.py:190} INFO - [2025-03-20T00:12:45.737+0000] {dag.py:3239} INFO - Sync 1 DAGs
[2025-03-20T00:12:45.922+0000] {logging_mixin.py:190} INFO - [2025-03-20T00:12:45.920+0000] {dag.py:4180} INFO - Setting next_dagrun for weather_etl_pipeline to 2025-03-19 00:00:00+00:00, run_after=2025-03-20 00:00:00+00:00
[2025-03-20T00:12:46.043+0000] {processor.py:208} INFO - Processing /opt/airflow/dags/raw.py took 0.631 seconds
[2025-03-20T00:13:16.768+0000] {processor.py:186} INFO - Started process (PID=23805) to work on /opt/airflow/dags/raw.py
[2025-03-20T00:13:16.769+0000] {processor.py:914} INFO - Processing file /opt/airflow/dags/raw.py for tasks to queue
[2025-03-20T00:13:16.771+0000] {logging_mixin.py:190} INFO - [2025-03-20T00:13:16.770+0000] {dagbag.py:588} INFO - Filling up the DagBag from /opt/airflow/dags/raw.py
[2025-03-20T00:13:16.793+0000] {processor.py:925} INFO - DAG(s) 'weather_etl_pipeline' retrieved from /opt/airflow/dags/raw.py
[2025-03-20T00:13:16.822+0000] {logging_mixin.py:190} INFO - [2025-03-20T00:13:16.821+0000] {dag.py:3239} INFO - Sync 1 DAGs
[2025-03-20T00:13:16.871+0000] {logging_mixin.py:190} INFO - [2025-03-20T00:13:16.870+0000] {dag.py:4180} INFO - Setting next_dagrun for weather_etl_pipeline to 2025-03-19 00:00:00+00:00, run_after=2025-03-20 00:00:00+00:00
[2025-03-20T00:13:16.904+0000] {processor.py:208} INFO - Processing /opt/airflow/dags/raw.py took 0.145 seconds
[2025-03-20T00:13:52.498+0000] {processor.py:186} INFO - Started process (PID=23868) to work on /opt/airflow/dags/raw.py
[2025-03-20T00:13:52.500+0000] {processor.py:914} INFO - Processing file /opt/airflow/dags/raw.py for tasks to queue
[2025-03-20T00:13:52.510+0000] {logging_mixin.py:190} INFO - [2025-03-20T00:13:52.507+0000] {dagbag.py:588} INFO - Filling up the DagBag from /opt/airflow/dags/raw.py
[2025-03-20T00:13:52.568+0000] {processor.py:925} INFO - DAG(s) 'weather_etl_pipeline' retrieved from /opt/airflow/dags/raw.py
[2025-03-20T00:13:52.626+0000] {logging_mixin.py:190} INFO - [2025-03-20T00:13:52.626+0000] {dag.py:3239} INFO - Sync 1 DAGs
[2025-03-20T00:13:52.773+0000] {logging_mixin.py:190} INFO - [2025-03-20T00:13:52.772+0000] {dag.py:4180} INFO - Setting next_dagrun for weather_etl_pipeline to 2025-03-19 00:00:00+00:00, run_after=2025-03-20 00:00:00+00:00
[2025-03-20T00:13:52.864+0000] {processor.py:208} INFO - Processing /opt/airflow/dags/raw.py took 0.383 seconds
[2025-03-20T00:14:23.120+0000] {processor.py:186} INFO - Started process (PID=23936) to work on /opt/airflow/dags/raw.py
[2025-03-20T00:14:23.122+0000] {processor.py:914} INFO - Processing file /opt/airflow/dags/raw.py for tasks to queue
[2025-03-20T00:14:23.124+0000] {logging_mixin.py:190} INFO - [2025-03-20T00:14:23.124+0000] {dagbag.py:588} INFO - Filling up the DagBag from /opt/airflow/dags/raw.py
[2025-03-20T00:14:23.160+0000] {processor.py:925} INFO - DAG(s) 'weather_etl_pipeline' retrieved from /opt/airflow/dags/raw.py
[2025-03-20T00:14:23.190+0000] {logging_mixin.py:190} INFO - [2025-03-20T00:14:23.189+0000] {dag.py:3239} INFO - Sync 1 DAGs
[2025-03-20T00:14:23.255+0000] {logging_mixin.py:190} INFO - [2025-03-20T00:14:23.255+0000] {dag.py:4180} INFO - Setting next_dagrun for weather_etl_pipeline to 2025-03-19 00:00:00+00:00, run_after=2025-03-20 00:00:00+00:00
[2025-03-20T00:14:23.305+0000] {processor.py:208} INFO - Processing /opt/airflow/dags/raw.py took 0.197 seconds
[2025-03-20T00:14:57.798+0000] {processor.py:186} INFO - Started process (PID=24009) to work on /opt/airflow/dags/raw.py
[2025-03-20T00:14:57.802+0000] {processor.py:914} INFO - Processing file /opt/airflow/dags/raw.py for tasks to queue
[2025-03-20T00:14:57.806+0000] {logging_mixin.py:190} INFO - [2025-03-20T00:14:57.805+0000] {dagbag.py:588} INFO - Filling up the DagBag from /opt/airflow/dags/raw.py
[2025-03-20T00:14:57.910+0000] {processor.py:925} INFO - DAG(s) 'weather_etl_pipeline' retrieved from /opt/airflow/dags/raw.py
[2025-03-20T00:14:57.983+0000] {logging_mixin.py:190} INFO - [2025-03-20T00:14:57.982+0000] {dag.py:3239} INFO - Sync 1 DAGs
[2025-03-20T00:14:58.109+0000] {logging_mixin.py:190} INFO - [2025-03-20T00:14:58.108+0000] {dag.py:4180} INFO - Setting next_dagrun for weather_etl_pipeline to 2025-03-19 00:00:00+00:00, run_after=2025-03-20 00:00:00+00:00
[2025-03-20T00:14:58.195+0000] {processor.py:208} INFO - Processing /opt/airflow/dags/raw.py took 0.417 seconds
[2025-03-20T00:15:36.258+0000] {processor.py:186} INFO - Started process (PID=24077) to work on /opt/airflow/dags/raw.py
[2025-03-20T00:15:36.366+0000] {processor.py:914} INFO - Processing file /opt/airflow/dags/raw.py for tasks to queue
[2025-03-20T00:15:36.464+0000] {logging_mixin.py:190} INFO - [2025-03-20T00:15:36.464+0000] {dagbag.py:588} INFO - Filling up the DagBag from /opt/airflow/dags/raw.py
[2025-03-20T00:15:38.778+0000] {processor.py:925} INFO - DAG(s) 'weather_etl_pipeline' retrieved from /opt/airflow/dags/raw.py
[2025-03-20T00:15:39.220+0000] {logging_mixin.py:190} INFO - [2025-03-20T00:15:39.220+0000] {dag.py:3239} INFO - Sync 1 DAGs
[2025-03-20T00:15:39.482+0000] {logging_mixin.py:190} INFO - [2025-03-20T00:15:39.481+0000] {dag.py:4180} INFO - Setting next_dagrun for weather_etl_pipeline to 2025-03-19 00:00:00+00:00, run_after=2025-03-20 00:00:00+00:00
[2025-03-20T00:15:39.977+0000] {processor.py:208} INFO - Processing /opt/airflow/dags/raw.py took 3.741 seconds
[2025-03-20T00:16:29.830+0000] {processor.py:186} INFO - Started process (PID=24144) to work on /opt/airflow/dags/raw.py
[2025-03-20T00:16:29.832+0000] {processor.py:914} INFO - Processing file /opt/airflow/dags/raw.py for tasks to queue
[2025-03-20T00:16:29.834+0000] {logging_mixin.py:190} INFO - [2025-03-20T00:16:29.834+0000] {dagbag.py:588} INFO - Filling up the DagBag from /opt/airflow/dags/raw.py
[2025-03-20T00:16:29.867+0000] {processor.py:925} INFO - DAG(s) 'weather_etl_pipeline' retrieved from /opt/airflow/dags/raw.py
[2025-03-20T00:16:29.909+0000] {logging_mixin.py:190} INFO - [2025-03-20T00:16:29.908+0000] {dag.py:3239} INFO - Sync 1 DAGs
[2025-03-20T00:16:30.009+0000] {logging_mixin.py:190} INFO - [2025-03-20T00:16:30.008+0000] {dag.py:4180} INFO - Setting next_dagrun for weather_etl_pipeline to 2025-03-19 00:00:00+00:00, run_after=2025-03-20 00:00:00+00:00
[2025-03-20T00:16:30.100+0000] {processor.py:208} INFO - Processing /opt/airflow/dags/raw.py took 0.280 seconds
[2025-03-20T00:17:02.577+0000] {processor.py:186} INFO - Started process (PID=24204) to work on /opt/airflow/dags/raw.py
[2025-03-20T00:17:02.591+0000] {processor.py:914} INFO - Processing file /opt/airflow/dags/raw.py for tasks to queue
[2025-03-20T00:17:02.600+0000] {logging_mixin.py:190} INFO - [2025-03-20T00:17:02.599+0000] {dagbag.py:588} INFO - Filling up the DagBag from /opt/airflow/dags/raw.py
[2025-03-20T00:17:02.791+0000] {processor.py:925} INFO - DAG(s) 'weather_etl_pipeline' retrieved from /opt/airflow/dags/raw.py
[2025-03-20T00:17:02.858+0000] {logging_mixin.py:190} INFO - [2025-03-20T00:17:02.858+0000] {dag.py:3239} INFO - Sync 1 DAGs
[2025-03-20T00:17:02.992+0000] {logging_mixin.py:190} INFO - [2025-03-20T00:17:02.992+0000] {dag.py:4180} INFO - Setting next_dagrun for weather_etl_pipeline to 2025-03-19 00:00:00+00:00, run_after=2025-03-20 00:00:00+00:00
[2025-03-20T00:17:03.087+0000] {processor.py:208} INFO - Processing /opt/airflow/dags/raw.py took 0.547 seconds
[2025-03-20T00:17:36.823+0000] {processor.py:186} INFO - Started process (PID=24273) to work on /opt/airflow/dags/raw.py
[2025-03-20T00:17:36.825+0000] {processor.py:914} INFO - Processing file /opt/airflow/dags/raw.py for tasks to queue
[2025-03-20T00:17:36.828+0000] {logging_mixin.py:190} INFO - [2025-03-20T00:17:36.827+0000] {dagbag.py:588} INFO - Filling up the DagBag from /opt/airflow/dags/raw.py
[2025-03-20T00:17:37.090+0000] {processor.py:925} INFO - DAG(s) 'weather_etl_pipeline' retrieved from /opt/airflow/dags/raw.py
[2025-03-20T00:17:37.148+0000] {logging_mixin.py:190} INFO - [2025-03-20T00:17:37.148+0000] {dag.py:3239} INFO - Sync 1 DAGs
[2025-03-20T00:17:37.212+0000] {logging_mixin.py:190} INFO - [2025-03-20T00:17:37.212+0000] {dag.py:4180} INFO - Setting next_dagrun for weather_etl_pipeline to 2025-03-19 00:00:00+00:00, run_after=2025-03-20 00:00:00+00:00
[2025-03-20T00:17:37.260+0000] {processor.py:208} INFO - Processing /opt/airflow/dags/raw.py took 0.452 seconds
[2025-03-20T00:18:16.115+0000] {processor.py:186} INFO - Started process (PID=24341) to work on /opt/airflow/dags/raw.py
[2025-03-20T00:18:16.129+0000] {processor.py:914} INFO - Processing file /opt/airflow/dags/raw.py for tasks to queue
[2025-03-20T00:18:16.132+0000] {logging_mixin.py:190} INFO - [2025-03-20T00:18:16.131+0000] {dagbag.py:588} INFO - Filling up the DagBag from /opt/airflow/dags/raw.py
[2025-03-20T00:18:16.228+0000] {processor.py:925} INFO - DAG(s) 'weather_etl_pipeline' retrieved from /opt/airflow/dags/raw.py
[2025-03-20T00:18:16.401+0000] {logging_mixin.py:190} INFO - [2025-03-20T00:18:16.400+0000] {dag.py:3239} INFO - Sync 1 DAGs
[2025-03-20T00:18:16.621+0000] {logging_mixin.py:190} INFO - [2025-03-20T00:18:16.620+0000] {dag.py:4180} INFO - Setting next_dagrun for weather_etl_pipeline to 2025-03-19 00:00:00+00:00, run_after=2025-03-20 00:00:00+00:00
[2025-03-20T00:18:16.783+0000] {processor.py:208} INFO - Processing /opt/airflow/dags/raw.py took 0.706 seconds
[2025-03-20T00:18:51.994+0000] {processor.py:186} INFO - Started process (PID=24410) to work on /opt/airflow/dags/raw.py
[2025-03-20T00:18:52.006+0000] {processor.py:914} INFO - Processing file /opt/airflow/dags/raw.py for tasks to queue
[2025-03-20T00:18:52.011+0000] {logging_mixin.py:190} INFO - [2025-03-20T00:18:52.010+0000] {dagbag.py:588} INFO - Filling up the DagBag from /opt/airflow/dags/raw.py
[2025-03-20T00:18:52.188+0000] {processor.py:925} INFO - DAG(s) 'weather_etl_pipeline' retrieved from /opt/airflow/dags/raw.py
[2025-03-20T00:18:52.285+0000] {logging_mixin.py:190} INFO - [2025-03-20T00:18:52.285+0000] {dag.py:3239} INFO - Sync 1 DAGs
[2025-03-20T00:18:52.499+0000] {logging_mixin.py:190} INFO - [2025-03-20T00:18:52.499+0000] {dag.py:4180} INFO - Setting next_dagrun for weather_etl_pipeline to 2025-03-19 00:00:00+00:00, run_after=2025-03-20 00:00:00+00:00
[2025-03-20T00:18:52.848+0000] {processor.py:208} INFO - Processing /opt/airflow/dags/raw.py took 0.877 seconds
[2025-03-20T00:19:24.190+0000] {processor.py:186} INFO - Started process (PID=24483) to work on /opt/airflow/dags/raw.py
[2025-03-20T00:19:24.196+0000] {processor.py:914} INFO - Processing file /opt/airflow/dags/raw.py for tasks to queue
[2025-03-20T00:19:24.200+0000] {logging_mixin.py:190} INFO - [2025-03-20T00:19:24.200+0000] {dagbag.py:588} INFO - Filling up the DagBag from /opt/airflow/dags/raw.py
[2025-03-20T00:19:24.309+0000] {processor.py:925} INFO - DAG(s) 'weather_etl_pipeline' retrieved from /opt/airflow/dags/raw.py
[2025-03-20T00:19:24.407+0000] {logging_mixin.py:190} INFO - [2025-03-20T00:19:24.407+0000] {dag.py:3239} INFO - Sync 1 DAGs
[2025-03-20T00:19:24.987+0000] {logging_mixin.py:190} INFO - [2025-03-20T00:19:24.987+0000] {dag.py:4180} INFO - Setting next_dagrun for weather_etl_pipeline to 2025-03-19 00:00:00+00:00, run_after=2025-03-20 00:00:00+00:00
[2025-03-20T00:19:25.032+0000] {processor.py:208} INFO - Processing /opt/airflow/dags/raw.py took 0.900 seconds
[2025-03-20T00:19:56.770+0000] {processor.py:186} INFO - Started process (PID=24552) to work on /opt/airflow/dags/raw.py
[2025-03-20T00:19:56.772+0000] {processor.py:914} INFO - Processing file /opt/airflow/dags/raw.py for tasks to queue
[2025-03-20T00:19:56.774+0000] {logging_mixin.py:190} INFO - [2025-03-20T00:19:56.773+0000] {dagbag.py:588} INFO - Filling up the DagBag from /opt/airflow/dags/raw.py
[2025-03-20T00:19:56.960+0000] {processor.py:925} INFO - DAG(s) 'weather_etl_pipeline' retrieved from /opt/airflow/dags/raw.py
[2025-03-20T00:19:57.043+0000] {logging_mixin.py:190} INFO - [2025-03-20T00:19:57.043+0000] {dag.py:3239} INFO - Sync 1 DAGs
[2025-03-20T00:19:57.159+0000] {logging_mixin.py:190} INFO - [2025-03-20T00:19:57.158+0000] {dag.py:4180} INFO - Setting next_dagrun for weather_etl_pipeline to 2025-03-19 00:00:00+00:00, run_after=2025-03-20 00:00:00+00:00
[2025-03-20T00:19:57.240+0000] {processor.py:208} INFO - Processing /opt/airflow/dags/raw.py took 0.486 seconds
[2025-03-20T00:20:30.245+0000] {processor.py:186} INFO - Started process (PID=24621) to work on /opt/airflow/dags/raw.py
[2025-03-20T00:20:30.251+0000] {processor.py:914} INFO - Processing file /opt/airflow/dags/raw.py for tasks to queue
[2025-03-20T00:20:30.259+0000] {logging_mixin.py:190} INFO - [2025-03-20T00:20:30.258+0000] {dagbag.py:588} INFO - Filling up the DagBag from /opt/airflow/dags/raw.py
[2025-03-20T00:20:30.336+0000] {processor.py:925} INFO - DAG(s) 'weather_etl_pipeline' retrieved from /opt/airflow/dags/raw.py
[2025-03-20T00:20:30.414+0000] {logging_mixin.py:190} INFO - [2025-03-20T00:20:30.404+0000] {dag.py:3239} INFO - Sync 1 DAGs
[2025-03-20T00:20:30.567+0000] {logging_mixin.py:190} INFO - [2025-03-20T00:20:30.566+0000] {dag.py:4180} INFO - Setting next_dagrun for weather_etl_pipeline to 2025-03-19 00:00:00+00:00, run_after=2025-03-20 00:00:00+00:00
[2025-03-20T00:20:30.831+0000] {processor.py:208} INFO - Processing /opt/airflow/dags/raw.py took 0.608 seconds
[2025-03-20T00:21:01.617+0000] {processor.py:186} INFO - Started process (PID=24689) to work on /opt/airflow/dags/raw.py
[2025-03-20T00:21:01.619+0000] {processor.py:914} INFO - Processing file /opt/airflow/dags/raw.py for tasks to queue
[2025-03-20T00:21:01.621+0000] {logging_mixin.py:190} INFO - [2025-03-20T00:21:01.621+0000] {dagbag.py:588} INFO - Filling up the DagBag from /opt/airflow/dags/raw.py
[2025-03-20T00:21:01.662+0000] {processor.py:925} INFO - DAG(s) 'weather_etl_pipeline' retrieved from /opt/airflow/dags/raw.py
[2025-03-20T00:21:01.722+0000] {logging_mixin.py:190} INFO - [2025-03-20T00:21:01.722+0000] {dag.py:3239} INFO - Sync 1 DAGs
[2025-03-20T00:21:01.806+0000] {logging_mixin.py:190} INFO - [2025-03-20T00:21:01.802+0000] {dag.py:4180} INFO - Setting next_dagrun for weather_etl_pipeline to 2025-03-19 00:00:00+00:00, run_after=2025-03-20 00:00:00+00:00
[2025-03-20T00:21:01.902+0000] {processor.py:208} INFO - Processing /opt/airflow/dags/raw.py took 0.303 seconds
[2025-03-20T00:21:34.708+0000] {processor.py:186} INFO - Started process (PID=24757) to work on /opt/airflow/dags/raw.py
[2025-03-20T00:21:34.720+0000] {processor.py:914} INFO - Processing file /opt/airflow/dags/raw.py for tasks to queue
[2025-03-20T00:21:34.723+0000] {logging_mixin.py:190} INFO - [2025-03-20T00:21:34.722+0000] {dagbag.py:588} INFO - Filling up the DagBag from /opt/airflow/dags/raw.py
[2025-03-20T00:21:34.761+0000] {processor.py:925} INFO - DAG(s) 'weather_etl_pipeline' retrieved from /opt/airflow/dags/raw.py
[2025-03-20T00:21:34.807+0000] {logging_mixin.py:190} INFO - [2025-03-20T00:21:34.807+0000] {dag.py:3239} INFO - Sync 1 DAGs
[2025-03-20T00:21:34.870+0000] {logging_mixin.py:190} INFO - [2025-03-20T00:21:34.869+0000] {dag.py:4180} INFO - Setting next_dagrun for weather_etl_pipeline to 2025-03-19 00:00:00+00:00, run_after=2025-03-20 00:00:00+00:00
[2025-03-20T00:21:34.906+0000] {processor.py:208} INFO - Processing /opt/airflow/dags/raw.py took 0.212 seconds
[2025-03-20T00:22:07.075+0000] {processor.py:186} INFO - Started process (PID=24820) to work on /opt/airflow/dags/raw.py
[2025-03-20T00:22:07.077+0000] {processor.py:914} INFO - Processing file /opt/airflow/dags/raw.py for tasks to queue
[2025-03-20T00:22:07.086+0000] {logging_mixin.py:190} INFO - [2025-03-20T00:22:07.085+0000] {dagbag.py:588} INFO - Filling up the DagBag from /opt/airflow/dags/raw.py
[2025-03-20T00:22:07.185+0000] {processor.py:925} INFO - DAG(s) 'weather_etl_pipeline' retrieved from /opt/airflow/dags/raw.py
[2025-03-20T00:22:07.238+0000] {logging_mixin.py:190} INFO - [2025-03-20T00:22:07.237+0000] {dag.py:3239} INFO - Sync 1 DAGs
[2025-03-20T00:22:07.331+0000] {logging_mixin.py:190} INFO - [2025-03-20T00:22:07.330+0000] {dag.py:4180} INFO - Setting next_dagrun for weather_etl_pipeline to 2025-03-19 00:00:00+00:00, run_after=2025-03-20 00:00:00+00:00
[2025-03-20T00:22:07.533+0000] {processor.py:208} INFO - Processing /opt/airflow/dags/raw.py took 0.479 seconds
[2025-03-20T00:22:37.977+0000] {processor.py:186} INFO - Started process (PID=24890) to work on /opt/airflow/dags/raw.py
[2025-03-20T00:22:37.980+0000] {processor.py:914} INFO - Processing file /opt/airflow/dags/raw.py for tasks to queue
[2025-03-20T00:22:37.983+0000] {logging_mixin.py:190} INFO - [2025-03-20T00:22:37.982+0000] {dagbag.py:588} INFO - Filling up the DagBag from /opt/airflow/dags/raw.py
[2025-03-20T00:22:38.059+0000] {processor.py:925} INFO - DAG(s) 'weather_etl_pipeline' retrieved from /opt/airflow/dags/raw.py
[2025-03-20T00:22:38.096+0000] {logging_mixin.py:190} INFO - [2025-03-20T00:22:38.096+0000] {dag.py:3239} INFO - Sync 1 DAGs
[2025-03-20T00:22:38.141+0000] {logging_mixin.py:190} INFO - [2025-03-20T00:22:38.140+0000] {dag.py:4180} INFO - Setting next_dagrun for weather_etl_pipeline to 2025-03-19 00:00:00+00:00, run_after=2025-03-20 00:00:00+00:00
[2025-03-20T00:22:38.188+0000] {processor.py:208} INFO - Processing /opt/airflow/dags/raw.py took 0.232 seconds
[2025-03-20T00:23:08.479+0000] {processor.py:186} INFO - Started process (PID=24957) to work on /opt/airflow/dags/raw.py
[2025-03-20T00:23:08.480+0000] {processor.py:914} INFO - Processing file /opt/airflow/dags/raw.py for tasks to queue
[2025-03-20T00:23:08.482+0000] {logging_mixin.py:190} INFO - [2025-03-20T00:23:08.482+0000] {dagbag.py:588} INFO - Filling up the DagBag from /opt/airflow/dags/raw.py
[2025-03-20T00:23:08.516+0000] {processor.py:925} INFO - DAG(s) 'weather_etl_pipeline' retrieved from /opt/airflow/dags/raw.py
[2025-03-20T00:23:08.543+0000] {logging_mixin.py:190} INFO - [2025-03-20T00:23:08.543+0000] {dag.py:3239} INFO - Sync 1 DAGs
[2025-03-20T00:23:08.583+0000] {logging_mixin.py:190} INFO - [2025-03-20T00:23:08.583+0000] {dag.py:4180} INFO - Setting next_dagrun for weather_etl_pipeline to 2025-03-19 00:00:00+00:00, run_after=2025-03-20 00:00:00+00:00
[2025-03-20T00:23:08.616+0000] {processor.py:208} INFO - Processing /opt/airflow/dags/raw.py took 0.151 seconds
[2025-03-20T00:23:41.021+0000] {processor.py:186} INFO - Started process (PID=25008) to work on /opt/airflow/dags/raw.py
[2025-03-20T00:23:41.033+0000] {processor.py:914} INFO - Processing file /opt/airflow/dags/raw.py for tasks to queue
[2025-03-20T00:23:41.049+0000] {logging_mixin.py:190} INFO - [2025-03-20T00:23:41.048+0000] {dagbag.py:588} INFO - Filling up the DagBag from /opt/airflow/dags/raw.py
[2025-03-20T00:23:41.317+0000] {processor.py:925} INFO - DAG(s) 'weather_etl_pipeline' retrieved from /opt/airflow/dags/raw.py
[2025-03-20T00:23:41.385+0000] {logging_mixin.py:190} INFO - [2025-03-20T00:23:41.384+0000] {dag.py:3239} INFO - Sync 1 DAGs
[2025-03-20T00:23:41.528+0000] {logging_mixin.py:190} INFO - [2025-03-20T00:23:41.527+0000] {dag.py:4180} INFO - Setting next_dagrun for weather_etl_pipeline to 2025-03-19 00:00:00+00:00, run_after=2025-03-20 00:00:00+00:00
[2025-03-20T00:23:41.610+0000] {processor.py:208} INFO - Processing /opt/airflow/dags/raw.py took 0.612 seconds
[2025-03-20T00:24:12.219+0000] {processor.py:186} INFO - Started process (PID=25077) to work on /opt/airflow/dags/raw.py
[2025-03-20T00:24:12.221+0000] {processor.py:914} INFO - Processing file /opt/airflow/dags/raw.py for tasks to queue
[2025-03-20T00:24:12.223+0000] {logging_mixin.py:190} INFO - [2025-03-20T00:24:12.223+0000] {dagbag.py:588} INFO - Filling up the DagBag from /opt/airflow/dags/raw.py
[2025-03-20T00:24:12.263+0000] {processor.py:925} INFO - DAG(s) 'weather_etl_pipeline' retrieved from /opt/airflow/dags/raw.py
[2025-03-20T00:24:12.309+0000] {logging_mixin.py:190} INFO - [2025-03-20T00:24:12.309+0000] {dag.py:3239} INFO - Sync 1 DAGs
[2025-03-20T00:24:12.347+0000] {logging_mixin.py:190} INFO - [2025-03-20T00:24:12.347+0000] {dag.py:4180} INFO - Setting next_dagrun for weather_etl_pipeline to 2025-03-19 00:00:00+00:00, run_after=2025-03-20 00:00:00+00:00
[2025-03-20T00:24:12.385+0000] {processor.py:208} INFO - Processing /opt/airflow/dags/raw.py took 0.178 seconds
[2025-03-20T00:24:42.901+0000] {processor.py:186} INFO - Started process (PID=25145) to work on /opt/airflow/dags/raw.py
[2025-03-20T00:24:42.903+0000] {processor.py:914} INFO - Processing file /opt/airflow/dags/raw.py for tasks to queue
[2025-03-20T00:24:42.911+0000] {logging_mixin.py:190} INFO - [2025-03-20T00:24:42.911+0000] {dagbag.py:588} INFO - Filling up the DagBag from /opt/airflow/dags/raw.py
[2025-03-20T00:24:43.034+0000] {processor.py:925} INFO - DAG(s) 'weather_etl_pipeline' retrieved from /opt/airflow/dags/raw.py
[2025-03-20T00:24:43.094+0000] {logging_mixin.py:190} INFO - [2025-03-20T00:24:43.093+0000] {dag.py:3239} INFO - Sync 1 DAGs
[2025-03-20T00:24:43.221+0000] {logging_mixin.py:190} INFO - [2025-03-20T00:24:43.221+0000] {dag.py:4180} INFO - Setting next_dagrun for weather_etl_pipeline to 2025-03-19 00:00:00+00:00, run_after=2025-03-20 00:00:00+00:00
[2025-03-20T00:24:43.386+0000] {processor.py:208} INFO - Processing /opt/airflow/dags/raw.py took 0.504 seconds
[2025-03-20T00:25:14.022+0000] {processor.py:186} INFO - Started process (PID=25213) to work on /opt/airflow/dags/raw.py
[2025-03-20T00:25:14.023+0000] {processor.py:914} INFO - Processing file /opt/airflow/dags/raw.py for tasks to queue
[2025-03-20T00:25:14.026+0000] {logging_mixin.py:190} INFO - [2025-03-20T00:25:14.025+0000] {dagbag.py:588} INFO - Filling up the DagBag from /opt/airflow/dags/raw.py
[2025-03-20T00:25:14.059+0000] {processor.py:925} INFO - DAG(s) 'weather_etl_pipeline' retrieved from /opt/airflow/dags/raw.py
[2025-03-20T00:25:14.094+0000] {logging_mixin.py:190} INFO - [2025-03-20T00:25:14.094+0000] {dag.py:3239} INFO - Sync 1 DAGs
[2025-03-20T00:25:14.179+0000] {logging_mixin.py:190} INFO - [2025-03-20T00:25:14.178+0000] {dag.py:4180} INFO - Setting next_dagrun for weather_etl_pipeline to 2025-03-19 00:00:00+00:00, run_after=2025-03-20 00:00:00+00:00
[2025-03-20T00:25:14.227+0000] {processor.py:208} INFO - Processing /opt/airflow/dags/raw.py took 0.216 seconds
[2025-03-20T00:25:44.933+0000] {processor.py:186} INFO - Started process (PID=25279) to work on /opt/airflow/dags/raw.py
[2025-03-20T00:25:44.935+0000] {processor.py:914} INFO - Processing file /opt/airflow/dags/raw.py for tasks to queue
[2025-03-20T00:25:44.939+0000] {logging_mixin.py:190} INFO - [2025-03-20T00:25:44.939+0000] {dagbag.py:588} INFO - Filling up the DagBag from /opt/airflow/dags/raw.py
[2025-03-20T00:25:44.976+0000] {processor.py:925} INFO - DAG(s) 'weather_etl_pipeline' retrieved from /opt/airflow/dags/raw.py
[2025-03-20T00:25:45.028+0000] {logging_mixin.py:190} INFO - [2025-03-20T00:25:45.028+0000] {dag.py:3239} INFO - Sync 1 DAGs
[2025-03-20T00:25:45.097+0000] {logging_mixin.py:190} INFO - [2025-03-20T00:25:45.097+0000] {dag.py:4180} INFO - Setting next_dagrun for weather_etl_pipeline to 2025-03-19 00:00:00+00:00, run_after=2025-03-20 00:00:00+00:00
[2025-03-20T00:25:45.139+0000] {processor.py:208} INFO - Processing /opt/airflow/dags/raw.py took 0.225 seconds
[2025-03-20T00:26:16.060+0000] {processor.py:186} INFO - Started process (PID=25347) to work on /opt/airflow/dags/raw.py
[2025-03-20T00:26:16.061+0000] {processor.py:914} INFO - Processing file /opt/airflow/dags/raw.py for tasks to queue
[2025-03-20T00:26:16.064+0000] {logging_mixin.py:190} INFO - [2025-03-20T00:26:16.063+0000] {dagbag.py:588} INFO - Filling up the DagBag from /opt/airflow/dags/raw.py
[2025-03-20T00:26:16.096+0000] {processor.py:925} INFO - DAG(s) 'weather_etl_pipeline' retrieved from /opt/airflow/dags/raw.py
[2025-03-20T00:26:16.131+0000] {logging_mixin.py:190} INFO - [2025-03-20T00:26:16.130+0000] {dag.py:3239} INFO - Sync 1 DAGs
[2025-03-20T00:26:16.167+0000] {logging_mixin.py:190} INFO - [2025-03-20T00:26:16.166+0000] {dag.py:4180} INFO - Setting next_dagrun for weather_etl_pipeline to 2025-03-19 00:00:00+00:00, run_after=2025-03-20 00:00:00+00:00
[2025-03-20T00:26:16.205+0000] {processor.py:208} INFO - Processing /opt/airflow/dags/raw.py took 0.154 seconds
[2025-03-20T00:26:46.555+0000] {processor.py:186} INFO - Started process (PID=25416) to work on /opt/airflow/dags/raw.py
[2025-03-20T00:26:46.562+0000] {processor.py:914} INFO - Processing file /opt/airflow/dags/raw.py for tasks to queue
[2025-03-20T00:26:46.568+0000] {logging_mixin.py:190} INFO - [2025-03-20T00:26:46.567+0000] {dagbag.py:588} INFO - Filling up the DagBag from /opt/airflow/dags/raw.py
[2025-03-20T00:26:46.748+0000] {processor.py:925} INFO - DAG(s) 'weather_etl_pipeline' retrieved from /opt/airflow/dags/raw.py
[2025-03-20T00:26:46.644+0000] {logging_mixin.py:190} INFO - [2025-03-20T00:26:46.644+0000] {dag.py:3239} INFO - Sync 1 DAGs
[2025-03-20T00:26:46.757+0000] {logging_mixin.py:190} INFO - [2025-03-20T00:26:46.756+0000] {dag.py:4180} INFO - Setting next_dagrun for weather_etl_pipeline to 2025-03-19 00:00:00+00:00, run_after=2025-03-20 00:00:00+00:00
[2025-03-20T00:26:46.921+0000] {processor.py:208} INFO - Processing /opt/airflow/dags/raw.py took 0.573 seconds
[2025-03-20T00:27:17.952+0000] {processor.py:186} INFO - Started process (PID=25486) to work on /opt/airflow/dags/raw.py
[2025-03-20T00:27:17.954+0000] {processor.py:914} INFO - Processing file /opt/airflow/dags/raw.py for tasks to queue
[2025-03-20T00:27:17.956+0000] {logging_mixin.py:190} INFO - [2025-03-20T00:27:17.956+0000] {dagbag.py:588} INFO - Filling up the DagBag from /opt/airflow/dags/raw.py
[2025-03-20T00:27:18.016+0000] {processor.py:925} INFO - DAG(s) 'weather_etl_pipeline' retrieved from /opt/airflow/dags/raw.py
[2025-03-20T00:27:18.051+0000] {logging_mixin.py:190} INFO - [2025-03-20T00:27:18.051+0000] {dag.py:3239} INFO - Sync 1 DAGs
[2025-03-20T00:27:18.118+0000] {logging_mixin.py:190} INFO - [2025-03-20T00:27:18.117+0000] {dag.py:4180} INFO - Setting next_dagrun for weather_etl_pipeline to 2025-03-19 00:00:00+00:00, run_after=2025-03-20 00:00:00+00:00
[2025-03-20T00:27:18.152+0000] {processor.py:208} INFO - Processing /opt/airflow/dags/raw.py took 0.211 seconds
[2025-03-20T00:27:49.896+0000] {processor.py:186} INFO - Started process (PID=25554) to work on /opt/airflow/dags/raw.py
[2025-03-20T00:27:49.897+0000] {processor.py:914} INFO - Processing file /opt/airflow/dags/raw.py for tasks to queue
[2025-03-20T00:27:49.904+0000] {logging_mixin.py:190} INFO - [2025-03-20T00:27:49.904+0000] {dagbag.py:588} INFO - Filling up the DagBag from /opt/airflow/dags/raw.py
[2025-03-20T00:27:49.956+0000] {processor.py:925} INFO - DAG(s) 'weather_etl_pipeline' retrieved from /opt/airflow/dags/raw.py
[2025-03-20T00:27:50.083+0000] {logging_mixin.py:190} INFO - [2025-03-20T00:27:50.082+0000] {dag.py:3239} INFO - Sync 1 DAGs
[2025-03-20T00:27:50.303+0000] {logging_mixin.py:190} INFO - [2025-03-20T00:27:50.303+0000] {dag.py:4180} INFO - Setting next_dagrun for weather_etl_pipeline to 2025-03-19 00:00:00+00:00, run_after=2025-03-20 00:00:00+00:00
[2025-03-20T00:27:50.445+0000] {processor.py:208} INFO - Processing /opt/airflow/dags/raw.py took 0.571 seconds
[2025-03-20T00:28:21.407+0000] {processor.py:186} INFO - Started process (PID=25629) to work on /opt/airflow/dags/raw.py
[2025-03-20T00:28:21.409+0000] {processor.py:914} INFO - Processing file /opt/airflow/dags/raw.py for tasks to queue
[2025-03-20T00:28:21.412+0000] {logging_mixin.py:190} INFO - [2025-03-20T00:28:21.412+0000] {dagbag.py:588} INFO - Filling up the DagBag from /opt/airflow/dags/raw.py
[2025-03-20T00:28:21.470+0000] {processor.py:925} INFO - DAG(s) 'weather_etl_pipeline' retrieved from /opt/airflow/dags/raw.py
[2025-03-20T00:28:21.507+0000] {logging_mixin.py:190} INFO - [2025-03-20T00:28:21.507+0000] {dag.py:3239} INFO - Sync 1 DAGs
[2025-03-20T00:28:21.549+0000] {logging_mixin.py:190} INFO - [2025-03-20T00:28:21.548+0000] {dag.py:4180} INFO - Setting next_dagrun for weather_etl_pipeline to 2025-03-19 00:00:00+00:00, run_after=2025-03-20 00:00:00+00:00
[2025-03-20T00:28:21.582+0000] {processor.py:208} INFO - Processing /opt/airflow/dags/raw.py took 0.192 seconds
[2025-03-20T00:28:52.624+0000] {processor.py:186} INFO - Started process (PID=25698) to work on /opt/airflow/dags/raw.py
[2025-03-20T00:28:52.636+0000] {processor.py:914} INFO - Processing file /opt/airflow/dags/raw.py for tasks to queue
[2025-03-20T00:28:52.639+0000] {logging_mixin.py:190} INFO - [2025-03-20T00:28:52.639+0000] {dagbag.py:588} INFO - Filling up the DagBag from /opt/airflow/dags/raw.py
[2025-03-20T00:28:52.685+0000] {processor.py:925} INFO - DAG(s) 'weather_etl_pipeline' retrieved from /opt/airflow/dags/raw.py
[2025-03-20T00:28:52.732+0000] {logging_mixin.py:190} INFO - [2025-03-20T00:28:52.731+0000] {dag.py:3239} INFO - Sync 1 DAGs
[2025-03-20T00:28:52.780+0000] {logging_mixin.py:190} INFO - [2025-03-20T00:28:52.779+0000] {dag.py:4180} INFO - Setting next_dagrun for weather_etl_pipeline to 2025-03-19 00:00:00+00:00, run_after=2025-03-20 00:00:00+00:00
[2025-03-20T00:28:52.832+0000] {processor.py:208} INFO - Processing /opt/airflow/dags/raw.py took 0.228 seconds
[2025-03-20T00:29:23.291+0000] {processor.py:186} INFO - Started process (PID=25768) to work on /opt/airflow/dags/raw.py
[2025-03-20T00:29:23.293+0000] {processor.py:914} INFO - Processing file /opt/airflow/dags/raw.py for tasks to queue
[2025-03-20T00:29:23.295+0000] {logging_mixin.py:190} INFO - [2025-03-20T00:29:23.295+0000] {dagbag.py:588} INFO - Filling up the DagBag from /opt/airflow/dags/raw.py
[2025-03-20T00:29:23.330+0000] {processor.py:925} INFO - DAG(s) 'weather_etl_pipeline' retrieved from /opt/airflow/dags/raw.py
[2025-03-20T00:29:23.375+0000] {logging_mixin.py:190} INFO - [2025-03-20T00:29:23.374+0000] {dag.py:3239} INFO - Sync 1 DAGs
[2025-03-20T00:29:23.408+0000] {logging_mixin.py:190} INFO - [2025-03-20T00:29:23.408+0000] {dag.py:4180} INFO - Setting next_dagrun for weather_etl_pipeline to 2025-03-19 00:00:00+00:00, run_after=2025-03-20 00:00:00+00:00
[2025-03-20T00:29:23.433+0000] {processor.py:208} INFO - Processing /opt/airflow/dags/raw.py took 0.158 seconds
[2025-03-20T00:29:54.259+0000] {processor.py:186} INFO - Started process (PID=25837) to work on /opt/airflow/dags/raw.py
[2025-03-20T00:29:54.262+0000] {processor.py:914} INFO - Processing file /opt/airflow/dags/raw.py for tasks to queue
[2025-03-20T00:29:54.264+0000] {logging_mixin.py:190} INFO - [2025-03-20T00:29:54.263+0000] {dagbag.py:588} INFO - Filling up the DagBag from /opt/airflow/dags/raw.py
[2025-03-20T00:29:54.296+0000] {processor.py:925} INFO - DAG(s) 'weather_etl_pipeline' retrieved from /opt/airflow/dags/raw.py
[2025-03-20T00:29:54.346+0000] {logging_mixin.py:190} INFO - [2025-03-20T00:29:54.346+0000] {dag.py:3239} INFO - Sync 1 DAGs
[2025-03-20T00:29:54.415+0000] {logging_mixin.py:190} INFO - [2025-03-20T00:29:54.415+0000] {dag.py:4180} INFO - Setting next_dagrun for weather_etl_pipeline to 2025-03-19 00:00:00+00:00, run_after=2025-03-20 00:00:00+00:00
[2025-03-20T00:29:54.472+0000] {processor.py:208} INFO - Processing /opt/airflow/dags/raw.py took 0.225 seconds
[2025-03-20T00:30:24.611+0000] {processor.py:186} INFO - Started process (PID=25906) to work on /opt/airflow/dags/raw.py
[2025-03-20T00:30:24.612+0000] {processor.py:914} INFO - Processing file /opt/airflow/dags/raw.py for tasks to queue
[2025-03-20T00:30:24.614+0000] {logging_mixin.py:190} INFO - [2025-03-20T00:30:24.614+0000] {dagbag.py:588} INFO - Filling up the DagBag from /opt/airflow/dags/raw.py
[2025-03-20T00:30:24.669+0000] {processor.py:925} INFO - DAG(s) 'weather_etl_pipeline' retrieved from /opt/airflow/dags/raw.py
[2025-03-20T00:30:24.702+0000] {logging_mixin.py:190} INFO - [2025-03-20T00:30:24.702+0000] {dag.py:3239} INFO - Sync 1 DAGs
[2025-03-20T00:30:24.753+0000] {logging_mixin.py:190} INFO - [2025-03-20T00:30:24.753+0000] {dag.py:4180} INFO - Setting next_dagrun for weather_etl_pipeline to 2025-03-19 00:00:00+00:00, run_after=2025-03-20 00:00:00+00:00
[2025-03-20T00:30:24.800+0000] {processor.py:208} INFO - Processing /opt/airflow/dags/raw.py took 0.200 seconds
[2025-03-20T00:30:55.005+0000] {processor.py:186} INFO - Started process (PID=25975) to work on /opt/airflow/dags/raw.py
[2025-03-20T00:30:55.007+0000] {processor.py:914} INFO - Processing file /opt/airflow/dags/raw.py for tasks to queue
[2025-03-20T00:30:55.011+0000] {logging_mixin.py:190} INFO - [2025-03-20T00:30:55.009+0000] {dagbag.py:588} INFO - Filling up the DagBag from /opt/airflow/dags/raw.py
[2025-03-20T00:30:55.041+0000] {processor.py:925} INFO - DAG(s) 'weather_etl_pipeline' retrieved from /opt/airflow/dags/raw.py
[2025-03-20T00:30:55.074+0000] {logging_mixin.py:190} INFO - [2025-03-20T00:30:55.074+0000] {dag.py:3239} INFO - Sync 1 DAGs
[2025-03-20T00:30:55.118+0000] {logging_mixin.py:190} INFO - [2025-03-20T00:30:55.118+0000] {dag.py:4180} INFO - Setting next_dagrun for weather_etl_pipeline to 2025-03-19 00:00:00+00:00, run_after=2025-03-20 00:00:00+00:00
[2025-03-20T00:30:55.157+0000] {processor.py:208} INFO - Processing /opt/airflow/dags/raw.py took 0.165 seconds
[2025-03-20T00:31:25.544+0000] {processor.py:186} INFO - Started process (PID=26044) to work on /opt/airflow/dags/raw.py
[2025-03-20T00:31:25.547+0000] {processor.py:914} INFO - Processing file /opt/airflow/dags/raw.py for tasks to queue
[2025-03-20T00:31:25.549+0000] {logging_mixin.py:190} INFO - [2025-03-20T00:31:25.548+0000] {dagbag.py:588} INFO - Filling up the DagBag from /opt/airflow/dags/raw.py
[2025-03-20T00:31:25.587+0000] {processor.py:925} INFO - DAG(s) 'weather_etl_pipeline' retrieved from /opt/airflow/dags/raw.py
[2025-03-20T00:31:25.644+0000] {logging_mixin.py:190} INFO - [2025-03-20T00:31:25.644+0000] {dag.py:3239} INFO - Sync 1 DAGs
[2025-03-20T00:31:25.684+0000] {logging_mixin.py:190} INFO - [2025-03-20T00:31:25.684+0000] {dag.py:4180} INFO - Setting next_dagrun for weather_etl_pipeline to 2025-03-19 00:00:00+00:00, run_after=2025-03-20 00:00:00+00:00
[2025-03-20T00:31:25.725+0000] {processor.py:208} INFO - Processing /opt/airflow/dags/raw.py took 0.197 seconds
[2025-03-20T00:32:01.851+0000] {processor.py:186} INFO - Started process (PID=26113) to work on /opt/airflow/dags/raw.py
[2025-03-20T00:32:01.853+0000] {processor.py:914} INFO - Processing file /opt/airflow/dags/raw.py for tasks to queue
[2025-03-20T00:32:01.855+0000] {logging_mixin.py:190} INFO - [2025-03-20T00:32:01.855+0000] {dagbag.py:588} INFO - Filling up the DagBag from /opt/airflow/dags/raw.py
[2025-03-20T00:32:01.927+0000] {processor.py:925} INFO - DAG(s) 'weather_etl_pipeline' retrieved from /opt/airflow/dags/raw.py
[2025-03-20T00:32:01.992+0000] {logging_mixin.py:190} INFO - [2025-03-20T00:32:01.992+0000] {dag.py:3239} INFO - Sync 1 DAGs
[2025-03-20T00:32:02.058+0000] {logging_mixin.py:190} INFO - [2025-03-20T00:32:02.057+0000] {dag.py:4180} INFO - Setting next_dagrun for weather_etl_pipeline to 2025-03-19 00:00:00+00:00, run_after=2025-03-20 00:00:00+00:00
[2025-03-20T00:32:02.126+0000] {processor.py:208} INFO - Processing /opt/airflow/dags/raw.py took 0.308 seconds
[2025-03-20T00:32:32.556+0000] {processor.py:186} INFO - Started process (PID=26179) to work on /opt/airflow/dags/raw.py
[2025-03-20T00:32:32.558+0000] {processor.py:914} INFO - Processing file /opt/airflow/dags/raw.py for tasks to queue
[2025-03-20T00:32:32.562+0000] {logging_mixin.py:190} INFO - [2025-03-20T00:32:32.562+0000] {dagbag.py:588} INFO - Filling up the DagBag from /opt/airflow/dags/raw.py
[2025-03-20T00:32:32.624+0000] {processor.py:925} INFO - DAG(s) 'weather_etl_pipeline' retrieved from /opt/airflow/dags/raw.py
[2025-03-20T00:32:32.739+0000] {logging_mixin.py:190} INFO - [2025-03-20T00:32:32.738+0000] {dag.py:3239} INFO - Sync 1 DAGs
[2025-03-20T00:32:32.854+0000] {logging_mixin.py:190} INFO - [2025-03-20T00:32:32.853+0000] {dag.py:4180} INFO - Setting next_dagrun for weather_etl_pipeline to 2025-03-19 00:00:00+00:00, run_after=2025-03-20 00:00:00+00:00
[2025-03-20T00:32:33.006+0000] {processor.py:208} INFO - Processing /opt/airflow/dags/raw.py took 0.470 seconds
[2025-03-20T00:33:06.172+0000] {processor.py:186} INFO - Started process (PID=26243) to work on /opt/airflow/dags/raw.py
[2025-03-20T00:33:06.178+0000] {processor.py:914} INFO - Processing file /opt/airflow/dags/raw.py for tasks to queue
[2025-03-20T00:33:06.182+0000] {logging_mixin.py:190} INFO - [2025-03-20T00:33:06.181+0000] {dagbag.py:588} INFO - Filling up the DagBag from /opt/airflow/dags/raw.py
[2025-03-20T00:33:06.219+0000] {processor.py:925} INFO - DAG(s) 'weather_etl_pipeline' retrieved from /opt/airflow/dags/raw.py
[2025-03-20T00:33:06.256+0000] {logging_mixin.py:190} INFO - [2025-03-20T00:33:06.255+0000] {dag.py:3239} INFO - Sync 1 DAGs
[2025-03-20T00:33:06.304+0000] {logging_mixin.py:190} INFO - [2025-03-20T00:33:06.304+0000] {dag.py:4180} INFO - Setting next_dagrun for weather_etl_pipeline to 2025-03-19 00:00:00+00:00, run_after=2025-03-20 00:00:00+00:00
[2025-03-20T00:33:06.350+0000] {processor.py:208} INFO - Processing /opt/airflow/dags/raw.py took 0.191 seconds
[2025-03-20T00:33:39.596+0000] {processor.py:186} INFO - Started process (PID=26307) to work on /opt/airflow/dags/raw.py
[2025-03-20T00:33:39.598+0000] {processor.py:914} INFO - Processing file /opt/airflow/dags/raw.py for tasks to queue
[2025-03-20T00:33:39.604+0000] {logging_mixin.py:190} INFO - [2025-03-20T00:33:39.603+0000] {dagbag.py:588} INFO - Filling up the DagBag from /opt/airflow/dags/raw.py
[2025-03-20T00:33:39.664+0000] {processor.py:925} INFO - DAG(s) 'weather_etl_pipeline' retrieved from /opt/airflow/dags/raw.py
[2025-03-20T00:33:39.738+0000] {logging_mixin.py:190} INFO - [2025-03-20T00:33:39.735+0000] {dag.py:3239} INFO - Sync 1 DAGs
[2025-03-20T00:33:39.882+0000] {logging_mixin.py:190} INFO - [2025-03-20T00:33:39.882+0000] {dag.py:4180} INFO - Setting next_dagrun for weather_etl_pipeline to 2025-03-19 00:00:00+00:00, run_after=2025-03-20 00:00:00+00:00
[2025-03-20T00:33:40.016+0000] {processor.py:208} INFO - Processing /opt/airflow/dags/raw.py took 0.446 seconds
[2025-03-20T00:34:10.853+0000] {processor.py:186} INFO - Started process (PID=26376) to work on /opt/airflow/dags/raw.py
[2025-03-20T00:34:10.867+0000] {processor.py:914} INFO - Processing file /opt/airflow/dags/raw.py for tasks to queue
[2025-03-20T00:34:10.872+0000] {logging_mixin.py:190} INFO - [2025-03-20T00:34:10.872+0000] {dagbag.py:588} INFO - Filling up the DagBag from /opt/airflow/dags/raw.py
[2025-03-20T00:34:11.044+0000] {processor.py:925} INFO - DAG(s) 'weather_etl_pipeline' retrieved from /opt/airflow/dags/raw.py
[2025-03-20T00:34:11.090+0000] {logging_mixin.py:190} INFO - [2025-03-20T00:34:11.090+0000] {dag.py:3239} INFO - Sync 1 DAGs
[2025-03-20T00:34:11.222+0000] {logging_mixin.py:190} INFO - [2025-03-20T00:34:11.221+0000] {dag.py:4180} INFO - Setting next_dagrun for weather_etl_pipeline to 2025-03-19 00:00:00+00:00, run_after=2025-03-20 00:00:00+00:00
[2025-03-20T00:34:12.419+0000] {processor.py:208} INFO - Processing /opt/airflow/dags/raw.py took 1.579 seconds
[2025-03-20T00:34:43.047+0000] {processor.py:186} INFO - Started process (PID=26443) to work on /opt/airflow/dags/raw.py
[2025-03-20T00:34:43.049+0000] {processor.py:914} INFO - Processing file /opt/airflow/dags/raw.py for tasks to queue
[2025-03-20T00:34:43.051+0000] {logging_mixin.py:190} INFO - [2025-03-20T00:34:43.050+0000] {dagbag.py:588} INFO - Filling up the DagBag from /opt/airflow/dags/raw.py
[2025-03-20T00:34:43.083+0000] {processor.py:925} INFO - DAG(s) 'weather_etl_pipeline' retrieved from /opt/airflow/dags/raw.py
[2025-03-20T00:34:43.118+0000] {logging_mixin.py:190} INFO - [2025-03-20T00:34:43.116+0000] {dag.py:3239} INFO - Sync 1 DAGs
[2025-03-20T00:34:43.169+0000] {logging_mixin.py:190} INFO - [2025-03-20T00:34:43.168+0000] {dag.py:4180} INFO - Setting next_dagrun for weather_etl_pipeline to 2025-03-19 00:00:00+00:00, run_after=2025-03-20 00:00:00+00:00
[2025-03-20T00:34:43.213+0000] {processor.py:208} INFO - Processing /opt/airflow/dags/raw.py took 0.179 seconds
[2025-03-20T00:35:14.023+0000] {processor.py:186} INFO - Started process (PID=26512) to work on /opt/airflow/dags/raw.py
[2025-03-20T00:35:14.025+0000] {processor.py:914} INFO - Processing file /opt/airflow/dags/raw.py for tasks to queue
[2025-03-20T00:35:14.028+0000] {logging_mixin.py:190} INFO - [2025-03-20T00:35:14.027+0000] {dagbag.py:588} INFO - Filling up the DagBag from /opt/airflow/dags/raw.py
[2025-03-20T00:35:14.078+0000] {processor.py:925} INFO - DAG(s) 'weather_etl_pipeline' retrieved from /opt/airflow/dags/raw.py
[2025-03-20T00:35:14.128+0000] {logging_mixin.py:190} INFO - [2025-03-20T00:35:14.128+0000] {dag.py:3239} INFO - Sync 1 DAGs
[2025-03-20T00:35:14.198+0000] {logging_mixin.py:190} INFO - [2025-03-20T00:35:14.197+0000] {dag.py:4180} INFO - Setting next_dagrun for weather_etl_pipeline to 2025-03-19 00:00:00+00:00, run_after=2025-03-20 00:00:00+00:00
[2025-03-20T00:35:14.253+0000] {processor.py:208} INFO - Processing /opt/airflow/dags/raw.py took 0.244 seconds
[2025-03-20T00:35:44.429+0000] {processor.py:186} INFO - Started process (PID=26581) to work on /opt/airflow/dags/raw.py
[2025-03-20T00:35:44.457+0000] {processor.py:914} INFO - Processing file /opt/airflow/dags/raw.py for tasks to queue
[2025-03-20T00:35:44.465+0000] {logging_mixin.py:190} INFO - [2025-03-20T00:35:44.465+0000] {dagbag.py:588} INFO - Filling up the DagBag from /opt/airflow/dags/raw.py
[2025-03-20T00:35:45.555+0000] {processor.py:925} INFO - DAG(s) 'weather_etl_pipeline' retrieved from /opt/airflow/dags/raw.py
[2025-03-20T00:35:45.646+0000] {logging_mixin.py:190} INFO - [2025-03-20T00:35:45.646+0000] {dag.py:3239} INFO - Sync 1 DAGs
[2025-03-20T00:35:45.804+0000] {logging_mixin.py:190} INFO - [2025-03-20T00:35:45.803+0000] {dag.py:4180} INFO - Setting next_dagrun for weather_etl_pipeline to 2025-03-19 00:00:00+00:00, run_after=2025-03-20 00:00:00+00:00
[2025-03-20T00:35:45.984+0000] {processor.py:208} INFO - Processing /opt/airflow/dags/raw.py took 1.575 seconds
[2025-03-20T00:36:18.156+0000] {processor.py:186} INFO - Started process (PID=26649) to work on /opt/airflow/dags/raw.py
[2025-03-20T00:36:18.174+0000] {processor.py:914} INFO - Processing file /opt/airflow/dags/raw.py for tasks to queue
[2025-03-20T00:36:18.207+0000] {logging_mixin.py:190} INFO - [2025-03-20T00:36:18.207+0000] {dagbag.py:588} INFO - Filling up the DagBag from /opt/airflow/dags/raw.py
[2025-03-20T00:36:18.419+0000] {processor.py:925} INFO - DAG(s) 'weather_etl_pipeline' retrieved from /opt/airflow/dags/raw.py
[2025-03-20T00:36:18.525+0000] {logging_mixin.py:190} INFO - [2025-03-20T00:36:18.524+0000] {dag.py:3239} INFO - Sync 1 DAGs
[2025-03-20T00:36:18.707+0000] {logging_mixin.py:190} INFO - [2025-03-20T00:36:18.707+0000] {dag.py:4180} INFO - Setting next_dagrun for weather_etl_pipeline to 2025-03-19 00:00:00+00:00, run_after=2025-03-20 00:00:00+00:00
[2025-03-20T00:36:18.985+0000] {processor.py:208} INFO - Processing /opt/airflow/dags/raw.py took 0.872 seconds
[2025-03-20T00:36:49.570+0000] {processor.py:186} INFO - Started process (PID=26721) to work on /opt/airflow/dags/raw.py
[2025-03-20T00:36:49.572+0000] {processor.py:914} INFO - Processing file /opt/airflow/dags/raw.py for tasks to queue
[2025-03-20T00:36:49.577+0000] {logging_mixin.py:190} INFO - [2025-03-20T00:36:49.576+0000] {dagbag.py:588} INFO - Filling up the DagBag from /opt/airflow/dags/raw.py
[2025-03-20T00:36:49.617+0000] {processor.py:925} INFO - DAG(s) 'weather_etl_pipeline' retrieved from /opt/airflow/dags/raw.py
[2025-03-20T00:36:49.667+0000] {logging_mixin.py:190} INFO - [2025-03-20T00:36:49.667+0000] {dag.py:3239} INFO - Sync 1 DAGs
[2025-03-20T00:36:49.718+0000] {logging_mixin.py:190} INFO - [2025-03-20T00:36:49.718+0000] {dag.py:4180} INFO - Setting next_dagrun for weather_etl_pipeline to 2025-03-19 00:00:00+00:00, run_after=2025-03-20 00:00:00+00:00
[2025-03-20T00:36:49.758+0000] {processor.py:208} INFO - Processing /opt/airflow/dags/raw.py took 0.212 seconds
[2025-03-20T00:37:19.838+0000] {processor.py:186} INFO - Started process (PID=26787) to work on /opt/airflow/dags/raw.py
[2025-03-20T00:37:19.840+0000] {processor.py:914} INFO - Processing file /opt/airflow/dags/raw.py for tasks to queue
[2025-03-20T00:37:19.842+0000] {logging_mixin.py:190} INFO - [2025-03-20T00:37:19.842+0000] {dagbag.py:588} INFO - Filling up the DagBag from /opt/airflow/dags/raw.py
[2025-03-20T00:37:19.894+0000] {processor.py:925} INFO - DAG(s) 'weather_etl_pipeline' retrieved from /opt/airflow/dags/raw.py
[2025-03-20T00:37:19.999+0000] {logging_mixin.py:190} INFO - [2025-03-20T00:37:19.999+0000] {dag.py:3239} INFO - Sync 1 DAGs
[2025-03-20T00:37:20.145+0000] {logging_mixin.py:190} INFO - [2025-03-20T00:37:20.144+0000] {dag.py:4180} INFO - Setting next_dagrun for weather_etl_pipeline to 2025-03-19 00:00:00+00:00, run_after=2025-03-20 00:00:00+00:00
[2025-03-20T00:37:20.245+0000] {processor.py:208} INFO - Processing /opt/airflow/dags/raw.py took 0.422 seconds
[2025-03-20T00:37:51.115+0000] {processor.py:186} INFO - Started process (PID=26857) to work on /opt/airflow/dags/raw.py
[2025-03-20T00:37:51.116+0000] {processor.py:914} INFO - Processing file /opt/airflow/dags/raw.py for tasks to queue
[2025-03-20T00:37:51.125+0000] {logging_mixin.py:190} INFO - [2025-03-20T00:37:51.124+0000] {dagbag.py:588} INFO - Filling up the DagBag from /opt/airflow/dags/raw.py
[2025-03-20T00:37:51.190+0000] {processor.py:925} INFO - DAG(s) 'weather_etl_pipeline' retrieved from /opt/airflow/dags/raw.py
[2025-03-20T00:37:51.232+0000] {logging_mixin.py:190} INFO - [2025-03-20T00:37:51.231+0000] {dag.py:3239} INFO - Sync 1 DAGs
[2025-03-20T00:37:51.295+0000] {logging_mixin.py:190} INFO - [2025-03-20T00:37:51.295+0000] {dag.py:4180} INFO - Setting next_dagrun for weather_etl_pipeline to 2025-03-19 00:00:00+00:00, run_after=2025-03-20 00:00:00+00:00
[2025-03-20T00:37:51.372+0000] {processor.py:208} INFO - Processing /opt/airflow/dags/raw.py took 0.281 seconds
[2025-03-20T00:38:22.580+0000] {processor.py:186} INFO - Started process (PID=26926) to work on /opt/airflow/dags/raw.py
[2025-03-20T00:38:22.592+0000] {processor.py:914} INFO - Processing file /opt/airflow/dags/raw.py for tasks to queue
[2025-03-20T00:38:22.596+0000] {logging_mixin.py:190} INFO - [2025-03-20T00:38:22.595+0000] {dagbag.py:588} INFO - Filling up the DagBag from /opt/airflow/dags/raw.py
[2025-03-20T00:38:22.671+0000] {processor.py:925} INFO - DAG(s) 'weather_etl_pipeline' retrieved from /opt/airflow/dags/raw.py
[2025-03-20T00:38:22.732+0000] {logging_mixin.py:190} INFO - [2025-03-20T00:38:22.732+0000] {dag.py:3239} INFO - Sync 1 DAGs
[2025-03-20T00:38:22.863+0000] {logging_mixin.py:190} INFO - [2025-03-20T00:38:22.863+0000] {dag.py:4180} INFO - Setting next_dagrun for weather_etl_pipeline to 2025-03-19 00:00:00+00:00, run_after=2025-03-20 00:00:00+00:00
[2025-03-20T00:38:23.009+0000] {processor.py:208} INFO - Processing /opt/airflow/dags/raw.py took 0.461 seconds
[2025-03-20T00:38:53.422+0000] {processor.py:186} INFO - Started process (PID=26994) to work on /opt/airflow/dags/raw.py
[2025-03-20T00:38:53.428+0000] {processor.py:914} INFO - Processing file /opt/airflow/dags/raw.py for tasks to queue
[2025-03-20T00:38:53.431+0000] {logging_mixin.py:190} INFO - [2025-03-20T00:38:53.430+0000] {dagbag.py:588} INFO - Filling up the DagBag from /opt/airflow/dags/raw.py
[2025-03-20T00:38:53.467+0000] {processor.py:925} INFO - DAG(s) 'weather_etl_pipeline' retrieved from /opt/airflow/dags/raw.py
[2025-03-20T00:38:53.507+0000] {logging_mixin.py:190} INFO - [2025-03-20T00:38:53.507+0000] {dag.py:3239} INFO - Sync 1 DAGs
[2025-03-20T00:38:53.558+0000] {logging_mixin.py:190} INFO - [2025-03-20T00:38:53.557+0000] {dag.py:4180} INFO - Setting next_dagrun for weather_etl_pipeline to 2025-03-19 00:00:00+00:00, run_after=2025-03-20 00:00:00+00:00
[2025-03-20T00:38:53.607+0000] {processor.py:208} INFO - Processing /opt/airflow/dags/raw.py took 0.195 seconds
[2025-03-20T00:39:26.418+0000] {processor.py:186} INFO - Started process (PID=27054) to work on /opt/airflow/dags/raw.py
[2025-03-20T00:39:26.437+0000] {processor.py:914} INFO - Processing file /opt/airflow/dags/raw.py for tasks to queue
[2025-03-20T00:39:26.439+0000] {logging_mixin.py:190} INFO - [2025-03-20T00:39:26.439+0000] {dagbag.py:588} INFO - Filling up the DagBag from /opt/airflow/dags/raw.py
[2025-03-20T00:39:26.515+0000] {processor.py:925} INFO - DAG(s) 'weather_etl_pipeline' retrieved from /opt/airflow/dags/raw.py
[2025-03-20T00:39:26.670+0000] {logging_mixin.py:190} INFO - [2025-03-20T00:39:26.669+0000] {dag.py:3239} INFO - Sync 1 DAGs
[2025-03-20T00:39:26.822+0000] {logging_mixin.py:190} INFO - [2025-03-20T00:39:26.822+0000] {dag.py:4180} INFO - Setting next_dagrun for weather_etl_pipeline to 2025-03-19 00:00:00+00:00, run_after=2025-03-20 00:00:00+00:00
[2025-03-20T00:39:27.148+0000] {processor.py:208} INFO - Processing /opt/airflow/dags/raw.py took 0.752 seconds
[2025-03-20T00:39:58.094+0000] {processor.py:186} INFO - Started process (PID=27122) to work on /opt/airflow/dags/raw.py
[2025-03-20T00:39:58.134+0000] {processor.py:914} INFO - Processing file /opt/airflow/dags/raw.py for tasks to queue
[2025-03-20T00:39:58.162+0000] {logging_mixin.py:190} INFO - [2025-03-20T00:39:58.162+0000] {dagbag.py:588} INFO - Filling up the DagBag from /opt/airflow/dags/raw.py
[2025-03-20T00:39:58.383+0000] {processor.py:925} INFO - DAG(s) 'weather_etl_pipeline' retrieved from /opt/airflow/dags/raw.py
[2025-03-20T00:39:58.471+0000] {logging_mixin.py:190} INFO - [2025-03-20T00:39:58.471+0000] {dag.py:3239} INFO - Sync 1 DAGs
[2025-03-20T00:39:58.602+0000] {logging_mixin.py:190} INFO - [2025-03-20T00:39:58.602+0000] {dag.py:4180} INFO - Setting next_dagrun for weather_etl_pipeline to 2025-03-19 00:00:00+00:00, run_after=2025-03-20 00:00:00+00:00
[2025-03-20T00:39:58.686+0000] {processor.py:208} INFO - Processing /opt/airflow/dags/raw.py took 0.612 seconds
[2025-03-20T00:40:29.875+0000] {processor.py:186} INFO - Started process (PID=27191) to work on /opt/airflow/dags/raw.py
[2025-03-20T00:40:29.878+0000] {processor.py:914} INFO - Processing file /opt/airflow/dags/raw.py for tasks to queue
[2025-03-20T00:40:29.882+0000] {logging_mixin.py:190} INFO - [2025-03-20T00:40:29.880+0000] {dagbag.py:588} INFO - Filling up the DagBag from /opt/airflow/dags/raw.py
[2025-03-20T00:40:29.926+0000] {processor.py:925} INFO - DAG(s) 'weather_etl_pipeline' retrieved from /opt/airflow/dags/raw.py
[2025-03-20T00:40:29.962+0000] {logging_mixin.py:190} INFO - [2025-03-20T00:40:29.962+0000] {dag.py:3239} INFO - Sync 1 DAGs
[2025-03-20T00:40:30.052+0000] {logging_mixin.py:190} INFO - [2025-03-20T00:40:30.051+0000] {dag.py:4180} INFO - Setting next_dagrun for weather_etl_pipeline to 2025-03-19 00:00:00+00:00, run_after=2025-03-20 00:00:00+00:00
[2025-03-20T00:40:30.151+0000] {processor.py:208} INFO - Processing /opt/airflow/dags/raw.py took 0.296 seconds
[2025-03-20T00:41:02.524+0000] {processor.py:186} INFO - Started process (PID=27253) to work on /opt/airflow/dags/raw.py
[2025-03-20T00:41:02.545+0000] {processor.py:914} INFO - Processing file /opt/airflow/dags/raw.py for tasks to queue
[2025-03-20T00:41:02.565+0000] {logging_mixin.py:190} INFO - [2025-03-20T00:41:02.565+0000] {dagbag.py:588} INFO - Filling up the DagBag from /opt/airflow/dags/raw.py
[2025-03-20T00:41:02.662+0000] {processor.py:925} INFO - DAG(s) 'weather_etl_pipeline' retrieved from /opt/airflow/dags/raw.py
[2025-03-20T00:41:02.754+0000] {logging_mixin.py:190} INFO - [2025-03-20T00:41:02.753+0000] {dag.py:3239} INFO - Sync 1 DAGs
[2025-03-20T00:41:02.873+0000] {logging_mixin.py:190} INFO - [2025-03-20T00:41:02.872+0000] {dag.py:4180} INFO - Setting next_dagrun for weather_etl_pipeline to 2025-03-19 00:00:00+00:00, run_after=2025-03-20 00:00:00+00:00
[2025-03-20T00:41:02.937+0000] {processor.py:208} INFO - Processing /opt/airflow/dags/raw.py took 0.435 seconds
[2025-03-20T00:41:33.060+0000] {processor.py:186} INFO - Started process (PID=27320) to work on /opt/airflow/dags/raw.py
[2025-03-20T00:41:33.062+0000] {processor.py:914} INFO - Processing file /opt/airflow/dags/raw.py for tasks to queue
[2025-03-20T00:41:33.068+0000] {logging_mixin.py:190} INFO - [2025-03-20T00:41:33.065+0000] {dagbag.py:588} INFO - Filling up the DagBag from /opt/airflow/dags/raw.py
[2025-03-20T00:41:33.118+0000] {processor.py:925} INFO - DAG(s) 'weather_etl_pipeline' retrieved from /opt/airflow/dags/raw.py
[2025-03-20T00:41:33.174+0000] {logging_mixin.py:190} INFO - [2025-03-20T00:41:33.174+0000] {dag.py:3239} INFO - Sync 1 DAGs
[2025-03-20T00:41:33.244+0000] {logging_mixin.py:190} INFO - [2025-03-20T00:41:33.243+0000] {dag.py:4180} INFO - Setting next_dagrun for weather_etl_pipeline to 2025-03-19 00:00:00+00:00, run_after=2025-03-20 00:00:00+00:00
[2025-03-20T00:41:33.365+0000] {processor.py:208} INFO - Processing /opt/airflow/dags/raw.py took 0.324 seconds
[2025-03-20T00:42:03.500+0000] {processor.py:186} INFO - Started process (PID=27389) to work on /opt/airflow/dags/raw.py
[2025-03-20T00:42:03.502+0000] {processor.py:914} INFO - Processing file /opt/airflow/dags/raw.py for tasks to queue
[2025-03-20T00:42:03.504+0000] {logging_mixin.py:190} INFO - [2025-03-20T00:42:03.504+0000] {dagbag.py:588} INFO - Filling up the DagBag from /opt/airflow/dags/raw.py
[2025-03-20T00:42:03.539+0000] {processor.py:925} INFO - DAG(s) 'weather_etl_pipeline' retrieved from /opt/airflow/dags/raw.py
[2025-03-20T00:42:03.582+0000] {logging_mixin.py:190} INFO - [2025-03-20T00:42:03.582+0000] {dag.py:3239} INFO - Sync 1 DAGs
[2025-03-20T00:42:03.678+0000] {logging_mixin.py:190} INFO - [2025-03-20T00:42:03.677+0000] {dag.py:4180} INFO - Setting next_dagrun for weather_etl_pipeline to 2025-03-19 00:00:00+00:00, run_after=2025-03-20 00:00:00+00:00
[2025-03-20T00:42:03.798+0000] {processor.py:208} INFO - Processing /opt/airflow/dags/raw.py took 0.309 seconds
[2025-03-20T00:42:34.660+0000] {processor.py:186} INFO - Started process (PID=27458) to work on /opt/airflow/dags/raw.py
[2025-03-20T00:42:34.662+0000] {processor.py:914} INFO - Processing file /opt/airflow/dags/raw.py for tasks to queue
[2025-03-20T00:42:34.665+0000] {logging_mixin.py:190} INFO - [2025-03-20T00:42:34.665+0000] {dagbag.py:588} INFO - Filling up the DagBag from /opt/airflow/dags/raw.py
[2025-03-20T00:42:34.702+0000] {processor.py:925} INFO - DAG(s) 'weather_etl_pipeline' retrieved from /opt/airflow/dags/raw.py
[2025-03-20T00:42:34.730+0000] {logging_mixin.py:190} INFO - [2025-03-20T00:42:34.730+0000] {dag.py:3239} INFO - Sync 1 DAGs
[2025-03-20T00:42:34.777+0000] {logging_mixin.py:190} INFO - [2025-03-20T00:42:34.776+0000] {dag.py:4180} INFO - Setting next_dagrun for weather_etl_pipeline to 2025-03-19 00:00:00+00:00, run_after=2025-03-20 00:00:00+00:00
[2025-03-20T00:42:34.811+0000] {processor.py:208} INFO - Processing /opt/airflow/dags/raw.py took 0.170 seconds
[2025-03-20T00:43:09.118+0000] {processor.py:186} INFO - Started process (PID=27520) to work on /opt/airflow/dags/raw.py
[2025-03-20T00:43:09.132+0000] {processor.py:914} INFO - Processing file /opt/airflow/dags/raw.py for tasks to queue
[2025-03-20T00:43:09.143+0000] {logging_mixin.py:190} INFO - [2025-03-20T00:43:09.142+0000] {dagbag.py:588} INFO - Filling up the DagBag from /opt/airflow/dags/raw.py
[2025-03-20T00:43:09.331+0000] {processor.py:925} INFO - DAG(s) 'weather_etl_pipeline' retrieved from /opt/airflow/dags/raw.py
[2025-03-20T00:43:09.433+0000] {logging_mixin.py:190} INFO - [2025-03-20T00:43:09.432+0000] {dag.py:3239} INFO - Sync 1 DAGs
[2025-03-20T00:43:09.582+0000] {logging_mixin.py:190} INFO - [2025-03-20T00:43:09.582+0000] {dag.py:4180} INFO - Setting next_dagrun for weather_etl_pipeline to 2025-03-19 00:00:00+00:00, run_after=2025-03-20 00:00:00+00:00
[2025-03-20T00:43:09.664+0000] {processor.py:208} INFO - Processing /opt/airflow/dags/raw.py took 0.585 seconds
[2025-03-20T00:43:48.832+0000] {processor.py:186} INFO - Started process (PID=27594) to work on /opt/airflow/dags/raw.py
[2025-03-20T00:43:48.834+0000] {processor.py:914} INFO - Processing file /opt/airflow/dags/raw.py for tasks to queue
[2025-03-20T00:43:48.837+0000] {logging_mixin.py:190} INFO - [2025-03-20T00:43:48.836+0000] {dagbag.py:588} INFO - Filling up the DagBag from /opt/airflow/dags/raw.py
[2025-03-20T00:43:48.883+0000] {processor.py:925} INFO - DAG(s) 'weather_etl_pipeline' retrieved from /opt/airflow/dags/raw.py
[2025-03-20T00:43:48.920+0000] {logging_mixin.py:190} INFO - [2025-03-20T00:43:48.920+0000] {dag.py:3239} INFO - Sync 1 DAGs
[2025-03-20T00:43:49.022+0000] {logging_mixin.py:190} INFO - [2025-03-20T00:43:49.022+0000] {dag.py:4180} INFO - Setting next_dagrun for weather_etl_pipeline to 2025-03-19 00:00:00+00:00, run_after=2025-03-20 00:00:00+00:00
[2025-03-20T00:43:49.122+0000] {processor.py:208} INFO - Processing /opt/airflow/dags/raw.py took 0.312 seconds
[2025-03-20T00:44:19.353+0000] {processor.py:186} INFO - Started process (PID=27661) to work on /opt/airflow/dags/raw.py
[2025-03-20T00:44:19.356+0000] {processor.py:914} INFO - Processing file /opt/airflow/dags/raw.py for tasks to queue
[2025-03-20T00:44:19.367+0000] {logging_mixin.py:190} INFO - [2025-03-20T00:44:19.358+0000] {dagbag.py:588} INFO - Filling up the DagBag from /opt/airflow/dags/raw.py
[2025-03-20T00:44:19.502+0000] {processor.py:925} INFO - DAG(s) 'weather_etl_pipeline' retrieved from /opt/airflow/dags/raw.py
[2025-03-20T00:44:19.564+0000] {logging_mixin.py:190} INFO - [2025-03-20T00:44:19.563+0000] {dag.py:3239} INFO - Sync 1 DAGs
[2025-03-20T00:44:19.665+0000] {logging_mixin.py:190} INFO - [2025-03-20T00:44:19.665+0000] {dag.py:4180} INFO - Setting next_dagrun for weather_etl_pipeline to 2025-03-19 00:00:00+00:00, run_after=2025-03-20 00:00:00+00:00
[2025-03-20T00:44:19.756+0000] {processor.py:208} INFO - Processing /opt/airflow/dags/raw.py took 0.424 seconds
[2025-03-20T00:44:50.219+0000] {processor.py:186} INFO - Started process (PID=27729) to work on /opt/airflow/dags/raw.py
[2025-03-20T00:44:50.220+0000] {processor.py:914} INFO - Processing file /opt/airflow/dags/raw.py for tasks to queue
[2025-03-20T00:44:50.226+0000] {logging_mixin.py:190} INFO - [2025-03-20T00:44:50.226+0000] {dagbag.py:588} INFO - Filling up the DagBag from /opt/airflow/dags/raw.py
[2025-03-20T00:44:50.455+0000] {processor.py:925} INFO - DAG(s) 'weather_etl_pipeline' retrieved from /opt/airflow/dags/raw.py
[2025-03-20T00:44:50.569+0000] {logging_mixin.py:190} INFO - [2025-03-20T00:44:50.569+0000] {dag.py:3239} INFO - Sync 1 DAGs
[2025-03-20T00:44:50.658+0000] {logging_mixin.py:190} INFO - [2025-03-20T00:44:50.657+0000] {dag.py:4180} INFO - Setting next_dagrun for weather_etl_pipeline to 2025-03-19 00:00:00+00:00, run_after=2025-03-20 00:00:00+00:00
[2025-03-20T00:44:50.773+0000] {processor.py:208} INFO - Processing /opt/airflow/dags/raw.py took 0.586 seconds
[2025-03-20T00:45:26.206+0000] {processor.py:186} INFO - Started process (PID=27797) to work on /opt/airflow/dags/raw.py
[2025-03-20T00:45:26.208+0000] {processor.py:914} INFO - Processing file /opt/airflow/dags/raw.py for tasks to queue
[2025-03-20T00:45:26.210+0000] {logging_mixin.py:190} INFO - [2025-03-20T00:45:26.210+0000] {dagbag.py:588} INFO - Filling up the DagBag from /opt/airflow/dags/raw.py
[2025-03-20T00:45:26.321+0000] {processor.py:925} INFO - DAG(s) 'weather_etl_pipeline' retrieved from /opt/airflow/dags/raw.py
[2025-03-20T00:45:26.396+0000] {logging_mixin.py:190} INFO - [2025-03-20T00:45:26.396+0000] {dag.py:3239} INFO - Sync 1 DAGs
[2025-03-20T00:45:26.578+0000] {logging_mixin.py:190} INFO - [2025-03-20T00:45:26.576+0000] {dag.py:4180} INFO - Setting next_dagrun for weather_etl_pipeline to 2025-03-19 00:00:00+00:00, run_after=2025-03-20 00:00:00+00:00
[2025-03-20T00:45:26.894+0000] {processor.py:208} INFO - Processing /opt/airflow/dags/raw.py took 0.709 seconds
[2025-03-20T00:45:57.440+0000] {processor.py:186} INFO - Started process (PID=27866) to work on /opt/airflow/dags/raw.py
[2025-03-20T00:45:57.441+0000] {processor.py:914} INFO - Processing file /opt/airflow/dags/raw.py for tasks to queue
[2025-03-20T00:45:57.444+0000] {logging_mixin.py:190} INFO - [2025-03-20T00:45:57.443+0000] {dagbag.py:588} INFO - Filling up the DagBag from /opt/airflow/dags/raw.py
[2025-03-20T00:45:57.498+0000] {processor.py:925} INFO - DAG(s) 'weather_etl_pipeline' retrieved from /opt/airflow/dags/raw.py
[2025-03-20T00:45:57.557+0000] {logging_mixin.py:190} INFO - [2025-03-20T00:45:57.557+0000] {dag.py:3239} INFO - Sync 1 DAGs
[2025-03-20T00:45:57.660+0000] {logging_mixin.py:190} INFO - [2025-03-20T00:45:57.659+0000] {dag.py:4180} INFO - Setting next_dagrun for weather_etl_pipeline to 2025-03-19 00:00:00+00:00, run_after=2025-03-20 00:00:00+00:00
[2025-03-20T00:45:57.711+0000] {processor.py:208} INFO - Processing /opt/airflow/dags/raw.py took 0.285 seconds
