[2025-03-19T23:37:56.386+0000] {processor.py:186} INFO - Started process (PID=19450) to work on /opt/airflow/dags/dbtsnow.py
[2025-03-19T23:37:56.387+0000] {processor.py:914} INFO - Processing file /opt/airflow/dags/dbtsnow.py for tasks to queue
[2025-03-19T23:37:56.390+0000] {logging_mixin.py:190} INFO - [2025-03-19T23:37:56.389+0000] {dagbag.py:588} INFO - Filling up the DagBag from /opt/airflow/dags/dbtsnow.py
[2025-03-19T23:37:56.456+0000] {processor.py:925} INFO - DAG(s) 'dbt_dag' retrieved from /opt/airflow/dags/dbtsnow.py
[2025-03-19T23:37:57.007+0000] {logging_mixin.py:190} INFO - [2025-03-19T23:37:57.006+0000] {override.py:1912} INFO - Created Permission View: can delete on DAG:dbt_dag
[2025-03-19T23:37:57.060+0000] {logging_mixin.py:190} INFO - [2025-03-19T23:37:57.059+0000] {override.py:1912} INFO - Created Permission View: can edit on DAG:dbt_dag
[2025-03-19T23:37:57.182+0000] {logging_mixin.py:190} INFO - [2025-03-19T23:37:57.182+0000] {override.py:1912} INFO - Created Permission View: can read on DAG:dbt_dag
[2025-03-19T23:37:57.233+0000] {logging_mixin.py:190} INFO - [2025-03-19T23:37:57.232+0000] {override.py:1912} INFO - Created Permission View: can create on DAG Run:dbt_dag
[2025-03-19T23:37:57.257+0000] {logging_mixin.py:190} INFO - [2025-03-19T23:37:57.257+0000] {override.py:1912} INFO - Created Permission View: can delete on DAG Run:dbt_dag
[2025-03-19T23:37:57.305+0000] {logging_mixin.py:190} INFO - [2025-03-19T23:37:57.305+0000] {override.py:1912} INFO - Created Permission View: menu access on DAG Run:dbt_dag
[2025-03-19T23:37:57.329+0000] {logging_mixin.py:190} INFO - [2025-03-19T23:37:57.329+0000] {override.py:1912} INFO - Created Permission View: can read on DAG Run:dbt_dag
[2025-03-19T23:37:57.331+0000] {logging_mixin.py:190} INFO - [2025-03-19T23:37:57.330+0000] {dag.py:3239} INFO - Sync 1 DAGs
[2025-03-19T23:37:57.407+0000] {logging_mixin.py:190} INFO - [2025-03-19T23:37:57.407+0000] {dag.py:3262} INFO - Creating ORM DAG for dbt_dag
[2025-03-19T23:37:57.452+0000] {logging_mixin.py:190} INFO - [2025-03-19T23:37:57.452+0000] {dag.py:4180} INFO - Setting next_dagrun for dbt_dag to 2025-03-18 00:00:00+00:00, run_after=2025-03-19 00:00:00+00:00
[2025-03-19T23:37:57.558+0000] {processor.py:208} INFO - Processing /opt/airflow/dags/dbtsnow.py took 1.193 seconds
[2025-03-19T23:38:37.706+0000] {processor.py:186} INFO - Started process (PID=19500) to work on /opt/airflow/dags/dbtsnow.py
[2025-03-19T23:38:37.707+0000] {processor.py:914} INFO - Processing file /opt/airflow/dags/dbtsnow.py for tasks to queue
[2025-03-19T23:38:37.721+0000] {logging_mixin.py:190} INFO - [2025-03-19T23:38:37.720+0000] {dagbag.py:588} INFO - Filling up the DagBag from /opt/airflow/dags/dbtsnow.py
[2025-03-19T23:38:37.783+0000] {processor.py:925} INFO - DAG(s) 'dbt_dag' retrieved from /opt/airflow/dags/dbtsnow.py
[2025-03-19T23:38:37.847+0000] {logging_mixin.py:190} INFO - [2025-03-19T23:38:37.847+0000] {dag.py:3239} INFO - Sync 1 DAGs
[2025-03-19T23:38:37.996+0000] {logging_mixin.py:190} INFO - [2025-03-19T23:38:37.996+0000] {dag.py:4180} INFO - Setting next_dagrun for dbt_dag to 2025-03-18 00:00:00+00:00, run_after=2025-03-19 00:00:00+00:00
[2025-03-19T23:38:38.123+0000] {processor.py:208} INFO - Processing /opt/airflow/dags/dbtsnow.py took 0.444 seconds
[2025-03-19T23:39:08.683+0000] {processor.py:186} INFO - Started process (PID=19568) to work on /opt/airflow/dags/dbtsnow.py
[2025-03-19T23:39:08.684+0000] {processor.py:914} INFO - Processing file /opt/airflow/dags/dbtsnow.py for tasks to queue
[2025-03-19T23:39:08.686+0000] {logging_mixin.py:190} INFO - [2025-03-19T23:39:08.686+0000] {dagbag.py:588} INFO - Filling up the DagBag from /opt/airflow/dags/dbtsnow.py
[2025-03-19T23:39:08.707+0000] {processor.py:925} INFO - DAG(s) 'dbt_dag' retrieved from /opt/airflow/dags/dbtsnow.py
[2025-03-19T23:39:08.727+0000] {logging_mixin.py:190} INFO - [2025-03-19T23:39:08.727+0000] {dag.py:3239} INFO - Sync 1 DAGs
[2025-03-19T23:39:08.760+0000] {logging_mixin.py:190} INFO - [2025-03-19T23:39:08.760+0000] {dag.py:4180} INFO - Setting next_dagrun for dbt_dag to 2025-03-18 00:00:00+00:00, run_after=2025-03-19 00:00:00+00:00
[2025-03-19T23:39:08.782+0000] {processor.py:208} INFO - Processing /opt/airflow/dags/dbtsnow.py took 0.107 seconds
[2025-03-19T23:39:39.661+0000] {processor.py:186} INFO - Started process (PID=19632) to work on /opt/airflow/dags/dbtsnow.py
[2025-03-19T23:39:39.663+0000] {processor.py:914} INFO - Processing file /opt/airflow/dags/dbtsnow.py for tasks to queue
[2025-03-19T23:39:39.667+0000] {logging_mixin.py:190} INFO - [2025-03-19T23:39:39.666+0000] {dagbag.py:588} INFO - Filling up the DagBag from /opt/airflow/dags/dbtsnow.py
[2025-03-19T23:39:39.714+0000] {processor.py:925} INFO - DAG(s) 'dbt_dag' retrieved from /opt/airflow/dags/dbtsnow.py
[2025-03-19T23:39:39.746+0000] {logging_mixin.py:190} INFO - [2025-03-19T23:39:39.746+0000] {dag.py:3239} INFO - Sync 1 DAGs
[2025-03-19T23:39:39.818+0000] {logging_mixin.py:190} INFO - [2025-03-19T23:39:39.817+0000] {dag.py:4180} INFO - Setting next_dagrun for dbt_dag to 2025-03-18 00:00:00+00:00, run_after=2025-03-19 00:00:00+00:00
[2025-03-19T23:39:39.907+0000] {processor.py:208} INFO - Processing /opt/airflow/dags/dbtsnow.py took 0.271 seconds
[2025-03-19T23:40:10.523+0000] {processor.py:186} INFO - Started process (PID=19701) to work on /opt/airflow/dags/dbtsnow.py
[2025-03-19T23:40:10.527+0000] {processor.py:914} INFO - Processing file /opt/airflow/dags/dbtsnow.py for tasks to queue
[2025-03-19T23:40:10.530+0000] {logging_mixin.py:190} INFO - [2025-03-19T23:40:10.530+0000] {dagbag.py:588} INFO - Filling up the DagBag from /opt/airflow/dags/dbtsnow.py
[2025-03-19T23:40:10.595+0000] {processor.py:925} INFO - DAG(s) 'dbt_dag' retrieved from /opt/airflow/dags/dbtsnow.py
[2025-03-19T23:40:10.637+0000] {logging_mixin.py:190} INFO - [2025-03-19T23:40:10.637+0000] {dag.py:3239} INFO - Sync 1 DAGs
[2025-03-19T23:40:10.700+0000] {logging_mixin.py:190} INFO - [2025-03-19T23:40:10.700+0000] {dag.py:4180} INFO - Setting next_dagrun for dbt_dag to 2025-03-18 00:00:00+00:00, run_after=2025-03-19 00:00:00+00:00
[2025-03-19T23:40:10.761+0000] {processor.py:208} INFO - Processing /opt/airflow/dags/dbtsnow.py took 0.250 seconds
[2025-03-19T23:40:42.218+0000] {processor.py:186} INFO - Started process (PID=19763) to work on /opt/airflow/dags/dbtsnow.py
[2025-03-19T23:40:42.220+0000] {processor.py:914} INFO - Processing file /opt/airflow/dags/dbtsnow.py for tasks to queue
[2025-03-19T23:40:42.235+0000] {logging_mixin.py:190} INFO - [2025-03-19T23:40:42.234+0000] {dagbag.py:588} INFO - Filling up the DagBag from /opt/airflow/dags/dbtsnow.py
[2025-03-19T23:40:42.575+0000] {processor.py:925} INFO - DAG(s) 'dbt_dag' retrieved from /opt/airflow/dags/dbtsnow.py
[2025-03-19T23:40:42.676+0000] {logging_mixin.py:190} INFO - [2025-03-19T23:40:42.676+0000] {dag.py:3239} INFO - Sync 1 DAGs
[2025-03-19T23:40:42.834+0000] {logging_mixin.py:190} INFO - [2025-03-19T23:40:42.834+0000] {dag.py:4180} INFO - Setting next_dagrun for dbt_dag to 2025-03-18 00:00:00+00:00, run_after=2025-03-19 00:00:00+00:00
[2025-03-19T23:40:42.999+0000] {processor.py:208} INFO - Processing /opt/airflow/dags/dbtsnow.py took 0.808 seconds
[2025-03-19T23:41:13.653+0000] {processor.py:186} INFO - Started process (PID=19831) to work on /opt/airflow/dags/dbtsnow.py
[2025-03-19T23:41:13.654+0000] {processor.py:914} INFO - Processing file /opt/airflow/dags/dbtsnow.py for tasks to queue
[2025-03-19T23:41:13.662+0000] {logging_mixin.py:190} INFO - [2025-03-19T23:41:13.660+0000] {dagbag.py:588} INFO - Filling up the DagBag from /opt/airflow/dags/dbtsnow.py
[2025-03-19T23:41:13.714+0000] {processor.py:925} INFO - DAG(s) 'dbt_dag' retrieved from /opt/airflow/dags/dbtsnow.py
[2025-03-19T23:41:13.750+0000] {logging_mixin.py:190} INFO - [2025-03-19T23:41:13.750+0000] {dag.py:3239} INFO - Sync 1 DAGs
[2025-03-19T23:41:13.898+0000] {logging_mixin.py:190} INFO - [2025-03-19T23:41:13.897+0000] {dag.py:4180} INFO - Setting next_dagrun for dbt_dag to 2025-03-18 00:00:00+00:00, run_after=2025-03-19 00:00:00+00:00
[2025-03-19T23:41:13.986+0000] {processor.py:208} INFO - Processing /opt/airflow/dags/dbtsnow.py took 0.347 seconds
[2025-03-19T23:41:44.453+0000] {processor.py:186} INFO - Started process (PID=19899) to work on /opt/airflow/dags/dbtsnow.py
[2025-03-19T23:41:44.454+0000] {processor.py:914} INFO - Processing file /opt/airflow/dags/dbtsnow.py for tasks to queue
[2025-03-19T23:41:44.456+0000] {logging_mixin.py:190} INFO - [2025-03-19T23:41:44.456+0000] {dagbag.py:588} INFO - Filling up the DagBag from /opt/airflow/dags/dbtsnow.py
[2025-03-19T23:41:44.492+0000] {processor.py:925} INFO - DAG(s) 'dbt_dag' retrieved from /opt/airflow/dags/dbtsnow.py
[2025-03-19T23:41:44.529+0000] {logging_mixin.py:190} INFO - [2025-03-19T23:41:44.528+0000] {dag.py:3239} INFO - Sync 1 DAGs
[2025-03-19T23:41:44.617+0000] {logging_mixin.py:190} INFO - [2025-03-19T23:41:44.617+0000] {dag.py:4180} INFO - Setting next_dagrun for dbt_dag to 2025-03-18 00:00:00+00:00, run_after=2025-03-19 00:00:00+00:00
[2025-03-19T23:41:44.657+0000] {processor.py:208} INFO - Processing /opt/airflow/dags/dbtsnow.py took 0.217 seconds
[2025-03-19T23:42:16.585+0000] {processor.py:186} INFO - Started process (PID=19975) to work on /opt/airflow/dags/dbtsnow.py
[2025-03-19T23:42:16.587+0000] {processor.py:914} INFO - Processing file /opt/airflow/dags/dbtsnow.py for tasks to queue
[2025-03-19T23:42:16.589+0000] {logging_mixin.py:190} INFO - [2025-03-19T23:42:16.588+0000] {dagbag.py:588} INFO - Filling up the DagBag from /opt/airflow/dags/dbtsnow.py
[2025-03-19T23:42:16.698+0000] {processor.py:925} INFO - DAG(s) 'dbt_dag' retrieved from /opt/airflow/dags/dbtsnow.py
[2025-03-19T23:42:16.839+0000] {logging_mixin.py:190} INFO - [2025-03-19T23:42:16.839+0000] {dag.py:3239} INFO - Sync 1 DAGs
[2025-03-19T23:42:16.939+0000] {logging_mixin.py:190} INFO - [2025-03-19T23:42:16.939+0000] {dag.py:4180} INFO - Setting next_dagrun for dbt_dag to 2025-03-19 00:00:00+00:00, run_after=2025-03-20 00:00:00+00:00
[2025-03-19T23:42:17.036+0000] {processor.py:208} INFO - Processing /opt/airflow/dags/dbtsnow.py took 0.484 seconds
[2025-03-19T23:42:48.510+0000] {processor.py:186} INFO - Started process (PID=20042) to work on /opt/airflow/dags/dbtsnow.py
[2025-03-19T23:42:48.542+0000] {processor.py:914} INFO - Processing file /opt/airflow/dags/dbtsnow.py for tasks to queue
[2025-03-19T23:42:48.550+0000] {logging_mixin.py:190} INFO - [2025-03-19T23:42:48.549+0000] {dagbag.py:588} INFO - Filling up the DagBag from /opt/airflow/dags/dbtsnow.py
[2025-03-19T23:42:48.793+0000] {processor.py:925} INFO - DAG(s) 'dbt_dag' retrieved from /opt/airflow/dags/dbtsnow.py
[2025-03-19T23:42:48.908+0000] {logging_mixin.py:190} INFO - [2025-03-19T23:42:48.908+0000] {dag.py:3239} INFO - Sync 1 DAGs
[2025-03-19T23:42:49.098+0000] {logging_mixin.py:190} INFO - [2025-03-19T23:42:49.097+0000] {dag.py:4180} INFO - Setting next_dagrun for dbt_dag to 2025-03-19 00:00:00+00:00, run_after=2025-03-20 00:00:00+00:00
[2025-03-19T23:42:49.338+0000] {processor.py:208} INFO - Processing /opt/airflow/dags/dbtsnow.py took 0.866 seconds
[2025-03-19T23:43:19.732+0000] {processor.py:186} INFO - Started process (PID=20110) to work on /opt/airflow/dags/dbtsnow.py
[2025-03-19T23:43:19.734+0000] {processor.py:914} INFO - Processing file /opt/airflow/dags/dbtsnow.py for tasks to queue
[2025-03-19T23:43:19.736+0000] {logging_mixin.py:190} INFO - [2025-03-19T23:43:19.735+0000] {dagbag.py:588} INFO - Filling up the DagBag from /opt/airflow/dags/dbtsnow.py
[2025-03-19T23:43:19.991+0000] {processor.py:925} INFO - DAG(s) 'dbt_dag' retrieved from /opt/airflow/dags/dbtsnow.py
[2025-03-19T23:43:20.049+0000] {logging_mixin.py:190} INFO - [2025-03-19T23:43:20.049+0000] {dag.py:3239} INFO - Sync 1 DAGs
[2025-03-19T23:43:20.120+0000] {logging_mixin.py:190} INFO - [2025-03-19T23:43:20.120+0000] {dag.py:4180} INFO - Setting next_dagrun for dbt_dag to 2025-03-19 00:00:00+00:00, run_after=2025-03-20 00:00:00+00:00
[2025-03-19T23:43:20.197+0000] {processor.py:208} INFO - Processing /opt/airflow/dags/dbtsnow.py took 0.480 seconds
[2025-03-19T23:43:51.663+0000] {processor.py:186} INFO - Started process (PID=20175) to work on /opt/airflow/dags/dbtsnow.py
[2025-03-19T23:43:51.665+0000] {processor.py:914} INFO - Processing file /opt/airflow/dags/dbtsnow.py for tasks to queue
[2025-03-19T23:43:51.668+0000] {logging_mixin.py:190} INFO - [2025-03-19T23:43:51.667+0000] {dagbag.py:588} INFO - Filling up the DagBag from /opt/airflow/dags/dbtsnow.py
[2025-03-19T23:43:51.717+0000] {processor.py:925} INFO - DAG(s) 'dbt_dag' retrieved from /opt/airflow/dags/dbtsnow.py
[2025-03-19T23:43:51.776+0000] {logging_mixin.py:190} INFO - [2025-03-19T23:43:51.776+0000] {dag.py:3239} INFO - Sync 1 DAGs
[2025-03-19T23:43:51.892+0000] {logging_mixin.py:190} INFO - [2025-03-19T23:43:51.892+0000] {dag.py:4180} INFO - Setting next_dagrun for dbt_dag to 2025-03-19 00:00:00+00:00, run_after=2025-03-20 00:00:00+00:00
[2025-03-19T23:43:51.929+0000] {processor.py:208} INFO - Processing /opt/airflow/dags/dbtsnow.py took 0.297 seconds
[2025-03-19T23:44:22.832+0000] {processor.py:186} INFO - Started process (PID=20244) to work on /opt/airflow/dags/dbtsnow.py
[2025-03-19T23:44:22.834+0000] {processor.py:914} INFO - Processing file /opt/airflow/dags/dbtsnow.py for tasks to queue
[2025-03-19T23:44:22.836+0000] {logging_mixin.py:190} INFO - [2025-03-19T23:44:22.835+0000] {dagbag.py:588} INFO - Filling up the DagBag from /opt/airflow/dags/dbtsnow.py
[2025-03-19T23:44:22.858+0000] {processor.py:925} INFO - DAG(s) 'dbt_dag' retrieved from /opt/airflow/dags/dbtsnow.py
[2025-03-19T23:44:22.880+0000] {logging_mixin.py:190} INFO - [2025-03-19T23:44:22.880+0000] {dag.py:3239} INFO - Sync 1 DAGs
[2025-03-19T23:44:22.909+0000] {logging_mixin.py:190} INFO - [2025-03-19T23:44:22.909+0000] {dag.py:4180} INFO - Setting next_dagrun for dbt_dag to 2025-03-19 00:00:00+00:00, run_after=2025-03-20 00:00:00+00:00
[2025-03-19T23:44:22.940+0000] {processor.py:208} INFO - Processing /opt/airflow/dags/dbtsnow.py took 0.117 seconds
[2025-03-19T23:44:59.757+0000] {processor.py:186} INFO - Started process (PID=20303) to work on /opt/airflow/dags/dbtsnow.py
[2025-03-19T23:44:59.758+0000] {processor.py:914} INFO - Processing file /opt/airflow/dags/dbtsnow.py for tasks to queue
[2025-03-19T23:44:59.760+0000] {logging_mixin.py:190} INFO - [2025-03-19T23:44:59.760+0000] {dagbag.py:588} INFO - Filling up the DagBag from /opt/airflow/dags/dbtsnow.py
[2025-03-19T23:44:59.809+0000] {processor.py:925} INFO - DAG(s) 'dbt_dag' retrieved from /opt/airflow/dags/dbtsnow.py
[2025-03-19T23:44:59.870+0000] {logging_mixin.py:190} INFO - [2025-03-19T23:44:59.869+0000] {dag.py:3239} INFO - Sync 1 DAGs
[2025-03-19T23:44:59.990+0000] {logging_mixin.py:190} INFO - [2025-03-19T23:44:59.989+0000] {dag.py:4180} INFO - Setting next_dagrun for dbt_dag to 2025-03-19 00:00:00+00:00, run_after=2025-03-20 00:00:00+00:00
[2025-03-19T23:45:00.069+0000] {processor.py:208} INFO - Processing /opt/airflow/dags/dbtsnow.py took 0.329 seconds
[2025-03-19T23:45:30.487+0000] {processor.py:186} INFO - Started process (PID=20370) to work on /opt/airflow/dags/dbtsnow.py
[2025-03-19T23:45:30.488+0000] {processor.py:914} INFO - Processing file /opt/airflow/dags/dbtsnow.py for tasks to queue
[2025-03-19T23:45:30.490+0000] {logging_mixin.py:190} INFO - [2025-03-19T23:45:30.490+0000] {dagbag.py:588} INFO - Filling up the DagBag from /opt/airflow/dags/dbtsnow.py
[2025-03-19T23:45:30.514+0000] {processor.py:925} INFO - DAG(s) 'dbt_dag' retrieved from /opt/airflow/dags/dbtsnow.py
[2025-03-19T23:45:30.570+0000] {logging_mixin.py:190} INFO - [2025-03-19T23:45:30.569+0000] {dag.py:3239} INFO - Sync 1 DAGs
[2025-03-19T23:45:30.695+0000] {logging_mixin.py:190} INFO - [2025-03-19T23:45:30.694+0000] {dag.py:4180} INFO - Setting next_dagrun for dbt_dag to 2025-03-19 00:00:00+00:00, run_after=2025-03-20 00:00:00+00:00
[2025-03-19T23:45:30.738+0000] {processor.py:208} INFO - Processing /opt/airflow/dags/dbtsnow.py took 0.259 seconds
[2025-03-19T23:46:01.175+0000] {processor.py:186} INFO - Started process (PID=20438) to work on /opt/airflow/dags/dbtsnow.py
[2025-03-19T23:46:01.177+0000] {processor.py:914} INFO - Processing file /opt/airflow/dags/dbtsnow.py for tasks to queue
[2025-03-19T23:46:01.180+0000] {logging_mixin.py:190} INFO - [2025-03-19T23:46:01.179+0000] {dagbag.py:588} INFO - Filling up the DagBag from /opt/airflow/dags/dbtsnow.py
[2025-03-19T23:46:01.213+0000] {processor.py:925} INFO - DAG(s) 'dbt_dag' retrieved from /opt/airflow/dags/dbtsnow.py
[2025-03-19T23:46:01.236+0000] {logging_mixin.py:190} INFO - [2025-03-19T23:46:01.236+0000] {dag.py:3239} INFO - Sync 1 DAGs
[2025-03-19T23:46:01.353+0000] {logging_mixin.py:190} INFO - [2025-03-19T23:46:01.353+0000] {dag.py:4180} INFO - Setting next_dagrun for dbt_dag to 2025-03-19 00:00:00+00:00, run_after=2025-03-20 00:00:00+00:00
[2025-03-19T23:46:01.443+0000] {processor.py:208} INFO - Processing /opt/airflow/dags/dbtsnow.py took 0.278 seconds
[2025-03-19T23:46:31.876+0000] {processor.py:186} INFO - Started process (PID=20505) to work on /opt/airflow/dags/dbtsnow.py
[2025-03-19T23:46:31.877+0000] {processor.py:914} INFO - Processing file /opt/airflow/dags/dbtsnow.py for tasks to queue
[2025-03-19T23:46:31.880+0000] {logging_mixin.py:190} INFO - [2025-03-19T23:46:31.879+0000] {dagbag.py:588} INFO - Filling up the DagBag from /opt/airflow/dags/dbtsnow.py
[2025-03-19T23:46:31.908+0000] {processor.py:925} INFO - DAG(s) 'dbt_dag' retrieved from /opt/airflow/dags/dbtsnow.py
[2025-03-19T23:46:31.946+0000] {logging_mixin.py:190} INFO - [2025-03-19T23:46:31.945+0000] {dag.py:3239} INFO - Sync 1 DAGs
[2025-03-19T23:46:32.005+0000] {logging_mixin.py:190} INFO - [2025-03-19T23:46:32.005+0000] {dag.py:4180} INFO - Setting next_dagrun for dbt_dag to 2025-03-19 00:00:00+00:00, run_after=2025-03-20 00:00:00+00:00
[2025-03-19T23:46:32.059+0000] {processor.py:208} INFO - Processing /opt/airflow/dags/dbtsnow.py took 0.198 seconds
[2025-03-19T23:47:02.234+0000] {processor.py:186} INFO - Started process (PID=20574) to work on /opt/airflow/dags/dbtsnow.py
[2025-03-19T23:47:02.236+0000] {processor.py:914} INFO - Processing file /opt/airflow/dags/dbtsnow.py for tasks to queue
[2025-03-19T23:47:02.238+0000] {logging_mixin.py:190} INFO - [2025-03-19T23:47:02.237+0000] {dagbag.py:588} INFO - Filling up the DagBag from /opt/airflow/dags/dbtsnow.py
[2025-03-19T23:47:02.260+0000] {processor.py:925} INFO - DAG(s) 'dbt_dag' retrieved from /opt/airflow/dags/dbtsnow.py
[2025-03-19T23:47:02.287+0000] {logging_mixin.py:190} INFO - [2025-03-19T23:47:02.287+0000] {dag.py:3239} INFO - Sync 1 DAGs
[2025-03-19T23:47:02.317+0000] {logging_mixin.py:190} INFO - [2025-03-19T23:47:02.317+0000] {dag.py:4180} INFO - Setting next_dagrun for dbt_dag to 2025-03-19 00:00:00+00:00, run_after=2025-03-20 00:00:00+00:00
[2025-03-19T23:47:02.357+0000] {processor.py:208} INFO - Processing /opt/airflow/dags/dbtsnow.py took 0.132 seconds
[2025-03-19T23:47:32.824+0000] {processor.py:186} INFO - Started process (PID=20643) to work on /opt/airflow/dags/dbtsnow.py
[2025-03-19T23:47:32.826+0000] {processor.py:914} INFO - Processing file /opt/airflow/dags/dbtsnow.py for tasks to queue
[2025-03-19T23:47:32.829+0000] {logging_mixin.py:190} INFO - [2025-03-19T23:47:32.828+0000] {dagbag.py:588} INFO - Filling up the DagBag from /opt/airflow/dags/dbtsnow.py
[2025-03-19T23:47:32.872+0000] {processor.py:925} INFO - DAG(s) 'dbt_dag' retrieved from /opt/airflow/dags/dbtsnow.py
[2025-03-19T23:47:32.914+0000] {logging_mixin.py:190} INFO - [2025-03-19T23:47:32.911+0000] {dag.py:3239} INFO - Sync 1 DAGs
[2025-03-19T23:47:32.974+0000] {logging_mixin.py:190} INFO - [2025-03-19T23:47:32.973+0000] {dag.py:4180} INFO - Setting next_dagrun for dbt_dag to 2025-03-19 00:00:00+00:00, run_after=2025-03-20 00:00:00+00:00
[2025-03-19T23:47:33.028+0000] {processor.py:208} INFO - Processing /opt/airflow/dags/dbtsnow.py took 0.212 seconds
[2025-03-19T23:48:09.753+0000] {processor.py:186} INFO - Started process (PID=20709) to work on /opt/airflow/dags/dbtsnow.py
[2025-03-19T23:48:09.765+0000] {processor.py:914} INFO - Processing file /opt/airflow/dags/dbtsnow.py for tasks to queue
[2025-03-19T23:48:09.770+0000] {logging_mixin.py:190} INFO - [2025-03-19T23:48:09.769+0000] {dagbag.py:588} INFO - Filling up the DagBag from /opt/airflow/dags/dbtsnow.py
[2025-03-19T23:48:09.912+0000] {processor.py:925} INFO - DAG(s) 'dbt_dag' retrieved from /opt/airflow/dags/dbtsnow.py
[2025-03-19T23:48:10.180+0000] {logging_mixin.py:190} INFO - [2025-03-19T23:48:10.180+0000] {dag.py:3239} INFO - Sync 1 DAGs
[2025-03-19T23:48:10.430+0000] {logging_mixin.py:190} INFO - [2025-03-19T23:48:10.430+0000] {dag.py:4180} INFO - Setting next_dagrun for dbt_dag to 2025-03-19 00:00:00+00:00, run_after=2025-03-20 00:00:00+00:00
[2025-03-19T23:48:10.669+0000] {processor.py:208} INFO - Processing /opt/airflow/dags/dbtsnow.py took 0.951 seconds
[2025-03-19T23:48:41.963+0000] {processor.py:186} INFO - Started process (PID=20779) to work on /opt/airflow/dags/dbtsnow.py
[2025-03-19T23:48:41.965+0000] {processor.py:914} INFO - Processing file /opt/airflow/dags/dbtsnow.py for tasks to queue
[2025-03-19T23:48:41.982+0000] {logging_mixin.py:190} INFO - [2025-03-19T23:48:41.981+0000] {dagbag.py:588} INFO - Filling up the DagBag from /opt/airflow/dags/dbtsnow.py
[2025-03-19T23:48:42.069+0000] {processor.py:925} INFO - DAG(s) 'dbt_dag' retrieved from /opt/airflow/dags/dbtsnow.py
[2025-03-19T23:48:42.112+0000] {logging_mixin.py:190} INFO - [2025-03-19T23:48:42.111+0000] {dag.py:3239} INFO - Sync 1 DAGs
[2025-03-19T23:48:42.202+0000] {logging_mixin.py:190} INFO - [2025-03-19T23:48:42.201+0000] {dag.py:4180} INFO - Setting next_dagrun for dbt_dag to 2025-03-19 00:00:00+00:00, run_after=2025-03-20 00:00:00+00:00
[2025-03-19T23:48:42.332+0000] {processor.py:208} INFO - Processing /opt/airflow/dags/dbtsnow.py took 0.387 seconds
[2025-03-19T23:49:12.750+0000] {processor.py:186} INFO - Started process (PID=20848) to work on /opt/airflow/dags/dbtsnow.py
[2025-03-19T23:49:12.752+0000] {processor.py:914} INFO - Processing file /opt/airflow/dags/dbtsnow.py for tasks to queue
[2025-03-19T23:49:12.757+0000] {logging_mixin.py:190} INFO - [2025-03-19T23:49:12.756+0000] {dagbag.py:588} INFO - Filling up the DagBag from /opt/airflow/dags/dbtsnow.py
[2025-03-19T23:49:12.791+0000] {processor.py:925} INFO - DAG(s) 'dbt_dag' retrieved from /opt/airflow/dags/dbtsnow.py
[2025-03-19T23:49:12.828+0000] {logging_mixin.py:190} INFO - [2025-03-19T23:49:12.828+0000] {dag.py:3239} INFO - Sync 1 DAGs
[2025-03-19T23:49:12.871+0000] {logging_mixin.py:190} INFO - [2025-03-19T23:49:12.871+0000] {dag.py:4180} INFO - Setting next_dagrun for dbt_dag to 2025-03-19 00:00:00+00:00, run_after=2025-03-20 00:00:00+00:00
[2025-03-19T23:49:12.908+0000] {processor.py:208} INFO - Processing /opt/airflow/dags/dbtsnow.py took 0.173 seconds
[2025-03-19T23:49:45.077+0000] {processor.py:186} INFO - Started process (PID=20917) to work on /opt/airflow/dags/dbtsnow.py
[2025-03-19T23:49:45.079+0000] {processor.py:914} INFO - Processing file /opt/airflow/dags/dbtsnow.py for tasks to queue
[2025-03-19T23:49:45.091+0000] {logging_mixin.py:190} INFO - [2025-03-19T23:49:45.090+0000] {dagbag.py:588} INFO - Filling up the DagBag from /opt/airflow/dags/dbtsnow.py
[2025-03-19T23:49:45.231+0000] {processor.py:925} INFO - DAG(s) 'dbt_dag' retrieved from /opt/airflow/dags/dbtsnow.py
[2025-03-19T23:49:45.298+0000] {logging_mixin.py:190} INFO - [2025-03-19T23:49:45.297+0000] {dag.py:3239} INFO - Sync 1 DAGs
[2025-03-19T23:49:45.367+0000] {logging_mixin.py:190} INFO - [2025-03-19T23:49:45.367+0000] {dag.py:4180} INFO - Setting next_dagrun for dbt_dag to 2025-03-19 00:00:00+00:00, run_after=2025-03-20 00:00:00+00:00
[2025-03-19T23:49:45.453+0000] {processor.py:208} INFO - Processing /opt/airflow/dags/dbtsnow.py took 0.398 seconds
[2025-03-19T23:50:16.652+0000] {processor.py:186} INFO - Started process (PID=20985) to work on /opt/airflow/dags/dbtsnow.py
[2025-03-19T23:50:16.653+0000] {processor.py:914} INFO - Processing file /opt/airflow/dags/dbtsnow.py for tasks to queue
[2025-03-19T23:50:16.657+0000] {logging_mixin.py:190} INFO - [2025-03-19T23:50:16.656+0000] {dagbag.py:588} INFO - Filling up the DagBag from /opt/airflow/dags/dbtsnow.py
[2025-03-19T23:50:16.706+0000] {processor.py:925} INFO - DAG(s) 'dbt_dag' retrieved from /opt/airflow/dags/dbtsnow.py
[2025-03-19T23:50:16.762+0000] {logging_mixin.py:190} INFO - [2025-03-19T23:50:16.761+0000] {dag.py:3239} INFO - Sync 1 DAGs
[2025-03-19T23:50:16.840+0000] {logging_mixin.py:190} INFO - [2025-03-19T23:50:16.839+0000] {dag.py:4180} INFO - Setting next_dagrun for dbt_dag to 2025-03-19 00:00:00+00:00, run_after=2025-03-20 00:00:00+00:00
[2025-03-19T23:50:16.937+0000] {processor.py:208} INFO - Processing /opt/airflow/dags/dbtsnow.py took 0.303 seconds
[2025-03-19T23:50:48.124+0000] {processor.py:186} INFO - Started process (PID=21052) to work on /opt/airflow/dags/dbtsnow.py
[2025-03-19T23:50:48.125+0000] {processor.py:914} INFO - Processing file /opt/airflow/dags/dbtsnow.py for tasks to queue
[2025-03-19T23:50:48.138+0000] {logging_mixin.py:190} INFO - [2025-03-19T23:50:48.127+0000] {dagbag.py:588} INFO - Filling up the DagBag from /opt/airflow/dags/dbtsnow.py
[2025-03-19T23:50:48.198+0000] {processor.py:925} INFO - DAG(s) 'dbt_dag' retrieved from /opt/airflow/dags/dbtsnow.py
[2025-03-19T23:50:48.290+0000] {logging_mixin.py:190} INFO - [2025-03-19T23:50:48.290+0000] {dag.py:3239} INFO - Sync 1 DAGs
[2025-03-19T23:50:48.520+0000] {logging_mixin.py:190} INFO - [2025-03-19T23:50:48.520+0000] {dag.py:4180} INFO - Setting next_dagrun for dbt_dag to 2025-03-19 00:00:00+00:00, run_after=2025-03-20 00:00:00+00:00
[2025-03-19T23:50:48.624+0000] {processor.py:208} INFO - Processing /opt/airflow/dags/dbtsnow.py took 0.536 seconds
[2025-03-19T23:51:19.201+0000] {processor.py:186} INFO - Started process (PID=21119) to work on /opt/airflow/dags/dbtsnow.py
[2025-03-19T23:51:19.203+0000] {processor.py:914} INFO - Processing file /opt/airflow/dags/dbtsnow.py for tasks to queue
[2025-03-19T23:51:19.206+0000] {logging_mixin.py:190} INFO - [2025-03-19T23:51:19.205+0000] {dagbag.py:588} INFO - Filling up the DagBag from /opt/airflow/dags/dbtsnow.py
[2025-03-19T23:51:19.235+0000] {processor.py:925} INFO - DAG(s) 'dbt_dag' retrieved from /opt/airflow/dags/dbtsnow.py
[2025-03-19T23:51:19.268+0000] {logging_mixin.py:190} INFO - [2025-03-19T23:51:19.268+0000] {dag.py:3239} INFO - Sync 1 DAGs
[2025-03-19T23:51:19.337+0000] {logging_mixin.py:190} INFO - [2025-03-19T23:51:19.336+0000] {dag.py:4180} INFO - Setting next_dagrun for dbt_dag to 2025-03-19 00:00:00+00:00, run_after=2025-03-20 00:00:00+00:00
[2025-03-19T23:51:19.397+0000] {processor.py:208} INFO - Processing /opt/airflow/dags/dbtsnow.py took 0.205 seconds
[2025-03-19T23:51:49.852+0000] {processor.py:186} INFO - Started process (PID=21188) to work on /opt/airflow/dags/dbtsnow.py
[2025-03-19T23:51:49.854+0000] {processor.py:914} INFO - Processing file /opt/airflow/dags/dbtsnow.py for tasks to queue
[2025-03-19T23:51:49.857+0000] {logging_mixin.py:190} INFO - [2025-03-19T23:51:49.856+0000] {dagbag.py:588} INFO - Filling up the DagBag from /opt/airflow/dags/dbtsnow.py
[2025-03-19T23:51:49.890+0000] {processor.py:925} INFO - DAG(s) 'dbt_dag' retrieved from /opt/airflow/dags/dbtsnow.py
[2025-03-19T23:51:49.920+0000] {logging_mixin.py:190} INFO - [2025-03-19T23:51:49.919+0000] {dag.py:3239} INFO - Sync 1 DAGs
[2025-03-19T23:51:49.962+0000] {logging_mixin.py:190} INFO - [2025-03-19T23:51:49.961+0000] {dag.py:4180} INFO - Setting next_dagrun for dbt_dag to 2025-03-19 00:00:00+00:00, run_after=2025-03-20 00:00:00+00:00
[2025-03-19T23:51:49.996+0000] {processor.py:208} INFO - Processing /opt/airflow/dags/dbtsnow.py took 0.156 seconds
[2025-03-19T23:52:20.713+0000] {processor.py:186} INFO - Started process (PID=21257) to work on /opt/airflow/dags/dbtsnow.py
[2025-03-19T23:52:20.715+0000] {processor.py:914} INFO - Processing file /opt/airflow/dags/dbtsnow.py for tasks to queue
[2025-03-19T23:52:20.725+0000] {logging_mixin.py:190} INFO - [2025-03-19T23:52:20.724+0000] {dagbag.py:588} INFO - Filling up the DagBag from /opt/airflow/dags/dbtsnow.py
[2025-03-19T23:52:20.771+0000] {processor.py:925} INFO - DAG(s) 'dbt_dag' retrieved from /opt/airflow/dags/dbtsnow.py
[2025-03-19T23:52:20.806+0000] {logging_mixin.py:190} INFO - [2025-03-19T23:52:20.805+0000] {dag.py:3239} INFO - Sync 1 DAGs
[2025-03-19T23:52:20.849+0000] {logging_mixin.py:190} INFO - [2025-03-19T23:52:20.849+0000] {dag.py:4180} INFO - Setting next_dagrun for dbt_dag to 2025-03-19 00:00:00+00:00, run_after=2025-03-20 00:00:00+00:00
[2025-03-19T23:52:20.883+0000] {processor.py:208} INFO - Processing /opt/airflow/dags/dbtsnow.py took 0.187 seconds
[2025-03-19T23:52:51.123+0000] {processor.py:186} INFO - Started process (PID=21327) to work on /opt/airflow/dags/dbtsnow.py
[2025-03-19T23:52:51.125+0000] {processor.py:914} INFO - Processing file /opt/airflow/dags/dbtsnow.py for tasks to queue
[2025-03-19T23:52:51.127+0000] {logging_mixin.py:190} INFO - [2025-03-19T23:52:51.126+0000] {dagbag.py:588} INFO - Filling up the DagBag from /opt/airflow/dags/dbtsnow.py
[2025-03-19T23:52:51.155+0000] {processor.py:925} INFO - DAG(s) 'dbt_dag' retrieved from /opt/airflow/dags/dbtsnow.py
[2025-03-19T23:52:51.200+0000] {logging_mixin.py:190} INFO - [2025-03-19T23:52:51.199+0000] {dag.py:3239} INFO - Sync 1 DAGs
[2025-03-19T23:52:51.286+0000] {logging_mixin.py:190} INFO - [2025-03-19T23:52:51.285+0000] {dag.py:4180} INFO - Setting next_dagrun for dbt_dag to 2025-03-19 00:00:00+00:00, run_after=2025-03-20 00:00:00+00:00
[2025-03-19T23:52:51.399+0000] {processor.py:208} INFO - Processing /opt/airflow/dags/dbtsnow.py took 0.290 seconds
[2025-03-19T23:53:22.494+0000] {processor.py:186} INFO - Started process (PID=21395) to work on /opt/airflow/dags/dbtsnow.py
[2025-03-19T23:53:22.497+0000] {processor.py:914} INFO - Processing file /opt/airflow/dags/dbtsnow.py for tasks to queue
[2025-03-19T23:53:22.500+0000] {logging_mixin.py:190} INFO - [2025-03-19T23:53:22.499+0000] {dagbag.py:588} INFO - Filling up the DagBag from /opt/airflow/dags/dbtsnow.py
[2025-03-19T23:53:22.665+0000] {processor.py:925} INFO - DAG(s) 'dbt_dag' retrieved from /opt/airflow/dags/dbtsnow.py
[2025-03-19T23:53:22.730+0000] {logging_mixin.py:190} INFO - [2025-03-19T23:53:22.729+0000] {dag.py:3239} INFO - Sync 1 DAGs
[2025-03-19T23:53:22.899+0000] {logging_mixin.py:190} INFO - [2025-03-19T23:53:22.899+0000] {dag.py:4180} INFO - Setting next_dagrun for dbt_dag to 2025-03-19 00:00:00+00:00, run_after=2025-03-20 00:00:00+00:00
[2025-03-19T23:53:23.040+0000] {processor.py:208} INFO - Processing /opt/airflow/dags/dbtsnow.py took 0.579 seconds
[2025-03-19T23:53:53.686+0000] {processor.py:186} INFO - Started process (PID=21464) to work on /opt/airflow/dags/dbtsnow.py
[2025-03-19T23:53:53.688+0000] {processor.py:914} INFO - Processing file /opt/airflow/dags/dbtsnow.py for tasks to queue
[2025-03-19T23:53:53.690+0000] {logging_mixin.py:190} INFO - [2025-03-19T23:53:53.689+0000] {dagbag.py:588} INFO - Filling up the DagBag from /opt/airflow/dags/dbtsnow.py
[2025-03-19T23:53:53.800+0000] {processor.py:925} INFO - DAG(s) 'dbt_dag' retrieved from /opt/airflow/dags/dbtsnow.py
[2025-03-19T23:53:53.886+0000] {logging_mixin.py:190} INFO - [2025-03-19T23:53:53.885+0000] {dag.py:3239} INFO - Sync 1 DAGs
[2025-03-19T23:53:53.949+0000] {logging_mixin.py:190} INFO - [2025-03-19T23:53:53.949+0000] {dag.py:4180} INFO - Setting next_dagrun for dbt_dag to 2025-03-19 00:00:00+00:00, run_after=2025-03-20 00:00:00+00:00
[2025-03-19T23:53:54.012+0000] {processor.py:208} INFO - Processing /opt/airflow/dags/dbtsnow.py took 0.337 seconds
[2025-03-19T23:54:26.190+0000] {processor.py:186} INFO - Started process (PID=21530) to work on /opt/airflow/dags/dbtsnow.py
[2025-03-19T23:54:26.430+0000] {processor.py:914} INFO - Processing file /opt/airflow/dags/dbtsnow.py for tasks to queue
[2025-03-19T23:54:26.471+0000] {logging_mixin.py:190} INFO - [2025-03-19T23:54:26.471+0000] {dagbag.py:588} INFO - Filling up the DagBag from /opt/airflow/dags/dbtsnow.py
[2025-03-19T23:54:29.102+0000] {processor.py:925} INFO - DAG(s) 'dbt_dag' retrieved from /opt/airflow/dags/dbtsnow.py
[2025-03-19T23:54:29.236+0000] {logging_mixin.py:190} INFO - [2025-03-19T23:54:29.236+0000] {dag.py:3239} INFO - Sync 1 DAGs
[2025-03-19T23:54:29.433+0000] {logging_mixin.py:190} INFO - [2025-03-19T23:54:29.433+0000] {dag.py:4180} INFO - Setting next_dagrun for dbt_dag to 2025-03-19 00:00:00+00:00, run_after=2025-03-20 00:00:00+00:00
[2025-03-19T23:54:29.581+0000] {processor.py:208} INFO - Processing /opt/airflow/dags/dbtsnow.py took 3.412 seconds
[2025-03-19T23:55:08.417+0000] {processor.py:186} INFO - Started process (PID=21597) to work on /opt/airflow/dags/dbtsnow.py
[2025-03-19T23:55:08.429+0000] {processor.py:914} INFO - Processing file /opt/airflow/dags/dbtsnow.py for tasks to queue
[2025-03-19T23:55:08.448+0000] {logging_mixin.py:190} INFO - [2025-03-19T23:55:08.447+0000] {dagbag.py:588} INFO - Filling up the DagBag from /opt/airflow/dags/dbtsnow.py
[2025-03-19T23:55:08.795+0000] {processor.py:925} INFO - DAG(s) 'dbt_dag' retrieved from /opt/airflow/dags/dbtsnow.py
[2025-03-19T23:55:08.880+0000] {logging_mixin.py:190} INFO - [2025-03-19T23:55:08.880+0000] {dag.py:3239} INFO - Sync 1 DAGs
[2025-03-19T23:55:09.044+0000] {logging_mixin.py:190} INFO - [2025-03-19T23:55:09.043+0000] {dag.py:4180} INFO - Setting next_dagrun for dbt_dag to 2025-03-19 00:00:00+00:00, run_after=2025-03-20 00:00:00+00:00
[2025-03-19T23:55:09.183+0000] {processor.py:208} INFO - Processing /opt/airflow/dags/dbtsnow.py took 0.788 seconds
[2025-03-19T23:55:39.625+0000] {processor.py:186} INFO - Started process (PID=21666) to work on /opt/airflow/dags/dbtsnow.py
[2025-03-19T23:55:39.627+0000] {processor.py:914} INFO - Processing file /opt/airflow/dags/dbtsnow.py for tasks to queue
[2025-03-19T23:55:39.630+0000] {logging_mixin.py:190} INFO - [2025-03-19T23:55:39.629+0000] {dagbag.py:588} INFO - Filling up the DagBag from /opt/airflow/dags/dbtsnow.py
[2025-03-19T23:55:39.666+0000] {processor.py:925} INFO - DAG(s) 'dbt_dag' retrieved from /opt/airflow/dags/dbtsnow.py
[2025-03-19T23:55:39.736+0000] {logging_mixin.py:190} INFO - [2025-03-19T23:55:39.736+0000] {dag.py:3239} INFO - Sync 1 DAGs
[2025-03-19T23:55:39.827+0000] {logging_mixin.py:190} INFO - [2025-03-19T23:55:39.826+0000] {dag.py:4180} INFO - Setting next_dagrun for dbt_dag to 2025-03-19 00:00:00+00:00, run_after=2025-03-20 00:00:00+00:00
[2025-03-19T23:55:39.897+0000] {processor.py:208} INFO - Processing /opt/airflow/dags/dbtsnow.py took 0.291 seconds
[2025-03-19T23:56:12.366+0000] {processor.py:186} INFO - Started process (PID=21718) to work on /opt/airflow/dags/dbtsnow.py
[2025-03-19T23:56:12.368+0000] {processor.py:914} INFO - Processing file /opt/airflow/dags/dbtsnow.py for tasks to queue
[2025-03-19T23:56:12.378+0000] {logging_mixin.py:190} INFO - [2025-03-19T23:56:12.377+0000] {dagbag.py:588} INFO - Filling up the DagBag from /opt/airflow/dags/dbtsnow.py
[2025-03-19T23:56:12.406+0000] {processor.py:925} INFO - DAG(s) 'dbt_dag' retrieved from /opt/airflow/dags/dbtsnow.py
[2025-03-19T23:56:12.431+0000] {logging_mixin.py:190} INFO - [2025-03-19T23:56:12.431+0000] {dag.py:3239} INFO - Sync 1 DAGs
[2025-03-19T23:56:12.473+0000] {logging_mixin.py:190} INFO - [2025-03-19T23:56:12.473+0000] {dag.py:4180} INFO - Setting next_dagrun for dbt_dag to 2025-03-19 00:00:00+00:00, run_after=2025-03-20 00:00:00+00:00
[2025-03-19T23:56:12.507+0000] {processor.py:208} INFO - Processing /opt/airflow/dags/dbtsnow.py took 0.161 seconds
[2025-03-19T23:56:43.275+0000] {processor.py:186} INFO - Started process (PID=21779) to work on /opt/airflow/dags/dbtsnow.py
[2025-03-19T23:56:43.277+0000] {processor.py:914} INFO - Processing file /opt/airflow/dags/dbtsnow.py for tasks to queue
[2025-03-19T23:56:43.280+0000] {logging_mixin.py:190} INFO - [2025-03-19T23:56:43.279+0000] {dagbag.py:588} INFO - Filling up the DagBag from /opt/airflow/dags/dbtsnow.py
[2025-03-19T23:56:43.312+0000] {processor.py:925} INFO - DAG(s) 'dbt_dag' retrieved from /opt/airflow/dags/dbtsnow.py
[2025-03-19T23:56:43.352+0000] {logging_mixin.py:190} INFO - [2025-03-19T23:56:43.351+0000] {dag.py:3239} INFO - Sync 1 DAGs
[2025-03-19T23:56:43.402+0000] {logging_mixin.py:190} INFO - [2025-03-19T23:56:43.401+0000] {dag.py:4180} INFO - Setting next_dagrun for dbt_dag to 2025-03-19 00:00:00+00:00, run_after=2025-03-20 00:00:00+00:00
[2025-03-19T23:56:43.479+0000] {processor.py:208} INFO - Processing /opt/airflow/dags/dbtsnow.py took 0.221 seconds
[2025-03-19T23:57:14.306+0000] {processor.py:186} INFO - Started process (PID=21840) to work on /opt/airflow/dags/dbtsnow.py
[2025-03-19T23:57:14.308+0000] {processor.py:914} INFO - Processing file /opt/airflow/dags/dbtsnow.py for tasks to queue
[2025-03-19T23:57:14.311+0000] {logging_mixin.py:190} INFO - [2025-03-19T23:57:14.310+0000] {dagbag.py:588} INFO - Filling up the DagBag from /opt/airflow/dags/dbtsnow.py
[2025-03-19T23:57:14.374+0000] {processor.py:925} INFO - DAG(s) 'dbt_dag' retrieved from /opt/airflow/dags/dbtsnow.py
[2025-03-19T23:57:14.421+0000] {logging_mixin.py:190} INFO - [2025-03-19T23:57:14.420+0000] {dag.py:3239} INFO - Sync 1 DAGs
[2025-03-19T23:57:14.579+0000] {logging_mixin.py:190} INFO - [2025-03-19T23:57:14.578+0000] {dag.py:4180} INFO - Setting next_dagrun for dbt_dag to 2025-03-19 00:00:00+00:00, run_after=2025-03-20 00:00:00+00:00
[2025-03-19T23:57:14.639+0000] {processor.py:208} INFO - Processing /opt/airflow/dags/dbtsnow.py took 0.347 seconds
[2025-03-19T23:57:45.367+0000] {processor.py:186} INFO - Started process (PID=21909) to work on /opt/airflow/dags/dbtsnow.py
[2025-03-19T23:57:45.371+0000] {processor.py:914} INFO - Processing file /opt/airflow/dags/dbtsnow.py for tasks to queue
[2025-03-19T23:57:45.373+0000] {logging_mixin.py:190} INFO - [2025-03-19T23:57:45.373+0000] {dagbag.py:588} INFO - Filling up the DagBag from /opt/airflow/dags/dbtsnow.py
[2025-03-19T23:57:45.427+0000] {processor.py:925} INFO - DAG(s) 'dbt_dag' retrieved from /opt/airflow/dags/dbtsnow.py
[2025-03-19T23:57:45.484+0000] {logging_mixin.py:190} INFO - [2025-03-19T23:57:45.484+0000] {dag.py:3239} INFO - Sync 1 DAGs
[2025-03-19T23:57:45.604+0000] {logging_mixin.py:190} INFO - [2025-03-19T23:57:45.603+0000] {dag.py:4180} INFO - Setting next_dagrun for dbt_dag to 2025-03-19 00:00:00+00:00, run_after=2025-03-20 00:00:00+00:00
[2025-03-19T23:57:45.778+0000] {processor.py:208} INFO - Processing /opt/airflow/dags/dbtsnow.py took 0.423 seconds
[2025-03-19T23:58:15.966+0000] {processor.py:186} INFO - Started process (PID=21978) to work on /opt/airflow/dags/dbtsnow.py
[2025-03-19T23:58:15.968+0000] {processor.py:914} INFO - Processing file /opt/airflow/dags/dbtsnow.py for tasks to queue
[2025-03-19T23:58:15.969+0000] {logging_mixin.py:190} INFO - [2025-03-19T23:58:15.969+0000] {dagbag.py:588} INFO - Filling up the DagBag from /opt/airflow/dags/dbtsnow.py
[2025-03-19T23:58:15.987+0000] {processor.py:925} INFO - DAG(s) 'dbt_dag' retrieved from /opt/airflow/dags/dbtsnow.py
[2025-03-19T23:58:16.009+0000] {logging_mixin.py:190} INFO - [2025-03-19T23:58:16.008+0000] {dag.py:3239} INFO - Sync 1 DAGs
[2025-03-19T23:58:16.040+0000] {logging_mixin.py:190} INFO - [2025-03-19T23:58:16.040+0000] {dag.py:4180} INFO - Setting next_dagrun for dbt_dag to 2025-03-19 00:00:00+00:00, run_after=2025-03-20 00:00:00+00:00
[2025-03-19T23:58:16.060+0000] {processor.py:208} INFO - Processing /opt/airflow/dags/dbtsnow.py took 0.103 seconds
[2025-03-19T23:58:46.278+0000] {processor.py:186} INFO - Started process (PID=22044) to work on /opt/airflow/dags/dbtsnow.py
[2025-03-19T23:58:46.288+0000] {processor.py:914} INFO - Processing file /opt/airflow/dags/dbtsnow.py for tasks to queue
[2025-03-19T23:58:46.293+0000] {logging_mixin.py:190} INFO - [2025-03-19T23:58:46.292+0000] {dagbag.py:588} INFO - Filling up the DagBag from /opt/airflow/dags/dbtsnow.py
[2025-03-19T23:58:46.340+0000] {processor.py:925} INFO - DAG(s) 'dbt_dag' retrieved from /opt/airflow/dags/dbtsnow.py
[2025-03-19T23:58:46.389+0000] {logging_mixin.py:190} INFO - [2025-03-19T23:58:46.388+0000] {dag.py:3239} INFO - Sync 1 DAGs
[2025-03-19T23:58:46.443+0000] {logging_mixin.py:190} INFO - [2025-03-19T23:58:46.443+0000] {dag.py:4180} INFO - Setting next_dagrun for dbt_dag to 2025-03-19 00:00:00+00:00, run_after=2025-03-20 00:00:00+00:00
[2025-03-19T23:58:46.551+0000] {processor.py:208} INFO - Processing /opt/airflow/dags/dbtsnow.py took 0.301 seconds
[2025-03-19T23:59:21.146+0000] {processor.py:186} INFO - Started process (PID=22111) to work on /opt/airflow/dags/dbtsnow.py
[2025-03-19T23:59:21.148+0000] {processor.py:914} INFO - Processing file /opt/airflow/dags/dbtsnow.py for tasks to queue
[2025-03-19T23:59:21.151+0000] {logging_mixin.py:190} INFO - [2025-03-19T23:59:21.150+0000] {dagbag.py:588} INFO - Filling up the DagBag from /opt/airflow/dags/dbtsnow.py
[2025-03-19T23:59:21.203+0000] {processor.py:925} INFO - DAG(s) 'dbt_dag' retrieved from /opt/airflow/dags/dbtsnow.py
[2025-03-19T23:59:21.263+0000] {logging_mixin.py:190} INFO - [2025-03-19T23:59:21.262+0000] {dag.py:3239} INFO - Sync 1 DAGs
[2025-03-19T23:59:21.384+0000] {logging_mixin.py:190} INFO - [2025-03-19T23:59:21.384+0000] {dag.py:4180} INFO - Setting next_dagrun for dbt_dag to 2025-03-19 00:00:00+00:00, run_after=2025-03-20 00:00:00+00:00
[2025-03-19T23:59:21.516+0000] {processor.py:208} INFO - Processing /opt/airflow/dags/dbtsnow.py took 0.392 seconds
[2025-03-19T23:59:52.889+0000] {processor.py:186} INFO - Started process (PID=22164) to work on /opt/airflow/dags/dbtsnow.py
[2025-03-19T23:59:52.896+0000] {processor.py:914} INFO - Processing file /opt/airflow/dags/dbtsnow.py for tasks to queue
[2025-03-19T23:59:52.935+0000] {logging_mixin.py:190} INFO - [2025-03-19T23:59:52.934+0000] {dagbag.py:588} INFO - Filling up the DagBag from /opt/airflow/dags/dbtsnow.py
[2025-03-19T23:59:53.416+0000] {processor.py:925} INFO - DAG(s) 'dbt_dag' retrieved from /opt/airflow/dags/dbtsnow.py
[2025-03-19T23:59:53.498+0000] {logging_mixin.py:190} INFO - [2025-03-19T23:59:53.497+0000] {dag.py:3239} INFO - Sync 1 DAGs
[2025-03-19T23:59:53.649+0000] {logging_mixin.py:190} INFO - [2025-03-19T23:59:53.649+0000] {dag.py:4180} INFO - Setting next_dagrun for dbt_dag to 2025-03-19 00:00:00+00:00, run_after=2025-03-20 00:00:00+00:00
[2025-03-19T23:59:53.881+0000] {processor.py:208} INFO - Processing /opt/airflow/dags/dbtsnow.py took 1.018 seconds
