[2025-03-19T23:42:22.181+0000] {local_task_job_runner.py:123} INFO - ::group::Pre task execution logs
[2025-03-19T23:42:23.037+0000] {taskinstance.py:2614} INFO - Dependencies all met for dep_context=non-requeueable deps ti=<TaskInstance: dbt_dag.run_dbt_task scheduled__2025-03-18T00:00:00+00:00 [queued]>
[2025-03-19T23:42:23.111+0000] {taskinstance.py:2614} INFO - Dependencies all met for dep_context=requeueable deps ti=<TaskInstance: dbt_dag.run_dbt_task scheduled__2025-03-18T00:00:00+00:00 [queued]>
[2025-03-19T23:42:23.150+0000] {taskinstance.py:2867} INFO - Starting attempt 1 of 1
[2025-03-19T23:42:23.259+0000] {taskinstance.py:2890} INFO - Executing <Task(PythonOperator): run_dbt_task> on 2025-03-18 00:00:00+00:00
[2025-03-19T23:42:23.305+0000] {standard_task_runner.py:104} INFO - Running: ['***', 'tasks', 'run', 'dbt_dag', 'run_dbt_task', 'scheduled__2025-03-18T00:00:00+00:00', '--job-id', '6', '--raw', '--subdir', 'DAGS_FOLDER/dbtsnow.py', '--cfg-path', '/tmp/tmp_hgzchxk']
[2025-03-19T23:42:23.296+0000] {warnings.py:112} WARNING - /home/***/.local/lib/python3.12/site-packages/***/task/task_runner/standard_task_runner.py:70: DeprecationWarning: This process (pid=2028) is multi-threaded, use of fork() may lead to deadlocks in the child.
  pid = os.fork()

[2025-03-19T23:42:23.328+0000] {standard_task_runner.py:72} INFO - Started process 2038 to run task
[2025-03-19T23:42:23.314+0000] {standard_task_runner.py:105} INFO - Job 6: Subtask run_dbt_task
[2025-03-19T23:42:23.691+0000] {task_command.py:467} INFO - Running <TaskInstance: dbt_dag.run_dbt_task scheduled__2025-03-18T00:00:00+00:00 [running]> on host ba56501159e9
[2025-03-19T23:42:24.491+0000] {taskinstance.py:3134} INFO - Exporting env vars: AIRFLOW_CTX_DAG_OWNER='***' AIRFLOW_CTX_DAG_ID='dbt_dag' AIRFLOW_CTX_TASK_ID='run_dbt_task' AIRFLOW_CTX_EXECUTION_DATE='2025-03-18T00:00:00+00:00' AIRFLOW_CTX_TRY_NUMBER='1' AIRFLOW_CTX_DAG_RUN_ID='scheduled__2025-03-18T00:00:00+00:00'
[2025-03-19T23:42:24.513+0000] {logging_mixin.py:190} INFO - Task instance is in running state
[2025-03-19T23:42:24.514+0000] {logging_mixin.py:190} INFO -  Previous state of the Task instance: queued
[2025-03-19T23:42:24.515+0000] {logging_mixin.py:190} INFO - Current task name:run_dbt_task state:running start_date:2025-03-19 23:42:23.042211+00:00
[2025-03-19T23:42:24.515+0000] {logging_mixin.py:190} INFO - Dag name:dbt_dag and current dag run status:running
[2025-03-19T23:42:24.516+0000] {taskinstance.py:732} INFO - ::endgroup::
[2025-03-19T23:42:24.544+0000] {python.py:240} INFO - Done. Returned value was: None
[2025-03-19T23:42:24.659+0000] {taskinstance.py:341} INFO - ::group::Post task execution logs
[2025-03-19T23:42:24.676+0000] {taskinstance.py:353} INFO - Marking task as SUCCESS. dag_id=dbt_dag, task_id=run_dbt_task, run_id=scheduled__2025-03-18T00:00:00+00:00, execution_date=20250318T000000, start_date=20250319T234223, end_date=20250319T234224
[2025-03-19T23:42:24.916+0000] {logging_mixin.py:190} INFO - Task instance in success state
[2025-03-19T23:42:24.939+0000] {logging_mixin.py:190} INFO -  Previous state of the Task instance: running
[2025-03-19T23:42:24.955+0000] {logging_mixin.py:190} INFO - Dag name:dbt_dag queued_at:2025-03-19 23:41:50.038207+00:00
[2025-03-19T23:42:24.987+0000] {logging_mixin.py:190} INFO - Task hostname:ba56501159e9 operator:PythonOperator
[2025-03-19T23:42:25.123+0000] {local_task_job_runner.py:266} INFO - Task exited with return code 0
[2025-03-19T23:42:25.210+0000] {taskinstance.py:3901} INFO - 0 downstream tasks scheduled from follow-on schedule check
[2025-03-19T23:42:25.243+0000] {local_task_job_runner.py:245} INFO - ::endgroup::
