[2025-03-21T00:00:23.570+0000] {local_task_job_runner.py:123} INFO - ::group::Pre task execution logs
[2025-03-21T00:00:23.792+0000] {taskinstance.py:2614} INFO - Dependencies all met for dep_context=non-requeueable deps ti=<TaskInstance: dbt_dag.run_dbt_task scheduled__2025-03-20T00:00:00+00:00 [queued]>
[2025-03-21T00:00:23.930+0000] {taskinstance.py:2614} INFO - Dependencies all met for dep_context=requeueable deps ti=<TaskInstance: dbt_dag.run_dbt_task scheduled__2025-03-20T00:00:00+00:00 [queued]>
[2025-03-21T00:00:24.000+0000] {taskinstance.py:2867} INFO - Starting attempt 1 of 1
[2025-03-21T00:00:24.172+0000] {taskinstance.py:2890} INFO - Executing <Task(PythonOperator): run_dbt_task> on 2025-03-20 00:00:00+00:00
[2025-03-21T00:00:24.208+0000] {warnings.py:112} WARNING - /home/***/.local/lib/python3.12/site-packages/***/task/task_runner/standard_task_runner.py:70: DeprecationWarning: This process (pid=6877) is multi-threaded, use of fork() may lead to deadlocks in the child.
  pid = os.fork()

[2025-03-21T00:00:24.222+0000] {standard_task_runner.py:72} INFO - Started process 6886 to run task
[2025-03-21T00:00:24.240+0000] {standard_task_runner.py:104} INFO - Running: ['***', 'tasks', 'run', 'dbt_dag', 'run_dbt_task', 'scheduled__2025-03-20T00:00:00+00:00', '--job-id', '8', '--raw', '--subdir', 'DAGS_FOLDER/dbtsnow.py', '--cfg-path', '/tmp/tmpdd0ec6hx']
[2025-03-21T00:00:24.244+0000] {standard_task_runner.py:105} INFO - Job 8: Subtask run_dbt_task
[2025-03-21T00:00:24.624+0000] {task_command.py:467} INFO - Running <TaskInstance: dbt_dag.run_dbt_task scheduled__2025-03-20T00:00:00+00:00 [running]> on host ba56501159e9
[2025-03-21T00:00:25.324+0000] {taskinstance.py:3134} INFO - Exporting env vars: AIRFLOW_CTX_DAG_OWNER='***' AIRFLOW_CTX_DAG_ID='dbt_dag' AIRFLOW_CTX_TASK_ID='run_dbt_task' AIRFLOW_CTX_EXECUTION_DATE='2025-03-20T00:00:00+00:00' AIRFLOW_CTX_TRY_NUMBER='1' AIRFLOW_CTX_DAG_RUN_ID='scheduled__2025-03-20T00:00:00+00:00'
[2025-03-21T00:00:25.357+0000] {logging_mixin.py:190} INFO - Task instance is in running state
[2025-03-21T00:00:25.378+0000] {logging_mixin.py:190} INFO -  Previous state of the Task instance: queued
[2025-03-21T00:00:25.411+0000] {logging_mixin.py:190} INFO - Current task name:run_dbt_task state:running start_date:2025-03-21 00:00:23.859266+00:00
[2025-03-21T00:00:25.427+0000] {logging_mixin.py:190} INFO - Dag name:dbt_dag and current dag run status:running
[2025-03-21T00:00:25.443+0000] {taskinstance.py:732} INFO - ::endgroup::
[2025-03-21T00:00:25.465+0000] {python.py:240} INFO - Done. Returned value was: None
[2025-03-21T00:00:25.535+0000] {taskinstance.py:341} INFO - ::group::Post task execution logs
[2025-03-21T00:00:25.540+0000] {taskinstance.py:353} INFO - Marking task as SUCCESS. dag_id=dbt_dag, task_id=run_dbt_task, run_id=scheduled__2025-03-20T00:00:00+00:00, execution_date=20250320T000000, start_date=20250321T000023, end_date=20250321T000025
[2025-03-21T00:00:25.673+0000] {logging_mixin.py:190} INFO - Task instance in success state
[2025-03-21T00:00:25.720+0000] {logging_mixin.py:190} INFO -  Previous state of the Task instance: running
[2025-03-21T00:00:25.737+0000] {logging_mixin.py:190} INFO - Dag name:dbt_dag queued_at:2025-03-21 00:00:00.118391+00:00
[2025-03-21T00:00:25.752+0000] {logging_mixin.py:190} INFO - Task hostname:ba56501159e9 operator:PythonOperator
[2025-03-21T00:00:25.836+0000] {local_task_job_runner.py:266} INFO - Task exited with return code 0
[2025-03-21T00:00:25.952+0000] {taskinstance.py:3901} INFO - 0 downstream tasks scheduled from follow-on schedule check
[2025-03-21T00:00:26.025+0000] {local_task_job_runner.py:245} INFO - ::endgroup::
